#-----------------------------------------------------------
# xsim v2020.2 (64-bit)
# SW Build 3064766 on Wed Nov 18 09:12:45 MST 2020
# IP Build 3064653 on Wed Nov 18 14:17:31 MST 2020
# Start of session at: Wed Apr 29 02:02:43 2026
# Process ID: 12120
# Current directory: C:/kalman/kalman/kalman_hls/solution1/sim/verilog
# Command line: xsim.exe -mode tcl -source {xsim.dir/kalman_hw_update/xsim_script.tcl}
# Log file: C:/kalman/kalman/kalman_hls/solution1/sim/verilog/xsim.log
# Journal file: C:/kalman/kalman/kalman_hls/solution1/sim/verilog\xsim.jou
#-----------------------------------------------------------
source xsim.dir/kalman_hw_update/xsim_script.tcl
# xsim {kalman_hw_update} -autoloadwcfg -tclbatch {kalman_hw_update.tcl}
Vivado Simulator 2020.2
Time resolution is 1 ps
source kalman_hw_update.tcl
## run all
////////////////////////////////////////////////////////////////////////////////////
// Inter-Transaction Progress: Completed Transaction / Total Transaction
// Intra-Transaction Progress: Measured Latency / Latency Estimation * 100%
//
// RTL Simulation : "Inter-Transaction Progress" ["Intra-Transaction Progress"] @ "Simulation Time"
////////////////////////////////////////////////////////////////////////////////////
// RTL Simulation : 0 / 10 [0.00%] @ "125000"
// RTL Simulation : 1 / 10 [1.76%] @ "4115000"
// RTL Simulation : 2 / 10 [3.36%] @ "7645000"
// RTL Simulation : 3 / 10 [3.36%] @ "11165000"
// RTL Simulation : 4 / 10 [3.36%] @ "14685000"
// RTL Simulation : 5 / 10 [3.36%] @ "18205000"
// RTL Simulation : 6 / 10 [3.36%] @ "21725000"
// RTL Simulation : 7 / 10 [3.36%] @ "25245000"
// RTL Simulation : 8 / 10 [3.36%] @ "28765000"
// RTL Simulation : 9 / 10 [3.36%] @ "32285000"
// RTL Simulation : 10 / 10 [100.00%] @ "35805000"
////////////////////////////////////////////////////////////////////////////////////
$finish called at time : 35845 ns : File "C:/kalman/kalman/kalman_hls/solution1/sim/verilog/kalman_hw_update.autotb.v" Line 283
## quit
INFO: [Common 17-206] Exiting xsim at Wed Apr 29 02:02:48 2026...
