#-----------------------------------------------------------
# xsim v2020.2 (64-bit)
# SW Build 3064766 on Wed Nov 18 09:12:45 MST 2020
# IP Build 3064653 on Wed Nov 18 14:17:31 MST 2020
# Start of session at: Wed May  6 18:39:25 2026
# Process ID: 8636
# Current directory: C:/Users/HP/OneDrive/Desktop/BTP_RND/RND/optimization/kalman_final1/kalman/kalman_hls/solution1/sim/verilog
# Command line: xsim.exe -mode tcl -source {xsim.dir/kalman_hw_update/xsim_script.tcl}
# Log file: C:/Users/HP/OneDrive/Desktop/BTP_RND/RND/optimization/kalman_final1/kalman/kalman_hls/solution1/sim/verilog/xsim.log
# Journal file: C:/Users/HP/OneDrive/Desktop/BTP_RND/RND/optimization/kalman_final1/kalman/kalman_hls/solution1/sim/verilog\xsim.jou
#-----------------------------------------------------------
source xsim.dir/kalman_hw_update/xsim_script.tcl
# xsim {kalman_hw_update} -view {{kalman_hw_update_dataflow_ana.wcfg}} -tclbatch {kalman_hw_update.tcl} -protoinst {kalman_hw_update.protoinst}
Vivado Simulator 2020.2
INFO: [Wavedata 42-565] Reading protoinst file kalman_hw_update.protoinst
INFO: [Wavedata 42-564]   Found protocol instance at /apatb_kalman_hw_update_top/AESL_inst_kalman_hw_update//AESL_inst_kalman_hw_update_activity
INFO: [Wavedata 42-564]   Found protocol instance at /apatb_kalman_hw_update_top/AESL_inst_kalman_hw_update/grp_init_kalman_filter_fu_885/grp_init_kalman_filter_fu_885_activity
Time resolution is 1 ps
open_wave_config kalman_hw_update_dataflow_ana.wcfg
source kalman_hw_update.tcl
## log_wave -r /
WARNING: [Simtcl 6-197] One or more HDL objects could not be logged because of object type or size limitations.  To see details please rerun the command with -verbose (-v).
## set designtopgroup [add_wave_group "Design Top Signals"]
## set cinoutgroup [add_wave_group "C InOuts" -into $designtopgroup]
## set obs_pos__est_pos__est_vel__return_group [add_wave_group obs_pos__est_pos__est_vel__return(axi_slave) -into $cinoutgroup]
## add_wave /apatb_kalman_hw_update_top/AESL_inst_kalman_hw_update/interrupt -into $obs_pos__est_pos__est_vel__return_group -color #ffff00 -radix hex
## add_wave /apatb_kalman_hw_update_top/AESL_inst_kalman_hw_update/s_axi_CTRL_BRESP -into $obs_pos__est_pos__est_vel__return_group -radix hex
## add_wave /apatb_kalman_hw_update_top/AESL_inst_kalman_hw_update/s_axi_CTRL_BREADY -into $obs_pos__est_pos__est_vel__return_group -color #ffff00 -radix hex
## add_wave /apatb_kalman_hw_update_top/AESL_inst_kalman_hw_update/s_axi_CTRL_BVALID -into $obs_pos__est_pos__est_vel__return_group -color #ffff00 -radix hex
## add_wave /apatb_kalman_hw_update_top/AESL_inst_kalman_hw_update/s_axi_CTRL_RRESP -into $obs_pos__est_pos__est_vel__return_group -radix hex
## add_wave /apatb_kalman_hw_update_top/AESL_inst_kalman_hw_update/s_axi_CTRL_RDATA -into $obs_pos__est_pos__est_vel__return_group -radix hex
## add_wave /apatb_kalman_hw_update_top/AESL_inst_kalman_hw_update/s_axi_CTRL_RREADY -into $obs_pos__est_pos__est_vel__return_group -color #ffff00 -radix hex
## add_wave /apatb_kalman_hw_update_top/AESL_inst_kalman_hw_update/s_axi_CTRL_RVALID -into $obs_pos__est_pos__est_vel__return_group -color #ffff00 -radix hex
## add_wave /apatb_kalman_hw_update_top/AESL_inst_kalman_hw_update/s_axi_CTRL_ARREADY -into $obs_pos__est_pos__est_vel__return_group -color #ffff00 -radix hex
## add_wave /apatb_kalman_hw_update_top/AESL_inst_kalman_hw_update/s_axi_CTRL_ARVALID -into $obs_pos__est_pos__est_vel__return_group -color #ffff00 -radix hex
## add_wave /apatb_kalman_hw_update_top/AESL_inst_kalman_hw_update/s_axi_CTRL_ARADDR -into $obs_pos__est_pos__est_vel__return_group -radix hex
## add_wave /apatb_kalman_hw_update_top/AESL_inst_kalman_hw_update/s_axi_CTRL_WSTRB -into $obs_pos__est_pos__est_vel__return_group -radix hex
## add_wave /apatb_kalman_hw_update_top/AESL_inst_kalman_hw_update/s_axi_CTRL_WDATA -into $obs_pos__est_pos__est_vel__return_group -radix hex
## add_wave /apatb_kalman_hw_update_top/AESL_inst_kalman_hw_update/s_axi_CTRL_WREADY -into $obs_pos__est_pos__est_vel__return_group -color #ffff00 -radix hex
## add_wave /apatb_kalman_hw_update_top/AESL_inst_kalman_hw_update/s_axi_CTRL_WVALID -into $obs_pos__est_pos__est_vel__return_group -color #ffff00 -radix hex
## add_wave /apatb_kalman_hw_update_top/AESL_inst_kalman_hw_update/s_axi_CTRL_AWREADY -into $obs_pos__est_pos__est_vel__return_group -color #ffff00 -radix hex
## add_wave /apatb_kalman_hw_update_top/AESL_inst_kalman_hw_update/s_axi_CTRL_AWVALID -into $obs_pos__est_pos__est_vel__return_group -color #ffff00 -radix hex
## add_wave /apatb_kalman_hw_update_top/AESL_inst_kalman_hw_update/s_axi_CTRL_AWADDR -into $obs_pos__est_pos__est_vel__return_group -radix hex
## set blocksiggroup [add_wave_group "Block-level IO Handshake(internal)" -into $designtopgroup]
## add_wave /apatb_kalman_hw_update_top/AESL_inst_kalman_hw_update/ap_done -into $blocksiggroup
## add_wave /apatb_kalman_hw_update_top/AESL_inst_kalman_hw_update/ap_idle -into $blocksiggroup
## add_wave /apatb_kalman_hw_update_top/AESL_inst_kalman_hw_update/ap_ready -into $blocksiggroup
## add_wave /apatb_kalman_hw_update_top/AESL_inst_kalman_hw_update/ap_start -into $blocksiggroup
## set resetgroup [add_wave_group "Reset" -into $designtopgroup]
## add_wave /apatb_kalman_hw_update_top/AESL_inst_kalman_hw_update/ap_rst_n -into $resetgroup
## set clockgroup [add_wave_group "Clock" -into $designtopgroup]
## add_wave /apatb_kalman_hw_update_top/AESL_inst_kalman_hw_update/ap_clk -into $clockgroup
## set testbenchgroup [add_wave_group "Test Bench Signals"]
## set tbinternalsiggroup [add_wave_group "Internal Signals" -into $testbenchgroup]
## set tb_simstatus_group [add_wave_group "Simulation Status" -into $tbinternalsiggroup]
## set tb_portdepth_group [add_wave_group "Port Depth" -into $tbinternalsiggroup]
## add_wave /apatb_kalman_hw_update_top/AUTOTB_TRANSACTION_NUM -into $tb_simstatus_group -radix hex
## add_wave /apatb_kalman_hw_update_top/ready_cnt -into $tb_simstatus_group -radix hex
## add_wave /apatb_kalman_hw_update_top/done_cnt -into $tb_simstatus_group -radix hex
## add_wave /apatb_kalman_hw_update_top/LENGTH_obs_pos -into $tb_portdepth_group -radix hex
## add_wave /apatb_kalman_hw_update_top/LENGTH_est_pos -into $tb_portdepth_group -radix hex
## add_wave /apatb_kalman_hw_update_top/LENGTH_est_vel -into $tb_portdepth_group -radix hex
## set tbcinoutgroup [add_wave_group "C InOuts" -into $testbenchgroup]
## set tb_obs_pos__est_pos__est_vel__return_group [add_wave_group obs_pos__est_pos__est_vel__return(axi_slave) -into $tbcinoutgroup]
## add_wave /apatb_kalman_hw_update_top/CTRL_INTERRUPT -into $tb_obs_pos__est_pos__est_vel__return_group -color #ffff00 -radix hex
## add_wave /apatb_kalman_hw_update_top/CTRL_BRESP -into $tb_obs_pos__est_pos__est_vel__return_group -radix hex
## add_wave /apatb_kalman_hw_update_top/CTRL_BREADY -into $tb_obs_pos__est_pos__est_vel__return_group -color #ffff00 -radix hex
## add_wave /apatb_kalman_hw_update_top/CTRL_BVALID -into $tb_obs_pos__est_pos__est_vel__return_group -color #ffff00 -radix hex
## add_wave /apatb_kalman_hw_update_top/CTRL_RRESP -into $tb_obs_pos__est_pos__est_vel__return_group -radix hex
## add_wave /apatb_kalman_hw_update_top/CTRL_RDATA -into $tb_obs_pos__est_pos__est_vel__return_group -radix hex
## add_wave /apatb_kalman_hw_update_top/CTRL_RREADY -into $tb_obs_pos__est_pos__est_vel__return_group -color #ffff00 -radix hex
## add_wave /apatb_kalman_hw_update_top/CTRL_RVALID -into $tb_obs_pos__est_pos__est_vel__return_group -color #ffff00 -radix hex
## add_wave /apatb_kalman_hw_update_top/CTRL_ARREADY -into $tb_obs_pos__est_pos__est_vel__return_group -color #ffff00 -radix hex
## add_wave /apatb_kalman_hw_update_top/CTRL_ARVALID -into $tb_obs_pos__est_pos__est_vel__return_group -color #ffff00 -radix hex
## add_wave /apatb_kalman_hw_update_top/CTRL_ARADDR -into $tb_obs_pos__est_pos__est_vel__return_group -radix hex
## add_wave /apatb_kalman_hw_update_top/CTRL_WSTRB -into $tb_obs_pos__est_pos__est_vel__return_group -radix hex
## add_wave /apatb_kalman_hw_update_top/CTRL_WDATA -into $tb_obs_pos__est_pos__est_vel__return_group -radix hex
## add_wave /apatb_kalman_hw_update_top/CTRL_WREADY -into $tb_obs_pos__est_pos__est_vel__return_group -color #ffff00 -radix hex
## add_wave /apatb_kalman_hw_update_top/CTRL_WVALID -into $tb_obs_pos__est_pos__est_vel__return_group -color #ffff00 -radix hex
## add_wave /apatb_kalman_hw_update_top/CTRL_AWREADY -into $tb_obs_pos__est_pos__est_vel__return_group -color #ffff00 -radix hex
## add_wave /apatb_kalman_hw_update_top/CTRL_AWVALID -into $tb_obs_pos__est_pos__est_vel__return_group -color #ffff00 -radix hex
## add_wave /apatb_kalman_hw_update_top/CTRL_AWADDR -into $tb_obs_pos__est_pos__est_vel__return_group -radix hex
## save_wave_config kalman_hw_update.wcfg
## run all
////////////////////////////////////////////////////////////////////////////////////
// Inter-Transaction Progress: Completed Transaction / Total Transaction
// Intra-Transaction Progress: Measured Latency / Latency Estimation * 100%
//
// RTL Simulation : "Inter-Transaction Progress" ["Intra-Transaction Progress"] @ "Simulation Time"
////////////////////////////////////////////////////////////////////////////////////
// RTL Simulation : 0 / 10 [0.00%] @ "125000"
// RTL Simulation : 1 / 10 [0.00%] @ "1675000"
// RTL Simulation : 2 / 10 [0.00%] @ "3245000"
// RTL Simulation : 3 / 10 [0.00%] @ "4815000"
// RTL Simulation : 4 / 10 [0.00%] @ "6385000"
// RTL Simulation : 5 / 10 [0.00%] @ "7955000"
// RTL Simulation : 6 / 10 [0.00%] @ "9525000"
// RTL Simulation : 7 / 10 [0.00%] @ "11095000"
// RTL Simulation : 8 / 10 [0.00%] @ "12665000"
// RTL Simulation : 9 / 10 [0.00%] @ "14235000"
// RTL Simulation : 10 / 10 [100.00%] @ "15805000"
////////////////////////////////////////////////////////////////////////////////////
$finish called at time : 15845 ns : File "C:/Users/HP/OneDrive/Desktop/BTP_RND/RND/optimization/kalman_final1/kalman/kalman_hls/solution1/sim/verilog/kalman_hw_update.autotb.v" Line 283
## quit
INFO: [Common 17-206] Exiting xsim at Wed May  6 18:39:31 2026...
