

================================================================
== Vitis HLS Report for 'estimate'
================================================================
* Date:           Wed Apr 29 02:01:19 2026

* Version:        2020.2 (Build 3064766 on Wed Nov 18 09:12:45 MST 2020)
* Project:        kalman_hls
* Solution:       solution1 (Vivado IP Flow Target)
* Product family: virtexuplus
* Target device:  xcvu11p-flga2577-1-e


================================================================
== Performance Estimates
================================================================
+ Timing: 
    * Summary: 
    +--------+----------+----------+------------+
    |  Clock |  Target  | Estimated| Uncertainty|
    +--------+----------+----------+------------+
    |ap_clk  |  10.00 ns|  6.642 ns|     2.70 ns|
    +--------+----------+----------+------------+

+ Latency: 
    * Summary: 
    +---------+---------+----------+----------+-----+-----+---------+
    |  Latency (cycles) |  Latency (absolute) |  Interval | Pipeline|
    |   min   |   max   |    min   |    max   | min | max |   Type  |
    +---------+---------+----------+----------+-----+-----+---------+
    |       65|      470|  0.650 us|  4.700 us|   65|  470|     none|
    +---------+---------+----------+----------+-----+-----+---------+

    + Detail: 
        * Instance: 
        N/A

        * Loop: 
        +-----------------------+---------+---------+----------+-----------+-----------+-------+----------+
        |                       |  Latency (cycles) | Iteration|  Initiation Interval  |  Trip |          |
        |       Loop Name       |   min   |   max   |  Latency |  achieved |   target  | Count | Pipelined|
        +-----------------------+---------+---------+----------+-----------+-----------+-------+----------+
        |- VITIS_LOOP_93_1      |        4|       12|     4 ~ 6|          -|          -|  1 ~ 2|        no|
        | + VITIS_LOOP_95_2     |        2|        4|         2|          -|          -|  1 ~ 2|        no|
        |- VITIS_LOOP_136_1     |        4|       28|    4 ~ 14|          -|          -|  1 ~ 2|        no|
        | + VITIS_LOOP_138_2    |        2|       12|     2 ~ 6|          -|          -|  1 ~ 2|        no|
        |  ++ VITIS_LOOP_141_3  |        2|        4|         2|          -|          -|  1 ~ 2|        no|
        |- VITIS_LOOP_80_1      |        4|       12|     4 ~ 6|          -|          -|  1 ~ 2|        no|
        | + VITIS_LOOP_82_2     |        2|        4|         2|          -|          -|  1 ~ 2|        no|
        |- VITIS_LOOP_80_1      |        4|       12|     4 ~ 6|          -|          -|  1 ~ 2|        no|
        | + VITIS_LOOP_82_2     |        2|        4|         2|          -|          -|  1 ~ 2|        no|
        |- VITIS_LOOP_103_1     |        4|       12|     4 ~ 6|          -|          -|  1 ~ 2|        no|
        | + VITIS_LOOP_105_2    |        2|        4|         2|          -|          -|  1 ~ 2|        no|
        +-----------------------+---------+---------+----------+-----------+-----------+-------+----------+

============================================================
+ Verbose Summary: Synthesis Manager
============================================================
InlineROM: 1
ExposeGlobal: 0
============================================================
+ Verbose Summary: CDFG Model
============================================================
IsTopModel: 0
ResetActiveHigh: 1
IsCombinational: 0
IsDatapathOnly: 0
HasWiredReturn: 1
HasMFsm: 0
HasVarLatency: 1
IsPipeline: 0
IsRtlPipelined: 0
IsInstanceOverlapped: 0
IsDontTouch: 0
HasImplIP: 0
IsGatedGlobalClock: 0


============================================================
+ Verbose Summary: Schedule
============================================================
* Number of FSM states : 26
* Pipeline : 0
* Dataflow Pipeline: 0

* FSM state transitions: 
1 --> 2 
2 --> 3 
3 --> 4 6 
4 --> 5 3 
5 --> 4 
6 --> 10 7 
7 --> 8 6 
8 --> 9 7 
9 --> 8 
10 --> 11 
11 --> 14 12 
12 --> 13 11 
13 --> 12 
14 --> 15 
15 --> 16 
16 --> 17 
17 --> 18 
18 --> 19 
19 --> 22 20 
20 --> 21 19 
21 --> 20 
22 --> 23 
23 --> 26 24 
24 --> 25 23 
25 --> 24 
26 --> 

* FSM state operations: 

State 1 <SV = 0> <Delay = 0.80>
ST_1 : Operation 27 [1/1] (0.00ns)   --->   "%hw_filter_observation_model_rows_load = load i32 %hw_filter_observation_model_rows" [kalman.cpp:104]   --->   Operation 27 'load' 'hw_filter_observation_model_rows_load' <Predicate = true> <Delay = 0.00>
ST_1 : Operation 28 [1/1] (0.00ns)   --->   "%hw_filter_observation_model_cols_load = load i32 %hw_filter_observation_model_cols" [kalman.cpp:104]   --->   Operation 28 'load' 'hw_filter_observation_model_cols_load' <Predicate = true> <Delay = 0.00>
ST_1 : Operation 29 [1/1] (0.00ns)   --->   "%hw_filter_predicted_state_cols_load = load i32 %hw_filter_predicted_state_cols" [kalman.cpp:104]   --->   Operation 29 'load' 'hw_filter_predicted_state_cols_load' <Predicate = true> <Delay = 0.00>
ST_1 : Operation 30 [2/2] (0.80ns)   --->   "%empty = call i64 @multiply_matrix, i32 %hw_filter_observation_model_rows_load, i32 %hw_filter_observation_model_cols_load, i32 %hw_filter_observation_model_data_V, i32 %hw_filter_predicted_state_cols_load, i32 %hw_filter_predicted_state_data_V, i32 %hw_filter_innovation_data_V" [kalman.cpp:104]   --->   Operation 30 'call' 'empty' <Predicate = true> <Delay = 0.80> <CoreType = "Generic">   --->   Core 0 '' <Latency = 0> <II = 1> <Delay = 1.00> <Generic> <Opcode : >

State 2 <SV = 1> <Delay = 0.46>
ST_2 : Operation 31 [1/2] (0.00ns)   --->   "%empty = call i64 @multiply_matrix, i32 %hw_filter_observation_model_rows_load, i32 %hw_filter_observation_model_cols_load, i32 %hw_filter_observation_model_data_V, i32 %hw_filter_predicted_state_cols_load, i32 %hw_filter_predicted_state_data_V, i32 %hw_filter_innovation_data_V" [kalman.cpp:104]   --->   Operation 31 'call' 'empty' <Predicate = true> <Delay = 0.00> <CoreType = "Generic">   --->   Core 0 '' <Latency = 0> <II = 1> <Delay = 1.00> <Generic> <Opcode : >
ST_2 : Operation 32 [1/1] (0.00ns)   --->   "%hw_filter_observation_rows_load = load i32 %hw_filter_observation_rows" [matrix.cpp:91]   --->   Operation 32 'load' 'hw_filter_observation_rows_load' <Predicate = true> <Delay = 0.00>
ST_2 : Operation 33 [1/1] (0.00ns)   --->   "%hw_filter_observation_cols_load = load i32 %hw_filter_observation_cols" [matrix.cpp:92]   --->   Operation 33 'load' 'hw_filter_observation_cols_load' <Predicate = true> <Delay = 0.00>
ST_2 : Operation 34 [1/1] (0.00ns)   --->   "%store_ln92 = store i32 %hw_filter_observation_cols_load, i32 %hw_filter_innovation_cols" [matrix.cpp:92]   --->   Operation 34 'store' 'store_ln92' <Predicate = true> <Delay = 0.00>
ST_2 : Operation 35 [1/1] (0.46ns)   --->   "%br_ln93 = br void" [matrix.cpp:93]   --->   Operation 35 'br' 'br_ln93' <Predicate = true> <Delay = 0.46>

State 3 <SV = 2> <Delay = 1.14>
ST_3 : Operation 36 [1/1] (0.00ns)   --->   "%i = phi i32 %add_ln93, void %._crit_edge.i.loopexit, i32 0, void %.lr.ph6.i" [matrix.cpp:93]   --->   Operation 36 'phi' 'i' <Predicate = true> <Delay = 0.00>
ST_3 : Operation 37 [1/1] (1.14ns)   --->   "%add_ln93 = add i32 %i, i32 1" [matrix.cpp:93]   --->   Operation 37 'add' 'add_ln93' <Predicate = true> <Delay = 1.14> <CoreInst = "Adder">   --->   Core 1 'Adder' <Latency = 0> <II = 1> <Delay = 1.14> <FuncUnit> <Opcode : 'add' 'sub'> <InPorts = 2> <OutPorts = 1>
ST_3 : Operation 38 [1/1] (0.00ns)   --->   "%trunc_ln703 = trunc i32 %i"   --->   Operation 38 'trunc' 'trunc_ln703' <Predicate = true> <Delay = 0.00>
ST_3 : Operation 39 [1/1] (0.00ns)   --->   "%tmp_cast = bitconcatenate i4 @_ssdm_op_BitConcatenate.i4.i2.i2, i2 %trunc_ln703, i2 0" [matrix.cpp:93]   --->   Operation 39 'bitconcatenate' 'tmp_cast' <Predicate = true> <Delay = 0.00>
ST_3 : Operation 40 [1/1] (0.80ns)   --->   "%icmp_ln93 = icmp_eq  i32 %i, i32 %hw_filter_observation_rows_load" [matrix.cpp:93]   --->   Operation 40 'icmp' 'icmp_ln93' <Predicate = true> <Delay = 0.80> <CoreInst = "Cmp">   --->   Core 9 'Cmp' <Latency = 0> <II = 1> <Delay = 0.80> <FuncUnit> <Opcode : 'icmp'> <InPorts = 2> <OutPorts = 1>
ST_3 : Operation 41 [1/1] (0.00ns)   --->   "%br_ln93 = br i1 %icmp_ln93, void %.split14, void %_Z15subtract_matrixP6MatrixS0_S0_.exit.loopexit" [matrix.cpp:93]   --->   Operation 41 'br' 'br_ln93' <Predicate = true> <Delay = 0.00>
ST_3 : Operation 42 [1/1] (0.00ns)   --->   "%speclooptripcount_ln93 = speclooptripcount void @_ssdm_op_SpecLoopTripCount, i64 1, i64 2, i64 1" [matrix.cpp:93]   --->   Operation 42 'speclooptripcount' 'speclooptripcount_ln93' <Predicate = (!icmp_ln93)> <Delay = 0.00>
ST_3 : Operation 43 [1/1] (0.00ns)   --->   "%specloopname_ln93 = specloopname void @_ssdm_op_SpecLoopName, void @empty_28" [matrix.cpp:93]   --->   Operation 43 'specloopname' 'specloopname_ln93' <Predicate = (!icmp_ln93)> <Delay = 0.00>
ST_3 : Operation 44 [1/1] (0.46ns)   --->   "%br_ln95 = br void %_ZN13ap_fixed_baseILi33ELi17ELb1EL9ap_q_mode5EL9ap_o_mode3ELi0EEC2ILi32ELi16ELb1ELS0_5ELS1_3ELi0EEERKS_IXT_EXT0_EXT1_EXT2_EXT3_EXT4_EE.exit.i.i" [matrix.cpp:95]   --->   Operation 44 'br' 'br_ln95' <Predicate = (!icmp_ln93)> <Delay = 0.46>
ST_3 : Operation 45 [1/1] (0.00ns)   --->   "%hw_filter_predicted_estimate_covariance_rows_load = load i32 %hw_filter_predicted_estimate_covariance_rows" [matrix.cpp:134]   --->   Operation 45 'load' 'hw_filter_predicted_estimate_covariance_rows_load' <Predicate = (icmp_ln93)> <Delay = 0.00>
ST_3 : Operation 46 [1/1] (0.00ns)   --->   "%store_ln134 = store i32 %hw_filter_predicted_estimate_covariance_rows_load, i32 %hw_filter_vertical_scratch_rows" [matrix.cpp:134]   --->   Operation 46 'store' 'store_ln134' <Predicate = (icmp_ln93)> <Delay = 0.00>
ST_3 : Operation 47 [1/1] (0.00ns)   --->   "%store_ln135 = store i32 %hw_filter_observation_model_rows_load, i32 %hw_filter_vertical_scratch_cols" [matrix.cpp:135]   --->   Operation 47 'store' 'store_ln135' <Predicate = (icmp_ln93)> <Delay = 0.00>
ST_3 : Operation 48 [1/1] (0.00ns)   --->   "%hw_filter_predicted_estimate_covariance_cols_load = load i32 %hw_filter_predicted_estimate_covariance_cols" [kalman.cpp:144]   --->   Operation 48 'load' 'hw_filter_predicted_estimate_covariance_cols_load' <Predicate = (icmp_ln93)> <Delay = 0.00>
ST_3 : Operation 49 [1/1] (0.80ns)   --->   "%cmp91_i = icmp_sgt  i32 %hw_filter_predicted_estimate_covariance_cols_load, i32 0" [kalman.cpp:144]   --->   Operation 49 'icmp' 'cmp91_i' <Predicate = (icmp_ln93)> <Delay = 0.80> <CoreInst = "Cmp">   --->   Core 9 'Cmp' <Latency = 0> <II = 1> <Delay = 0.80> <FuncUnit> <Opcode : 'icmp'> <InPorts = 2> <OutPorts = 1>
ST_3 : Operation 50 [1/1] (0.46ns)   --->   "%br_ln136 = br void" [matrix.cpp:136]   --->   Operation 50 'br' 'br_ln136' <Predicate = (icmp_ln93)> <Delay = 0.46>

State 4 <SV = 3> <Delay = 1.53>
ST_4 : Operation 51 [1/1] (0.00ns)   --->   "%j = phi i5 %add_ln95, void %_ZN13ap_fixed_baseILi33ELi17ELb1EL9ap_q_mode5EL9ap_o_mode3ELi0EEC2ILi32ELi16ELb1ELS0_5ELS1_3ELi0EEERKS_IXT_EXT0_EXT1_EXT2_EXT3_EXT4_EE.exit.i.i.split, i5 0, void %.split14" [matrix.cpp:95]   --->   Operation 51 'phi' 'j' <Predicate = true> <Delay = 0.00>
ST_4 : Operation 52 [1/1] (0.82ns)   --->   "%add_ln95 = add i5 %j, i5 1" [matrix.cpp:95]   --->   Operation 52 'add' 'add_ln95' <Predicate = true> <Delay = 0.82> <CoreInst = "Adder">   --->   Core 1 'Adder' <Latency = 0> <II = 1> <Delay = 1.14> <FuncUnit> <Opcode : 'add' 'sub'> <InPorts = 2> <OutPorts = 1>
ST_4 : Operation 53 [1/1] (0.00ns)   --->   "%trunc_ln703_2 = trunc i5 %j"   --->   Operation 53 'trunc' 'trunc_ln703_2' <Predicate = true> <Delay = 0.00>
ST_4 : Operation 54 [1/1] (0.80ns)   --->   "%add_ln703_2 = add i4 %tmp_cast, i4 %trunc_ln703_2"   --->   Operation 54 'add' 'add_ln703_2' <Predicate = true> <Delay = 0.80> <CoreInst = "Adder">   --->   Core 1 'Adder' <Latency = 0> <II = 1> <Delay = 1.14> <FuncUnit> <Opcode : 'add' 'sub'> <InPorts = 2> <OutPorts = 1>
ST_4 : Operation 55 [1/1] (0.00ns)   --->   "%zext_ln703 = zext i4 %add_ln703_2"   --->   Operation 55 'zext' 'zext_ln703' <Predicate = true> <Delay = 0.00>
ST_4 : Operation 56 [1/1] (0.00ns)   --->   "%hw_filter_innovation_data_V_addr = getelementptr i32 %hw_filter_innovation_data_V, i64 0, i64 %zext_ln703"   --->   Operation 56 'getelementptr' 'hw_filter_innovation_data_V_addr' <Predicate = true> <Delay = 0.00>
ST_4 : Operation 57 [1/1] (0.00ns)   --->   "%hw_filter_observation_data_V_addr = getelementptr i32 %hw_filter_observation_data_V, i64 0, i64 %zext_ln703"   --->   Operation 57 'getelementptr' 'hw_filter_observation_data_V_addr' <Predicate = true> <Delay = 0.00>
ST_4 : Operation 58 [1/1] (0.00ns)   --->   "%zext_ln95 = zext i5 %j" [matrix.cpp:95]   --->   Operation 58 'zext' 'zext_ln95' <Predicate = true> <Delay = 0.00>
ST_4 : Operation 59 [1/1] (0.80ns)   --->   "%icmp_ln95 = icmp_eq  i32 %zext_ln95, i32 %hw_filter_observation_cols_load" [matrix.cpp:95]   --->   Operation 59 'icmp' 'icmp_ln95' <Predicate = true> <Delay = 0.80> <CoreInst = "Cmp">   --->   Core 9 'Cmp' <Latency = 0> <II = 1> <Delay = 0.80> <FuncUnit> <Opcode : 'icmp'> <InPorts = 2> <OutPorts = 1>
ST_4 : Operation 60 [1/1] (0.00ns)   --->   "%br_ln95 = br i1 %icmp_ln95, void %_ZN13ap_fixed_baseILi33ELi17ELb1EL9ap_q_mode5EL9ap_o_mode3ELi0EEC2ILi32ELi16ELb1ELS0_5ELS1_3ELi0EEERKS_IXT_EXT0_EXT1_EXT2_EXT3_EXT4_EE.exit.i.i.split, void %._crit_edge.i.loopexit" [matrix.cpp:95]   --->   Operation 60 'br' 'br_ln95' <Predicate = true> <Delay = 0.00>
ST_4 : Operation 61 [2/2] (0.73ns)   --->   "%hw_filter_observation_data_V_load = load i4 %hw_filter_observation_data_V_addr"   --->   Operation 61 'load' 'hw_filter_observation_data_V_load' <Predicate = (!icmp_ln95)> <Delay = 0.73> <CoreInst = "RAM">   --->   Core 83 'RAM' <Latency = 1> <II = 1> <Delay = 0.73> <Storage> <Opcode : 'load' 'store'> <Ports = 2> <Width = 32> <Depth = 16> <RAM>
ST_4 : Operation 62 [2/2] (0.73ns)   --->   "%hw_filter_innovation_data_V_load = load i4 %hw_filter_innovation_data_V_addr"   --->   Operation 62 'load' 'hw_filter_innovation_data_V_load' <Predicate = (!icmp_ln95)> <Delay = 0.73> <CoreInst = "RAM">   --->   Core 83 'RAM' <Latency = 1> <II = 1> <Delay = 0.73> <Storage> <Opcode : 'load' 'store'> <Ports = 2> <Width = 32> <Depth = 16> <RAM>
ST_4 : Operation 63 [1/1] (0.00ns)   --->   "%br_ln0 = br void"   --->   Operation 63 'br' 'br_ln0' <Predicate = (icmp_ln95)> <Delay = 0.00>

State 5 <SV = 4> <Delay = 2.60>
ST_5 : Operation 64 [1/1] (0.00ns)   --->   "%speclooptripcount_ln95 = speclooptripcount void @_ssdm_op_SpecLoopTripCount, i64 1, i64 2, i64 1" [matrix.cpp:95]   --->   Operation 64 'speclooptripcount' 'speclooptripcount_ln95' <Predicate = true> <Delay = 0.00>
ST_5 : Operation 65 [1/1] (0.00ns)   --->   "%specloopname_ln95 = specloopname void @_ssdm_op_SpecLoopName, void @empty_27" [matrix.cpp:95]   --->   Operation 65 'specloopname' 'specloopname_ln95' <Predicate = true> <Delay = 0.00>
ST_5 : Operation 66 [1/2] (0.73ns)   --->   "%hw_filter_observation_data_V_load = load i4 %hw_filter_observation_data_V_addr"   --->   Operation 66 'load' 'hw_filter_observation_data_V_load' <Predicate = true> <Delay = 0.73> <CoreInst = "RAM">   --->   Core 83 'RAM' <Latency = 1> <II = 1> <Delay = 0.73> <Storage> <Opcode : 'load' 'store'> <Ports = 2> <Width = 32> <Depth = 16> <RAM>
ST_5 : Operation 67 [1/2] (0.73ns)   --->   "%hw_filter_innovation_data_V_load = load i4 %hw_filter_innovation_data_V_addr"   --->   Operation 67 'load' 'hw_filter_innovation_data_V_load' <Predicate = true> <Delay = 0.73> <CoreInst = "RAM">   --->   Core 83 'RAM' <Latency = 1> <II = 1> <Delay = 0.73> <Storage> <Opcode : 'load' 'store'> <Ports = 2> <Width = 32> <Depth = 16> <RAM>
ST_5 : Operation 68 [1/1] (1.14ns)   --->   "%sub_ln703 = sub i32 %hw_filter_observation_data_V_load, i32 %hw_filter_innovation_data_V_load"   --->   Operation 68 'sub' 'sub_ln703' <Predicate = true> <Delay = 1.14> <CoreInst = "Adder">   --->   Core 1 'Adder' <Latency = 0> <II = 1> <Delay = 1.14> <FuncUnit> <Opcode : 'add' 'sub'> <InPorts = 2> <OutPorts = 1>
ST_5 : Operation 69 [1/1] (0.73ns)   --->   "%store_ln97 = store i32 %sub_ln703, i4 %hw_filter_innovation_data_V_addr" [matrix.cpp:97]   --->   Operation 69 'store' 'store_ln97' <Predicate = true> <Delay = 0.73> <CoreInst = "RAM">   --->   Core 83 'RAM' <Latency = 1> <II = 1> <Delay = 0.73> <Storage> <Opcode : 'load' 'store'> <Ports = 2> <Width = 32> <Depth = 16> <RAM>
ST_5 : Operation 70 [1/1] (0.00ns)   --->   "%br_ln0 = br void %_ZN13ap_fixed_baseILi33ELi17ELb1EL9ap_q_mode5EL9ap_o_mode3ELi0EEC2ILi32ELi16ELb1ELS0_5ELS1_3ELi0EEERKS_IXT_EXT0_EXT1_EXT2_EXT3_EXT4_EE.exit.i.i"   --->   Operation 70 'br' 'br_ln0' <Predicate = true> <Delay = 0.00>

State 6 <SV = 3> <Delay = 1.60>
ST_6 : Operation 71 [1/1] (0.00ns)   --->   "%i_7 = phi i32 %add_ln136, void %._crit_edge7.i.loopexit, i32 0, void %_Z15subtract_matrixP6MatrixS0_S0_.exit.loopexit" [matrix.cpp:136]   --->   Operation 71 'phi' 'i_7' <Predicate = true> <Delay = 0.00>
ST_6 : Operation 72 [1/1] (1.14ns)   --->   "%add_ln136 = add i32 %i_7, i32 1" [matrix.cpp:136]   --->   Operation 72 'add' 'add_ln136' <Predicate = true> <Delay = 1.14> <CoreInst = "Adder">   --->   Core 1 'Adder' <Latency = 0> <II = 1> <Delay = 1.14> <FuncUnit> <Opcode : 'add' 'sub'> <InPorts = 2> <OutPorts = 1>
ST_6 : Operation 73 [1/1] (0.00ns)   --->   "%trunc_ln1116 = trunc i32 %i_7"   --->   Operation 73 'trunc' 'trunc_ln1116' <Predicate = true> <Delay = 0.00>
ST_6 : Operation 74 [1/1] (0.00ns)   --->   "%tmp_11_cast = bitconcatenate i4 @_ssdm_op_BitConcatenate.i4.i2.i2, i2 %trunc_ln1116, i2 0" [matrix.cpp:136]   --->   Operation 74 'bitconcatenate' 'tmp_11_cast' <Predicate = true> <Delay = 0.00>
ST_6 : Operation 75 [1/1] (0.80ns)   --->   "%icmp_ln136 = icmp_eq  i32 %i_7, i32 %hw_filter_predicted_estimate_covariance_rows_load" [matrix.cpp:136]   --->   Operation 75 'icmp' 'icmp_ln136' <Predicate = true> <Delay = 0.80> <CoreInst = "Cmp">   --->   Core 9 'Cmp' <Latency = 0> <II = 1> <Delay = 0.80> <FuncUnit> <Opcode : 'icmp'> <InPorts = 2> <OutPorts = 1>
ST_6 : Operation 76 [1/1] (0.00ns)   --->   "%br_ln136 = br i1 %icmp_ln136, void %.split11, void %_Z28multiply_by_transpose_matrixP6MatrixS0_S0_.exit.loopexit" [matrix.cpp:136]   --->   Operation 76 'br' 'br_ln136' <Predicate = true> <Delay = 0.00>
ST_6 : Operation 77 [1/1] (0.00ns)   --->   "%speclooptripcount_ln136 = speclooptripcount void @_ssdm_op_SpecLoopTripCount, i64 1, i64 2, i64 1" [matrix.cpp:136]   --->   Operation 77 'speclooptripcount' 'speclooptripcount_ln136' <Predicate = (!icmp_ln136)> <Delay = 0.00>
ST_6 : Operation 78 [1/1] (0.00ns)   --->   "%specloopname_ln136 = specloopname void @_ssdm_op_SpecLoopName, void @empty_8" [matrix.cpp:136]   --->   Operation 78 'specloopname' 'specloopname_ln136' <Predicate = (!icmp_ln136)> <Delay = 0.00>
ST_6 : Operation 79 [1/1] (0.46ns)   --->   "%br_ln138 = br void" [matrix.cpp:138]   --->   Operation 79 'br' 'br_ln138' <Predicate = (!icmp_ln136)> <Delay = 0.46>
ST_6 : Operation 80 [2/2] (0.80ns)   --->   "%call_ret = call i64 @multiply_matrix, i32 %hw_filter_observation_model_rows_load, i32 %hw_filter_observation_model_cols_load, i32 %hw_filter_observation_model_data_V, i32 %hw_filter_observation_model_rows_load, i32 %hw_filter_vertical_scratch_data_V, i32 %hw_filter_innovation_covariance_data_V" [kalman.cpp:114]   --->   Operation 80 'call' 'call_ret' <Predicate = (icmp_ln136)> <Delay = 0.80> <CoreType = "Generic">   --->   Core 0 '' <Latency = 0> <II = 1> <Delay = 1.00> <Generic> <Opcode : >

State 7 <SV = 4> <Delay = 1.53>
ST_7 : Operation 81 [1/1] (0.00ns)   --->   "%j_7 = phi i5 %add_ln138, void %._crit_edge.i7, i5 0, void %.split11" [matrix.cpp:138]   --->   Operation 81 'phi' 'j_7' <Predicate = true> <Delay = 0.00>
ST_7 : Operation 82 [1/1] (0.82ns)   --->   "%add_ln138 = add i5 %j_7, i5 1" [matrix.cpp:138]   --->   Operation 82 'add' 'add_ln138' <Predicate = true> <Delay = 0.82> <CoreInst = "Adder">   --->   Core 1 'Adder' <Latency = 0> <II = 1> <Delay = 1.14> <FuncUnit> <Opcode : 'add' 'sub'> <InPorts = 2> <OutPorts = 1>
ST_7 : Operation 83 [1/1] (0.00ns)   --->   "%trunc_ln1118 = trunc i5 %j_7"   --->   Operation 83 'trunc' 'trunc_ln1118' <Predicate = true> <Delay = 0.00>
ST_7 : Operation 84 [1/1] (0.00ns)   --->   "%trunc_ln1118_5 = trunc i5 %j_7"   --->   Operation 84 'trunc' 'trunc_ln1118_5' <Predicate = true> <Delay = 0.00>
ST_7 : Operation 85 [1/1] (0.00ns)   --->   "%tmp_13_cast = bitconcatenate i4 @_ssdm_op_BitConcatenate.i4.i2.i2, i2 %trunc_ln1118_5, i2 0" [matrix.cpp:140]   --->   Operation 85 'bitconcatenate' 'tmp_13_cast' <Predicate = true> <Delay = 0.00>
ST_7 : Operation 86 [1/1] (0.80ns)   --->   "%add_ln140 = add i4 %tmp_11_cast, i4 %trunc_ln1118" [matrix.cpp:140]   --->   Operation 86 'add' 'add_ln140' <Predicate = true> <Delay = 0.80> <CoreInst = "Adder">   --->   Core 1 'Adder' <Latency = 0> <II = 1> <Delay = 1.14> <FuncUnit> <Opcode : 'add' 'sub'> <InPorts = 2> <OutPorts = 1>
ST_7 : Operation 87 [1/1] (0.00ns)   --->   "%zext_ln140 = zext i4 %add_ln140" [matrix.cpp:140]   --->   Operation 87 'zext' 'zext_ln140' <Predicate = true> <Delay = 0.00>
ST_7 : Operation 88 [1/1] (0.00ns)   --->   "%hw_filter_vertical_scratch_data_V_addr = getelementptr i32 %hw_filter_vertical_scratch_data_V, i64 0, i64 %zext_ln140" [matrix.cpp:140]   --->   Operation 88 'getelementptr' 'hw_filter_vertical_scratch_data_V_addr' <Predicate = true> <Delay = 0.00>
ST_7 : Operation 89 [1/1] (0.00ns)   --->   "%zext_ln138 = zext i5 %j_7" [matrix.cpp:138]   --->   Operation 89 'zext' 'zext_ln138' <Predicate = true> <Delay = 0.00>
ST_7 : Operation 90 [1/1] (0.80ns)   --->   "%icmp_ln138 = icmp_eq  i32 %zext_ln138, i32 %hw_filter_observation_model_rows_load" [matrix.cpp:138]   --->   Operation 90 'icmp' 'icmp_ln138' <Predicate = true> <Delay = 0.80> <CoreInst = "Cmp">   --->   Core 9 'Cmp' <Latency = 0> <II = 1> <Delay = 0.80> <FuncUnit> <Opcode : 'icmp'> <InPorts = 2> <OutPorts = 1>
ST_7 : Operation 91 [1/1] (0.00ns)   --->   "%br_ln138 = br i1 %icmp_ln138, void %.split9, void %._crit_edge7.i.loopexit" [matrix.cpp:138]   --->   Operation 91 'br' 'br_ln138' <Predicate = true> <Delay = 0.00>
ST_7 : Operation 92 [1/1] (0.00ns)   --->   "%speclooptripcount_ln138 = speclooptripcount void @_ssdm_op_SpecLoopTripCount, i64 1, i64 2, i64 1" [matrix.cpp:138]   --->   Operation 92 'speclooptripcount' 'speclooptripcount_ln138' <Predicate = (!icmp_ln138)> <Delay = 0.00>
ST_7 : Operation 93 [1/1] (0.00ns)   --->   "%specloopname_ln138 = specloopname void @_ssdm_op_SpecLoopName, void @empty_18" [matrix.cpp:138]   --->   Operation 93 'specloopname' 'specloopname_ln138' <Predicate = (!icmp_ln138)> <Delay = 0.00>
ST_7 : Operation 94 [1/1] (0.73ns)   --->   "%store_ln140 = store i32 0, i4 %hw_filter_vertical_scratch_data_V_addr" [matrix.cpp:140]   --->   Operation 94 'store' 'store_ln140' <Predicate = (!icmp_ln138)> <Delay = 0.73> <CoreInst = "RAM">   --->   Core 83 'RAM' <Latency = 1> <II = 1> <Delay = 0.73> <Storage> <Opcode : 'load' 'store'> <Ports = 2> <Width = 32> <Depth = 16> <RAM>
ST_7 : Operation 95 [1/1] (0.00ns)   --->   "%br_ln141 = br i1 %cmp91_i, void %._crit_edge.i7, void %_ZN13ap_fixed_baseILi65ELi33ELb1EL9ap_q_mode5EL9ap_o_mode3ELi0EEC2ILi32ELi16ELb1ELS0_5ELS1_3ELi0EEERKS_IXT_EXT0_EXT1_EXT2_EXT3_EXT4_EE.exit.i.i.i.preheader" [matrix.cpp:141]   --->   Operation 95 'br' 'br_ln141' <Predicate = (!icmp_ln138)> <Delay = 0.00>
ST_7 : Operation 96 [1/1] (0.46ns)   --->   "%br_ln1118 = br void %_ZN13ap_fixed_baseILi65ELi33ELb1EL9ap_q_mode5EL9ap_o_mode3ELi0EEC2ILi32ELi16ELb1ELS0_5ELS1_3ELi0EEERKS_IXT_EXT0_EXT1_EXT2_EXT3_EXT4_EE.exit.i.i.i"   --->   Operation 96 'br' 'br_ln1118' <Predicate = (!icmp_ln138 & cmp91_i)> <Delay = 0.46>
ST_7 : Operation 97 [1/1] (0.00ns)   --->   "%br_ln0 = br void"   --->   Operation 97 'br' 'br_ln0' <Predicate = (icmp_ln138)> <Delay = 0.00>

State 8 <SV = 5> <Delay = 1.53>
ST_8 : Operation 98 [1/1] (0.00ns)   --->   "%k = phi i31 %add_ln141, void %_ZN13ap_fixed_baseILi65ELi33ELb1EL9ap_q_mode5EL9ap_o_mode3ELi0EEC2ILi32ELi16ELb1ELS0_5ELS1_3ELi0EEERKS_IXT_EXT0_EXT1_EXT2_EXT3_EXT4_EE.exit.i.i.i.split, i31 0, void %_ZN13ap_fixed_baseILi65ELi33ELb1EL9ap_q_mode5EL9ap_o_mode3ELi0EEC2ILi32ELi16ELb1ELS0_5ELS1_3ELi0EEERKS_IXT_EXT0_EXT1_EXT2_EXT3_EXT4_EE.exit.i.i.i.preheader" [matrix.cpp:141]   --->   Operation 98 'phi' 'k' <Predicate = (cmp91_i)> <Delay = 0.00>
ST_8 : Operation 99 [1/1] (0.00ns)   --->   "%lhs = phi i32 %trunc_ln, void %_ZN13ap_fixed_baseILi65ELi33ELb1EL9ap_q_mode5EL9ap_o_mode3ELi0EEC2ILi32ELi16ELb1ELS0_5ELS1_3ELi0EEERKS_IXT_EXT0_EXT1_EXT2_EXT3_EXT4_EE.exit.i.i.i.split, i32 0, void %_ZN13ap_fixed_baseILi65ELi33ELb1EL9ap_q_mode5EL9ap_o_mode3ELi0EEC2ILi32ELi16ELb1ELS0_5ELS1_3ELi0EEERKS_IXT_EXT0_EXT1_EXT2_EXT3_EXT4_EE.exit.i.i.i.preheader"   --->   Operation 99 'phi' 'lhs' <Predicate = (cmp91_i)> <Delay = 0.00>
ST_8 : Operation 100 [1/1] (1.14ns)   --->   "%add_ln141 = add i31 %k, i31 1" [matrix.cpp:141]   --->   Operation 100 'add' 'add_ln141' <Predicate = (cmp91_i)> <Delay = 1.14> <CoreInst = "Adder">   --->   Core 1 'Adder' <Latency = 0> <II = 1> <Delay = 1.14> <FuncUnit> <Opcode : 'add' 'sub'> <InPorts = 2> <OutPorts = 1>
ST_8 : Operation 101 [1/1] (0.00ns)   --->   "%trunc_ln1118_6 = trunc i31 %k"   --->   Operation 101 'trunc' 'trunc_ln1118_6' <Predicate = (cmp91_i)> <Delay = 0.00>
ST_8 : Operation 102 [1/1] (0.80ns)   --->   "%add_ln1118 = add i4 %tmp_13_cast, i4 %trunc_ln1118_6"   --->   Operation 102 'add' 'add_ln1118' <Predicate = (cmp91_i)> <Delay = 0.80> <CoreInst = "Adder">   --->   Core 1 'Adder' <Latency = 0> <II = 1> <Delay = 1.14> <FuncUnit> <Opcode : 'add' 'sub'> <InPorts = 2> <OutPorts = 1>
ST_8 : Operation 103 [1/1] (0.00ns)   --->   "%zext_ln1118 = zext i4 %add_ln1118"   --->   Operation 103 'zext' 'zext_ln1118' <Predicate = (cmp91_i)> <Delay = 0.00>
ST_8 : Operation 104 [1/1] (0.00ns)   --->   "%hw_filter_observation_model_data_V_addr = getelementptr i32 %hw_filter_observation_model_data_V, i64 0, i64 %zext_ln1118"   --->   Operation 104 'getelementptr' 'hw_filter_observation_model_data_V_addr' <Predicate = (cmp91_i)> <Delay = 0.00>
ST_8 : Operation 105 [1/1] (0.80ns)   --->   "%add_ln1116 = add i4 %tmp_11_cast, i4 %trunc_ln1118_6"   --->   Operation 105 'add' 'add_ln1116' <Predicate = (cmp91_i)> <Delay = 0.80> <CoreInst = "Adder">   --->   Core 1 'Adder' <Latency = 0> <II = 1> <Delay = 1.14> <FuncUnit> <Opcode : 'add' 'sub'> <InPorts = 2> <OutPorts = 1>
ST_8 : Operation 106 [1/1] (0.00ns)   --->   "%zext_ln1116 = zext i4 %add_ln1116"   --->   Operation 106 'zext' 'zext_ln1116' <Predicate = (cmp91_i)> <Delay = 0.00>
ST_8 : Operation 107 [1/1] (0.00ns)   --->   "%hw_filter_predicted_estimate_covariance_data_V_addr = getelementptr i32 %hw_filter_predicted_estimate_covariance_data_V, i64 0, i64 %zext_ln1116"   --->   Operation 107 'getelementptr' 'hw_filter_predicted_estimate_covariance_data_V_addr' <Predicate = (cmp91_i)> <Delay = 0.00>
ST_8 : Operation 108 [1/1] (0.00ns)   --->   "%zext_ln141 = zext i31 %k" [matrix.cpp:141]   --->   Operation 108 'zext' 'zext_ln141' <Predicate = (cmp91_i)> <Delay = 0.00>
ST_8 : Operation 109 [1/1] (0.80ns)   --->   "%icmp_ln141 = icmp_eq  i32 %zext_ln141, i32 %hw_filter_predicted_estimate_covariance_cols_load" [matrix.cpp:141]   --->   Operation 109 'icmp' 'icmp_ln141' <Predicate = (cmp91_i)> <Delay = 0.80> <CoreInst = "Cmp">   --->   Core 9 'Cmp' <Latency = 0> <II = 1> <Delay = 0.80> <FuncUnit> <Opcode : 'icmp'> <InPorts = 2> <OutPorts = 1>
ST_8 : Operation 110 [1/1] (0.00ns)   --->   "%br_ln141 = br i1 %icmp_ln141, void %_ZN13ap_fixed_baseILi65ELi33ELb1EL9ap_q_mode5EL9ap_o_mode3ELi0EEC2ILi32ELi16ELb1ELS0_5ELS1_3ELi0EEERKS_IXT_EXT0_EXT1_EXT2_EXT3_EXT4_EE.exit.i.i.i.split, void %._crit_edge.loopexit.i5" [matrix.cpp:141]   --->   Operation 110 'br' 'br_ln141' <Predicate = (cmp91_i)> <Delay = 0.00>
ST_8 : Operation 111 [2/2] (0.73ns)   --->   "%r_V = load i4 %hw_filter_predicted_estimate_covariance_data_V_addr"   --->   Operation 111 'load' 'r_V' <Predicate = (cmp91_i & !icmp_ln141)> <Delay = 0.73> <CoreInst = "RAM">   --->   Core 83 'RAM' <Latency = 1> <II = 1> <Delay = 0.73> <Storage> <Opcode : 'load' 'store'> <Ports = 2> <Width = 32> <Depth = 16> <RAM>
ST_8 : Operation 112 [2/2] (0.73ns)   --->   "%hw_filter_observation_model_data_V_load = load i4 %hw_filter_observation_model_data_V_addr"   --->   Operation 112 'load' 'hw_filter_observation_model_data_V_load' <Predicate = (cmp91_i & !icmp_ln141)> <Delay = 0.73> <CoreInst = "RAM">   --->   Core 83 'RAM' <Latency = 1> <II = 1> <Delay = 0.73> <Storage> <Opcode : 'load' 'store'> <Ports = 2> <Width = 32> <Depth = 16> <RAM>
ST_8 : Operation 113 [1/1] (0.73ns)   --->   "%store_ln727 = store i32 %lhs, i4 %hw_filter_vertical_scratch_data_V_addr"   --->   Operation 113 'store' 'store_ln727' <Predicate = (cmp91_i & icmp_ln141)> <Delay = 0.73> <CoreInst = "RAM">   --->   Core 83 'RAM' <Latency = 1> <II = 1> <Delay = 0.73> <Storage> <Opcode : 'load' 'store'> <Ports = 2> <Width = 32> <Depth = 16> <RAM>
ST_8 : Operation 114 [1/1] (0.00ns)   --->   "%br_ln138 = br void %._crit_edge.i7" [matrix.cpp:138]   --->   Operation 114 'br' 'br_ln138' <Predicate = (cmp91_i & icmp_ln141)> <Delay = 0.00>
ST_8 : Operation 115 [1/1] (0.00ns)   --->   "%br_ln0 = br void"   --->   Operation 115 'br' 'br_ln0' <Predicate = (icmp_ln141) | (!cmp91_i)> <Delay = 0.00>

State 9 <SV = 6> <Delay = 5.91>
ST_9 : Operation 116 [1/1] (0.00ns)   --->   "%speclooptripcount_ln141 = speclooptripcount void @_ssdm_op_SpecLoopTripCount, i64 1, i64 2, i64 1" [matrix.cpp:141]   --->   Operation 116 'speclooptripcount' 'speclooptripcount_ln141' <Predicate = true> <Delay = 0.00>
ST_9 : Operation 117 [1/1] (0.00ns)   --->   "%specloopname_ln141 = specloopname void @_ssdm_op_SpecLoopName, void @empty_7" [matrix.cpp:141]   --->   Operation 117 'specloopname' 'specloopname_ln141' <Predicate = true> <Delay = 0.00>
ST_9 : Operation 118 [1/2] (0.73ns)   --->   "%r_V = load i4 %hw_filter_predicted_estimate_covariance_data_V_addr"   --->   Operation 118 'load' 'r_V' <Predicate = true> <Delay = 0.73> <CoreInst = "RAM">   --->   Core 83 'RAM' <Latency = 1> <II = 1> <Delay = 0.73> <Storage> <Opcode : 'load' 'store'> <Ports = 2> <Width = 32> <Depth = 16> <RAM>
ST_9 : Operation 119 [1/1] (0.00ns)   --->   "%sext_ln1115 = sext i32 %r_V"   --->   Operation 119 'sext' 'sext_ln1115' <Predicate = true> <Delay = 0.00>
ST_9 : Operation 120 [1/2] (0.73ns)   --->   "%hw_filter_observation_model_data_V_load = load i4 %hw_filter_observation_model_data_V_addr"   --->   Operation 120 'load' 'hw_filter_observation_model_data_V_load' <Predicate = true> <Delay = 0.73> <CoreInst = "RAM">   --->   Core 83 'RAM' <Latency = 1> <II = 1> <Delay = 0.73> <Storage> <Opcode : 'load' 'store'> <Ports = 2> <Width = 32> <Depth = 16> <RAM>
ST_9 : Operation 121 [1/1] (0.00ns)   --->   "%sext_ln1118 = sext i32 %hw_filter_observation_model_data_V_load"   --->   Operation 121 'sext' 'sext_ln1118' <Predicate = true> <Delay = 0.00>
ST_9 : Operation 122 [1/1] (3.90ns)   --->   "%r_V_8 = mul i48 %sext_ln1118, i48 %sext_ln1115"   --->   Operation 122 'mul' 'r_V_8' <Predicate = true> <Delay = 3.90> <CoreInst = "Multiplier">   --->   Core 3 'Multiplier' <Latency = 0> <II = 1> <Delay = 3.90> <FuncUnit> <Opcode : 'mul'> <InPorts = 2> <OutPorts = 1>
ST_9 : Operation 123 [1/1] (0.00ns)   --->   "%lhs_7 = bitconcatenate i48 @_ssdm_op_BitConcatenate.i48.i32.i16, i32 %lhs, i16 0"   --->   Operation 123 'bitconcatenate' 'lhs_7' <Predicate = true> <Delay = 0.00>
ST_9 : Operation 124 [1/1] (1.28ns)   --->   "%ret_V = add i48 %lhs_7, i48 %r_V_8"   --->   Operation 124 'add' 'ret_V' <Predicate = true> <Delay = 1.28> <CoreInst = "Adder">   --->   Core 1 'Adder' <Latency = 0> <II = 1> <Delay = 1.14> <FuncUnit> <Opcode : 'add' 'sub'> <InPorts = 2> <OutPorts = 1>
ST_9 : Operation 125 [1/1] (0.00ns)   --->   "%trunc_ln = partselect i32 @_ssdm_op_PartSelect.i32.i48.i32.i32, i48 %ret_V, i32 16, i32 47"   --->   Operation 125 'partselect' 'trunc_ln' <Predicate = true> <Delay = 0.00>
ST_9 : Operation 126 [1/1] (0.00ns)   --->   "%br_ln0 = br void %_ZN13ap_fixed_baseILi65ELi33ELb1EL9ap_q_mode5EL9ap_o_mode3ELi0EEC2ILi32ELi16ELb1ELS0_5ELS1_3ELi0EEERKS_IXT_EXT0_EXT1_EXT2_EXT3_EXT4_EE.exit.i.i.i"   --->   Operation 126 'br' 'br_ln0' <Predicate = true> <Delay = 0.00>

State 10 <SV = 4> <Delay = 0.46>
ST_10 : Operation 127 [1/2] (0.00ns)   --->   "%call_ret = call i64 @multiply_matrix, i32 %hw_filter_observation_model_rows_load, i32 %hw_filter_observation_model_cols_load, i32 %hw_filter_observation_model_data_V, i32 %hw_filter_observation_model_rows_load, i32 %hw_filter_vertical_scratch_data_V, i32 %hw_filter_innovation_covariance_data_V" [kalman.cpp:114]   --->   Operation 127 'call' 'call_ret' <Predicate = true> <Delay = 0.00> <CoreType = "Generic">   --->   Core 0 '' <Latency = 0> <II = 1> <Delay = 1.00> <Generic> <Opcode : >
ST_10 : Operation 128 [1/1] (0.00ns)   --->   "%hw_filter_innovation_covariance_rows_ret = extractvalue i64 %call_ret" [kalman.cpp:114]   --->   Operation 128 'extractvalue' 'hw_filter_innovation_covariance_rows_ret' <Predicate = true> <Delay = 0.00>
ST_10 : Operation 129 [1/1] (0.00ns)   --->   "%store_ln114 = store i32 %hw_filter_innovation_covariance_rows_ret, i32 %hw_filter_innovation_covariance_rows" [kalman.cpp:114]   --->   Operation 129 'store' 'store_ln114' <Predicate = true> <Delay = 0.00>
ST_10 : Operation 130 [1/1] (0.00ns)   --->   "%hw_filter_innovation_covariance_cols_ret = extractvalue i64 %call_ret" [kalman.cpp:114]   --->   Operation 130 'extractvalue' 'hw_filter_innovation_covariance_cols_ret' <Predicate = true> <Delay = 0.00>
ST_10 : Operation 131 [1/1] (0.00ns)   --->   "%store_ln114 = store i32 %hw_filter_innovation_covariance_cols_ret, i32 %hw_filter_innovation_covariance_cols" [kalman.cpp:114]   --->   Operation 131 'store' 'store_ln114' <Predicate = true> <Delay = 0.00>
ST_10 : Operation 132 [1/1] (0.46ns)   --->   "%br_ln80 = br void" [matrix.cpp:80]   --->   Operation 132 'br' 'br_ln80' <Predicate = true> <Delay = 0.46>

State 11 <SV = 5> <Delay = 1.14>
ST_11 : Operation 133 [1/1] (0.00ns)   --->   "%i_8 = phi i31 %add_ln80, void, i31 0, void %_Z28multiply_by_transpose_matrixP6MatrixS0_S0_.exit.loopexit" [matrix.cpp:80]   --->   Operation 133 'phi' 'i_8' <Predicate = true> <Delay = 0.00>
ST_11 : Operation 134 [1/1] (1.14ns)   --->   "%add_ln80 = add i31 %i_8, i31 1" [matrix.cpp:80]   --->   Operation 134 'add' 'add_ln80' <Predicate = true> <Delay = 1.14> <CoreInst = "Adder">   --->   Core 1 'Adder' <Latency = 0> <II = 1> <Delay = 1.14> <FuncUnit> <Opcode : 'add' 'sub'> <InPorts = 2> <OutPorts = 1>
ST_11 : Operation 135 [1/1] (0.00ns)   --->   "%trunc_ln703_3 = trunc i31 %i_8"   --->   Operation 135 'trunc' 'trunc_ln703_3' <Predicate = true> <Delay = 0.00>
ST_11 : Operation 136 [1/1] (0.00ns)   --->   "%tmp_12_cast = bitconcatenate i4 @_ssdm_op_BitConcatenate.i4.i2.i2, i2 %trunc_ln703_3, i2 0" [matrix.cpp:80]   --->   Operation 136 'bitconcatenate' 'tmp_12_cast' <Predicate = true> <Delay = 0.00>
ST_11 : Operation 137 [1/1] (0.00ns)   --->   "%zext_ln80 = zext i31 %i_8" [matrix.cpp:80]   --->   Operation 137 'zext' 'zext_ln80' <Predicate = true> <Delay = 0.00>
ST_11 : Operation 138 [1/1] (0.80ns)   --->   "%icmp_ln80 = icmp_slt  i32 %zext_ln80, i32 %hw_filter_innovation_covariance_rows_ret" [matrix.cpp:80]   --->   Operation 138 'icmp' 'icmp_ln80' <Predicate = true> <Delay = 0.80> <CoreInst = "Cmp">   --->   Core 9 'Cmp' <Latency = 0> <II = 1> <Delay = 0.80> <FuncUnit> <Opcode : 'icmp'> <InPorts = 2> <OutPorts = 1>
ST_11 : Operation 139 [1/1] (0.00ns)   --->   "%br_ln80 = br i1 %icmp_ln80, void %_Z10add_matrixP6MatrixS0_S0_.exit, void" [matrix.cpp:80]   --->   Operation 139 'br' 'br_ln80' <Predicate = true> <Delay = 0.00>
ST_11 : Operation 140 [1/1] (0.00ns)   --->   "%speclooptripcount_ln82 = speclooptripcount void @_ssdm_op_SpecLoopTripCount, i64 1, i64 2, i64 1" [matrix.cpp:82]   --->   Operation 140 'speclooptripcount' 'speclooptripcount_ln82' <Predicate = (icmp_ln80)> <Delay = 0.00>
ST_11 : Operation 141 [1/1] (0.00ns)   --->   "%specloopname_ln82 = specloopname void @_ssdm_op_SpecLoopName, void @empty_9" [matrix.cpp:82]   --->   Operation 141 'specloopname' 'specloopname_ln82' <Predicate = (icmp_ln80)> <Delay = 0.00>
ST_11 : Operation 142 [1/1] (0.46ns)   --->   "%br_ln82 = br void" [matrix.cpp:82]   --->   Operation 142 'br' 'br_ln82' <Predicate = (icmp_ln80)> <Delay = 0.46>
ST_11 : Operation 143 [2/2] (0.00ns)   --->   "%call_ln122 = call void @destructive_invert_matrix, i32 %hw_filter_innovation_covariance_rows, i32 %hw_filter_innovation_covariance_cols, i32 %hw_filter_inverse_innovation_covariance_cols, i32 %hw_filter_inverse_innovation_covariance_data_V, i32 %hw_filter_innovation_covariance_data_V" [kalman.cpp:122]   --->   Operation 143 'call' 'call_ln122' <Predicate = (!icmp_ln80)> <Delay = 0.00> <CoreType = "Generic">   --->   Core 0 '' <Latency = 0> <II = 1> <Delay = 1.00> <Generic> <Opcode : >

State 12 <SV = 6> <Delay = 1.53>
ST_12 : Operation 144 [1/1] (0.00ns)   --->   "%j_8 = phi i5 %add_ln82, void %_ZN13ap_fixed_baseILi33ELi17ELb1EL9ap_q_mode5EL9ap_o_mode3ELi0EEC2ILi32ELi16ELb1ELS0_5ELS1_3ELi0EEERKS_IXT_EXT0_EXT1_EXT2_EXT3_EXT4_EE.exit.i.i20, i5 0, void" [matrix.cpp:82]   --->   Operation 144 'phi' 'j_8' <Predicate = true> <Delay = 0.00>
ST_12 : Operation 145 [1/1] (0.82ns)   --->   "%add_ln82 = add i5 %j_8, i5 1" [matrix.cpp:82]   --->   Operation 145 'add' 'add_ln82' <Predicate = true> <Delay = 0.82> <CoreInst = "Adder">   --->   Core 1 'Adder' <Latency = 0> <II = 1> <Delay = 1.14> <FuncUnit> <Opcode : 'add' 'sub'> <InPorts = 2> <OutPorts = 1>
ST_12 : Operation 146 [1/1] (0.00ns)   --->   "%trunc_ln703_4 = trunc i5 %j_8"   --->   Operation 146 'trunc' 'trunc_ln703_4' <Predicate = true> <Delay = 0.00>
ST_12 : Operation 147 [1/1] (0.80ns)   --->   "%add_ln703_3 = add i4 %tmp_12_cast, i4 %trunc_ln703_4"   --->   Operation 147 'add' 'add_ln703_3' <Predicate = true> <Delay = 0.80> <CoreInst = "Adder">   --->   Core 1 'Adder' <Latency = 0> <II = 1> <Delay = 1.14> <FuncUnit> <Opcode : 'add' 'sub'> <InPorts = 2> <OutPorts = 1>
ST_12 : Operation 148 [1/1] (0.00ns)   --->   "%zext_ln703_1 = zext i4 %add_ln703_3"   --->   Operation 148 'zext' 'zext_ln703_1' <Predicate = true> <Delay = 0.00>
ST_12 : Operation 149 [1/1] (0.00ns)   --->   "%hw_filter_innovation_covariance_data_V_addr = getelementptr i32 %hw_filter_innovation_covariance_data_V, i64 0, i64 %zext_ln703_1"   --->   Operation 149 'getelementptr' 'hw_filter_innovation_covariance_data_V_addr' <Predicate = true> <Delay = 0.00>
ST_12 : Operation 150 [1/1] (0.00ns)   --->   "%hw_filter_observation_noise_covariance_data_V_addr = getelementptr i32 %hw_filter_observation_noise_covariance_data_V, i64 0, i64 %zext_ln703_1"   --->   Operation 150 'getelementptr' 'hw_filter_observation_noise_covariance_data_V_addr' <Predicate = true> <Delay = 0.00>
ST_12 : Operation 151 [1/1] (0.00ns)   --->   "%zext_ln82 = zext i5 %j_8" [matrix.cpp:82]   --->   Operation 151 'zext' 'zext_ln82' <Predicate = true> <Delay = 0.00>
ST_12 : Operation 152 [1/1] (0.80ns)   --->   "%icmp_ln82 = icmp_slt  i32 %zext_ln82, i32 %hw_filter_innovation_covariance_cols_ret" [matrix.cpp:82]   --->   Operation 152 'icmp' 'icmp_ln82' <Predicate = true> <Delay = 0.80> <CoreInst = "Cmp">   --->   Core 9 'Cmp' <Latency = 0> <II = 1> <Delay = 0.80> <FuncUnit> <Opcode : 'icmp'> <InPorts = 2> <OutPorts = 1>
ST_12 : Operation 153 [1/1] (0.00ns)   --->   "%br_ln82 = br i1 %icmp_ln82, void, void %_ZN13ap_fixed_baseILi33ELi17ELb1EL9ap_q_mode5EL9ap_o_mode3ELi0EEC2ILi32ELi16ELb1ELS0_5ELS1_3ELi0EEERKS_IXT_EXT0_EXT1_EXT2_EXT3_EXT4_EE.exit.i.i20" [matrix.cpp:82]   --->   Operation 153 'br' 'br_ln82' <Predicate = true> <Delay = 0.00>
ST_12 : Operation 154 [2/2] (0.73ns)   --->   "%hw_filter_innovation_covariance_data_V_load = load i4 %hw_filter_innovation_covariance_data_V_addr"   --->   Operation 154 'load' 'hw_filter_innovation_covariance_data_V_load' <Predicate = (icmp_ln82)> <Delay = 0.73> <CoreInst = "RAM">   --->   Core 83 'RAM' <Latency = 1> <II = 1> <Delay = 0.73> <Storage> <Opcode : 'load' 'store'> <Ports = 2> <Width = 32> <Depth = 16> <RAM>
ST_12 : Operation 155 [2/2] (0.73ns)   --->   "%hw_filter_observation_noise_covariance_data_V_load = load i4 %hw_filter_observation_noise_covariance_data_V_addr"   --->   Operation 155 'load' 'hw_filter_observation_noise_covariance_data_V_load' <Predicate = (icmp_ln82)> <Delay = 0.73> <CoreInst = "RAM">   --->   Core 83 'RAM' <Latency = 1> <II = 1> <Delay = 0.73> <Storage> <Opcode : 'load' 'store'> <Ports = 2> <Width = 32> <Depth = 16> <RAM>
ST_12 : Operation 156 [1/1] (0.00ns)   --->   "%br_ln80 = br void" [matrix.cpp:80]   --->   Operation 156 'br' 'br_ln80' <Predicate = (!icmp_ln82)> <Delay = 0.00>

State 13 <SV = 7> <Delay = 2.60>
ST_13 : Operation 157 [1/1] (0.00ns)   --->   "%speclooptripcount_ln693 = speclooptripcount void @_ssdm_op_SpecLoopTripCount, i64 1, i64 2, i64 1"   --->   Operation 157 'speclooptripcount' 'speclooptripcount_ln693' <Predicate = true> <Delay = 0.00>
ST_13 : Operation 158 [1/1] (0.00ns)   --->   "%specloopname_ln693 = specloopname void @_ssdm_op_SpecLoopName, void @empty_6"   --->   Operation 158 'specloopname' 'specloopname_ln693' <Predicate = true> <Delay = 0.00>
ST_13 : Operation 159 [1/2] (0.73ns)   --->   "%hw_filter_innovation_covariance_data_V_load = load i4 %hw_filter_innovation_covariance_data_V_addr"   --->   Operation 159 'load' 'hw_filter_innovation_covariance_data_V_load' <Predicate = true> <Delay = 0.73> <CoreInst = "RAM">   --->   Core 83 'RAM' <Latency = 1> <II = 1> <Delay = 0.73> <Storage> <Opcode : 'load' 'store'> <Ports = 2> <Width = 32> <Depth = 16> <RAM>
ST_13 : Operation 160 [1/2] (0.73ns)   --->   "%hw_filter_observation_noise_covariance_data_V_load = load i4 %hw_filter_observation_noise_covariance_data_V_addr"   --->   Operation 160 'load' 'hw_filter_observation_noise_covariance_data_V_load' <Predicate = true> <Delay = 0.73> <CoreInst = "RAM">   --->   Core 83 'RAM' <Latency = 1> <II = 1> <Delay = 0.73> <Storage> <Opcode : 'load' 'store'> <Ports = 2> <Width = 32> <Depth = 16> <RAM>
ST_13 : Operation 161 [1/1] (1.14ns)   --->   "%add_ln703 = add i32 %hw_filter_observation_noise_covariance_data_V_load, i32 %hw_filter_innovation_covariance_data_V_load"   --->   Operation 161 'add' 'add_ln703' <Predicate = true> <Delay = 1.14> <CoreInst = "Adder">   --->   Core 1 'Adder' <Latency = 0> <II = 1> <Delay = 1.14> <FuncUnit> <Opcode : 'add' 'sub'> <InPorts = 2> <OutPorts = 1>
ST_13 : Operation 162 [1/1] (0.73ns)   --->   "%store_ln84 = store i32 %add_ln703, i4 %hw_filter_innovation_covariance_data_V_addr" [matrix.cpp:84]   --->   Operation 162 'store' 'store_ln84' <Predicate = true> <Delay = 0.73> <CoreInst = "RAM">   --->   Core 83 'RAM' <Latency = 1> <II = 1> <Delay = 0.73> <Storage> <Opcode : 'load' 'store'> <Ports = 2> <Width = 32> <Depth = 16> <RAM>
ST_13 : Operation 163 [1/1] (0.00ns)   --->   "%br_ln82 = br void" [matrix.cpp:82]   --->   Operation 163 'br' 'br_ln82' <Predicate = true> <Delay = 0.00>

State 14 <SV = 6> <Delay = 0.00>
ST_14 : Operation 164 [1/2] (0.00ns)   --->   "%call_ln122 = call void @destructive_invert_matrix, i32 %hw_filter_innovation_covariance_rows, i32 %hw_filter_innovation_covariance_cols, i32 %hw_filter_inverse_innovation_covariance_cols, i32 %hw_filter_inverse_innovation_covariance_data_V, i32 %hw_filter_innovation_covariance_data_V" [kalman.cpp:122]   --->   Operation 164 'call' 'call_ln122' <Predicate = true> <Delay = 0.00> <CoreType = "Generic">   --->   Core 0 '' <Latency = 0> <II = 1> <Delay = 1.00> <Generic> <Opcode : >

State 15 <SV = 7> <Delay = 0.80>
ST_15 : Operation 165 [1/1] (0.00ns)   --->   "%hw_filter_vertical_scratch_rows_load = load i32 %hw_filter_vertical_scratch_rows" [kalman.cpp:126]   --->   Operation 165 'load' 'hw_filter_vertical_scratch_rows_load' <Predicate = true> <Delay = 0.00>
ST_15 : Operation 166 [1/1] (0.00ns)   --->   "%hw_filter_vertical_scratch_cols_load = load i32 %hw_filter_vertical_scratch_cols" [kalman.cpp:126]   --->   Operation 166 'load' 'hw_filter_vertical_scratch_cols_load' <Predicate = true> <Delay = 0.00>
ST_15 : Operation 167 [1/1] (0.00ns)   --->   "%hw_filter_inverse_innovation_covariance_cols_load = load i32 %hw_filter_inverse_innovation_covariance_cols" [kalman.cpp:126]   --->   Operation 167 'load' 'hw_filter_inverse_innovation_covariance_cols_load' <Predicate = true> <Delay = 0.00>
ST_15 : Operation 168 [2/2] (0.80ns)   --->   "%call_ret14 = call i64 @multiply_matrix, i32 %hw_filter_vertical_scratch_rows_load, i32 %hw_filter_vertical_scratch_cols_load, i32 %hw_filter_vertical_scratch_data_V, i32 %hw_filter_inverse_innovation_covariance_cols_load, i32 %hw_filter_inverse_innovation_covariance_data_V, i32 %hw_filter_optimal_gain_data_V" [kalman.cpp:126]   --->   Operation 168 'call' 'call_ret14' <Predicate = true> <Delay = 0.80> <CoreType = "Generic">   --->   Core 0 '' <Latency = 0> <II = 1> <Delay = 1.00> <Generic> <Opcode : >

State 16 <SV = 8> <Delay = 0.00>
ST_16 : Operation 169 [1/2] (0.00ns)   --->   "%call_ret14 = call i64 @multiply_matrix, i32 %hw_filter_vertical_scratch_rows_load, i32 %hw_filter_vertical_scratch_cols_load, i32 %hw_filter_vertical_scratch_data_V, i32 %hw_filter_inverse_innovation_covariance_cols_load, i32 %hw_filter_inverse_innovation_covariance_data_V, i32 %hw_filter_optimal_gain_data_V" [kalman.cpp:126]   --->   Operation 169 'call' 'call_ret14' <Predicate = true> <Delay = 0.00> <CoreType = "Generic">   --->   Core 0 '' <Latency = 0> <II = 1> <Delay = 1.00> <Generic> <Opcode : >
ST_16 : Operation 170 [1/1] (0.00ns)   --->   "%hw_filter_optimal_gain_rows_ret = extractvalue i64 %call_ret14" [kalman.cpp:126]   --->   Operation 170 'extractvalue' 'hw_filter_optimal_gain_rows_ret' <Predicate = true> <Delay = 0.00>
ST_16 : Operation 171 [1/1] (0.00ns)   --->   "%store_ln126 = store i32 %hw_filter_optimal_gain_rows_ret, i32 %hw_filter_optimal_gain_rows" [kalman.cpp:126]   --->   Operation 171 'store' 'store_ln126' <Predicate = true> <Delay = 0.00>
ST_16 : Operation 172 [1/1] (0.00ns)   --->   "%hw_filter_optimal_gain_cols_ret = extractvalue i64 %call_ret14" [kalman.cpp:126]   --->   Operation 172 'extractvalue' 'hw_filter_optimal_gain_cols_ret' <Predicate = true> <Delay = 0.00>
ST_16 : Operation 173 [1/1] (0.00ns)   --->   "%store_ln126 = store i32 %hw_filter_optimal_gain_cols_ret, i32 %hw_filter_optimal_gain_cols" [kalman.cpp:126]   --->   Operation 173 'store' 'store_ln126' <Predicate = true> <Delay = 0.00>

State 17 <SV = 9> <Delay = 0.80>
ST_17 : Operation 174 [1/1] (0.00ns)   --->   "%hw_filter_innovation_cols_load = load i32 %hw_filter_innovation_cols" [kalman.cpp:131]   --->   Operation 174 'load' 'hw_filter_innovation_cols_load' <Predicate = true> <Delay = 0.00>
ST_17 : Operation 175 [2/2] (0.80ns)   --->   "%call_ret15 = call i64 @multiply_matrix, i32 %hw_filter_optimal_gain_rows_ret, i32 %hw_filter_optimal_gain_cols_ret, i32 %hw_filter_optimal_gain_data_V, i32 %hw_filter_innovation_cols_load, i32 %hw_filter_innovation_data_V, i32 %hw_filter_state_estimate_data_V" [kalman.cpp:131]   --->   Operation 175 'call' 'call_ret15' <Predicate = true> <Delay = 0.80> <CoreType = "Generic">   --->   Core 0 '' <Latency = 0> <II = 1> <Delay = 1.00> <Generic> <Opcode : >

State 18 <SV = 10> <Delay = 0.46>
ST_18 : Operation 176 [1/2] (0.00ns)   --->   "%call_ret15 = call i64 @multiply_matrix, i32 %hw_filter_optimal_gain_rows_ret, i32 %hw_filter_optimal_gain_cols_ret, i32 %hw_filter_optimal_gain_data_V, i32 %hw_filter_innovation_cols_load, i32 %hw_filter_innovation_data_V, i32 %hw_filter_state_estimate_data_V" [kalman.cpp:131]   --->   Operation 176 'call' 'call_ret15' <Predicate = true> <Delay = 0.00> <CoreType = "Generic">   --->   Core 0 '' <Latency = 0> <II = 1> <Delay = 1.00> <Generic> <Opcode : >
ST_18 : Operation 177 [1/1] (0.00ns)   --->   "%hw_filter_state_estimate_rows_ret = extractvalue i64 %call_ret15" [kalman.cpp:131]   --->   Operation 177 'extractvalue' 'hw_filter_state_estimate_rows_ret' <Predicate = true> <Delay = 0.00>
ST_18 : Operation 178 [1/1] (0.00ns)   --->   "%hw_filter_state_estimate_cols_ret = extractvalue i64 %call_ret15" [kalman.cpp:131]   --->   Operation 178 'extractvalue' 'hw_filter_state_estimate_cols_ret' <Predicate = true> <Delay = 0.00>
ST_18 : Operation 179 [1/1] (0.00ns)   --->   "%store_ln131 = store i32 %hw_filter_state_estimate_cols_ret, i32 %hw_filter_state_estimate_cols" [kalman.cpp:131]   --->   Operation 179 'store' 'store_ln131' <Predicate = true> <Delay = 0.00>
ST_18 : Operation 180 [1/1] (0.46ns)   --->   "%br_ln80 = br void" [matrix.cpp:80]   --->   Operation 180 'br' 'br_ln80' <Predicate = true> <Delay = 0.46>

State 19 <SV = 11> <Delay = 1.60>
ST_19 : Operation 181 [1/1] (0.00ns)   --->   "%i_9 = phi i31 %add_ln80_1, void, i31 0, void %_Z10add_matrixP6MatrixS0_S0_.exit" [matrix.cpp:80]   --->   Operation 181 'phi' 'i_9' <Predicate = true> <Delay = 0.00>
ST_19 : Operation 182 [1/1] (1.14ns)   --->   "%add_ln80_1 = add i31 %i_9, i31 1" [matrix.cpp:80]   --->   Operation 182 'add' 'add_ln80_1' <Predicate = true> <Delay = 1.14> <CoreInst = "Adder">   --->   Core 1 'Adder' <Latency = 0> <II = 1> <Delay = 1.14> <FuncUnit> <Opcode : 'add' 'sub'> <InPorts = 2> <OutPorts = 1>
ST_19 : Operation 183 [1/1] (0.00ns)   --->   "%trunc_ln703_5 = trunc i31 %i_9"   --->   Operation 183 'trunc' 'trunc_ln703_5' <Predicate = true> <Delay = 0.00>
ST_19 : Operation 184 [1/1] (0.00ns)   --->   "%tmp_14_cast = bitconcatenate i4 @_ssdm_op_BitConcatenate.i4.i2.i2, i2 %trunc_ln703_5, i2 0" [matrix.cpp:80]   --->   Operation 184 'bitconcatenate' 'tmp_14_cast' <Predicate = true> <Delay = 0.00>
ST_19 : Operation 185 [1/1] (0.00ns)   --->   "%zext_ln80_1 = zext i31 %i_9" [matrix.cpp:80]   --->   Operation 185 'zext' 'zext_ln80_1' <Predicate = true> <Delay = 0.00>
ST_19 : Operation 186 [1/1] (0.80ns)   --->   "%icmp_ln80_1 = icmp_slt  i32 %zext_ln80_1, i32 %hw_filter_state_estimate_rows_ret" [matrix.cpp:80]   --->   Operation 186 'icmp' 'icmp_ln80_1' <Predicate = true> <Delay = 0.80> <CoreInst = "Cmp">   --->   Core 9 'Cmp' <Latency = 0> <II = 1> <Delay = 0.80> <FuncUnit> <Opcode : 'icmp'> <InPorts = 2> <OutPorts = 1>
ST_19 : Operation 187 [1/1] (0.00ns)   --->   "%br_ln80 = br i1 %icmp_ln80_1, void %_Z10add_matrixP6MatrixS0_S0_.exit38, void" [matrix.cpp:80]   --->   Operation 187 'br' 'br_ln80' <Predicate = true> <Delay = 0.00>
ST_19 : Operation 188 [1/1] (0.00ns)   --->   "%speclooptripcount_ln82 = speclooptripcount void @_ssdm_op_SpecLoopTripCount, i64 1, i64 2, i64 1" [matrix.cpp:82]   --->   Operation 188 'speclooptripcount' 'speclooptripcount_ln82' <Predicate = (icmp_ln80_1)> <Delay = 0.00>
ST_19 : Operation 189 [1/1] (0.00ns)   --->   "%specloopname_ln82 = specloopname void @_ssdm_op_SpecLoopName, void @empty_9" [matrix.cpp:82]   --->   Operation 189 'specloopname' 'specloopname_ln82' <Predicate = (icmp_ln80_1)> <Delay = 0.00>
ST_19 : Operation 190 [1/1] (0.46ns)   --->   "%br_ln82 = br void" [matrix.cpp:82]   --->   Operation 190 'br' 'br_ln82' <Predicate = (icmp_ln80_1)> <Delay = 0.46>
ST_19 : Operation 191 [1/1] (0.00ns)   --->   "%hw_filter_optimal_gain_rows_load = load i32 %hw_filter_optimal_gain_rows" [kalman.cpp:139]   --->   Operation 191 'load' 'hw_filter_optimal_gain_rows_load' <Predicate = (!icmp_ln80_1)> <Delay = 0.00>
ST_19 : Operation 192 [1/1] (0.00ns)   --->   "%hw_filter_optimal_gain_cols_load = load i32 %hw_filter_optimal_gain_cols" [kalman.cpp:139]   --->   Operation 192 'load' 'hw_filter_optimal_gain_cols_load' <Predicate = (!icmp_ln80_1)> <Delay = 0.00>
ST_19 : Operation 193 [2/2] (0.80ns)   --->   "%call_ret16 = call i64 @multiply_matrix, i32 %hw_filter_optimal_gain_rows_load, i32 %hw_filter_optimal_gain_cols_load, i32 %hw_filter_optimal_gain_data_V, i32 %hw_filter_observation_model_cols_load, i32 %hw_filter_observation_model_data_V, i32 %hw_filter_big_square_scratch_data_V" [kalman.cpp:139]   --->   Operation 193 'call' 'call_ret16' <Predicate = (!icmp_ln80_1)> <Delay = 0.80> <CoreType = "Generic">   --->   Core 0 '' <Latency = 0> <II = 1> <Delay = 1.00> <Generic> <Opcode : >

State 20 <SV = 12> <Delay = 1.53>
ST_20 : Operation 194 [1/1] (0.00ns)   --->   "%j_9 = phi i5 %add_ln82_1, void %_ZN13ap_fixed_baseILi33ELi17ELb1EL9ap_q_mode5EL9ap_o_mode3ELi0EEC2ILi32ELi16ELb1ELS0_5ELS1_3ELi0EEERKS_IXT_EXT0_EXT1_EXT2_EXT3_EXT4_EE.exit.i.i36, i5 0, void" [matrix.cpp:82]   --->   Operation 194 'phi' 'j_9' <Predicate = true> <Delay = 0.00>
ST_20 : Operation 195 [1/1] (0.82ns)   --->   "%add_ln82_1 = add i5 %j_9, i5 1" [matrix.cpp:82]   --->   Operation 195 'add' 'add_ln82_1' <Predicate = true> <Delay = 0.82> <CoreInst = "Adder">   --->   Core 1 'Adder' <Latency = 0> <II = 1> <Delay = 1.14> <FuncUnit> <Opcode : 'add' 'sub'> <InPorts = 2> <OutPorts = 1>
ST_20 : Operation 196 [1/1] (0.00ns)   --->   "%trunc_ln703_6 = trunc i5 %j_9"   --->   Operation 196 'trunc' 'trunc_ln703_6' <Predicate = true> <Delay = 0.00>
ST_20 : Operation 197 [1/1] (0.80ns)   --->   "%add_ln703_4 = add i4 %tmp_14_cast, i4 %trunc_ln703_6"   --->   Operation 197 'add' 'add_ln703_4' <Predicate = true> <Delay = 0.80> <CoreInst = "Adder">   --->   Core 1 'Adder' <Latency = 0> <II = 1> <Delay = 1.14> <FuncUnit> <Opcode : 'add' 'sub'> <InPorts = 2> <OutPorts = 1>
ST_20 : Operation 198 [1/1] (0.00ns)   --->   "%zext_ln703_2 = zext i4 %add_ln703_4"   --->   Operation 198 'zext' 'zext_ln703_2' <Predicate = true> <Delay = 0.00>
ST_20 : Operation 199 [1/1] (0.00ns)   --->   "%hw_filter_predicted_state_data_V_addr = getelementptr i32 %hw_filter_predicted_state_data_V, i64 0, i64 %zext_ln703_2"   --->   Operation 199 'getelementptr' 'hw_filter_predicted_state_data_V_addr' <Predicate = true> <Delay = 0.00>
ST_20 : Operation 200 [1/1] (0.00ns)   --->   "%hw_filter_state_estimate_data_V_addr = getelementptr i32 %hw_filter_state_estimate_data_V, i64 0, i64 %zext_ln703_2"   --->   Operation 200 'getelementptr' 'hw_filter_state_estimate_data_V_addr' <Predicate = true> <Delay = 0.00>
ST_20 : Operation 201 [1/1] (0.00ns)   --->   "%zext_ln82_1 = zext i5 %j_9" [matrix.cpp:82]   --->   Operation 201 'zext' 'zext_ln82_1' <Predicate = true> <Delay = 0.00>
ST_20 : Operation 202 [1/1] (0.80ns)   --->   "%icmp_ln82_1 = icmp_slt  i32 %zext_ln82_1, i32 %hw_filter_state_estimate_cols_ret" [matrix.cpp:82]   --->   Operation 202 'icmp' 'icmp_ln82_1' <Predicate = true> <Delay = 0.80> <CoreInst = "Cmp">   --->   Core 9 'Cmp' <Latency = 0> <II = 1> <Delay = 0.80> <FuncUnit> <Opcode : 'icmp'> <InPorts = 2> <OutPorts = 1>
ST_20 : Operation 203 [1/1] (0.00ns)   --->   "%br_ln82 = br i1 %icmp_ln82_1, void, void %_ZN13ap_fixed_baseILi33ELi17ELb1EL9ap_q_mode5EL9ap_o_mode3ELi0EEC2ILi32ELi16ELb1ELS0_5ELS1_3ELi0EEERKS_IXT_EXT0_EXT1_EXT2_EXT3_EXT4_EE.exit.i.i36" [matrix.cpp:82]   --->   Operation 203 'br' 'br_ln82' <Predicate = true> <Delay = 0.00>
ST_20 : Operation 204 [2/2] (0.73ns)   --->   "%hw_filter_state_estimate_data_V_load = load i4 %hw_filter_state_estimate_data_V_addr"   --->   Operation 204 'load' 'hw_filter_state_estimate_data_V_load' <Predicate = (icmp_ln82_1)> <Delay = 0.73> <CoreInst = "RAM">   --->   Core 83 'RAM' <Latency = 1> <II = 1> <Delay = 0.73> <Storage> <Opcode : 'load' 'store'> <Ports = 2> <Width = 32> <Depth = 16> <RAM>
ST_20 : Operation 205 [2/2] (0.73ns)   --->   "%hw_filter_predicted_state_data_V_load = load i4 %hw_filter_predicted_state_data_V_addr"   --->   Operation 205 'load' 'hw_filter_predicted_state_data_V_load' <Predicate = (icmp_ln82_1)> <Delay = 0.73> <CoreInst = "RAM">   --->   Core 83 'RAM' <Latency = 1> <II = 1> <Delay = 0.73> <Storage> <Opcode : 'load' 'store'> <Ports = 2> <Width = 32> <Depth = 16> <RAM>
ST_20 : Operation 206 [1/1] (0.00ns)   --->   "%br_ln80 = br void" [matrix.cpp:80]   --->   Operation 206 'br' 'br_ln80' <Predicate = (!icmp_ln82_1)> <Delay = 0.00>

State 21 <SV = 13> <Delay = 2.60>
ST_21 : Operation 207 [1/1] (0.00ns)   --->   "%speclooptripcount_ln693 = speclooptripcount void @_ssdm_op_SpecLoopTripCount, i64 1, i64 2, i64 1"   --->   Operation 207 'speclooptripcount' 'speclooptripcount_ln693' <Predicate = true> <Delay = 0.00>
ST_21 : Operation 208 [1/1] (0.00ns)   --->   "%specloopname_ln693 = specloopname void @_ssdm_op_SpecLoopName, void @empty_6"   --->   Operation 208 'specloopname' 'specloopname_ln693' <Predicate = true> <Delay = 0.00>
ST_21 : Operation 209 [1/2] (0.73ns)   --->   "%hw_filter_state_estimate_data_V_load = load i4 %hw_filter_state_estimate_data_V_addr"   --->   Operation 209 'load' 'hw_filter_state_estimate_data_V_load' <Predicate = true> <Delay = 0.73> <CoreInst = "RAM">   --->   Core 83 'RAM' <Latency = 1> <II = 1> <Delay = 0.73> <Storage> <Opcode : 'load' 'store'> <Ports = 2> <Width = 32> <Depth = 16> <RAM>
ST_21 : Operation 210 [1/2] (0.73ns)   --->   "%hw_filter_predicted_state_data_V_load = load i4 %hw_filter_predicted_state_data_V_addr"   --->   Operation 210 'load' 'hw_filter_predicted_state_data_V_load' <Predicate = true> <Delay = 0.73> <CoreInst = "RAM">   --->   Core 83 'RAM' <Latency = 1> <II = 1> <Delay = 0.73> <Storage> <Opcode : 'load' 'store'> <Ports = 2> <Width = 32> <Depth = 16> <RAM>
ST_21 : Operation 211 [1/1] (1.14ns)   --->   "%add_ln703_1 = add i32 %hw_filter_predicted_state_data_V_load, i32 %hw_filter_state_estimate_data_V_load"   --->   Operation 211 'add' 'add_ln703_1' <Predicate = true> <Delay = 1.14> <CoreInst = "Adder">   --->   Core 1 'Adder' <Latency = 0> <II = 1> <Delay = 1.14> <FuncUnit> <Opcode : 'add' 'sub'> <InPorts = 2> <OutPorts = 1>
ST_21 : Operation 212 [1/1] (0.73ns)   --->   "%store_ln84 = store i32 %add_ln703_1, i4 %hw_filter_state_estimate_data_V_addr" [matrix.cpp:84]   --->   Operation 212 'store' 'store_ln84' <Predicate = true> <Delay = 0.73> <CoreInst = "RAM">   --->   Core 83 'RAM' <Latency = 1> <II = 1> <Delay = 0.73> <Storage> <Opcode : 'load' 'store'> <Ports = 2> <Width = 32> <Depth = 16> <RAM>
ST_21 : Operation 213 [1/1] (0.00ns)   --->   "%br_ln82 = br void" [matrix.cpp:82]   --->   Operation 213 'br' 'br_ln82' <Predicate = true> <Delay = 0.00>

State 22 <SV = 12> <Delay = 0.46>
ST_22 : Operation 214 [1/2] (0.00ns)   --->   "%call_ret16 = call i64 @multiply_matrix, i32 %hw_filter_optimal_gain_rows_load, i32 %hw_filter_optimal_gain_cols_load, i32 %hw_filter_optimal_gain_data_V, i32 %hw_filter_observation_model_cols_load, i32 %hw_filter_observation_model_data_V, i32 %hw_filter_big_square_scratch_data_V" [kalman.cpp:139]   --->   Operation 214 'call' 'call_ret16' <Predicate = true> <Delay = 0.00> <CoreType = "Generic">   --->   Core 0 '' <Latency = 0> <II = 1> <Delay = 1.00> <Generic> <Opcode : >
ST_22 : Operation 215 [1/1] (0.00ns)   --->   "%hw_filter_big_square_scratch_rows_ret = extractvalue i64 %call_ret16" [kalman.cpp:139]   --->   Operation 215 'extractvalue' 'hw_filter_big_square_scratch_rows_ret' <Predicate = true> <Delay = 0.00>
ST_22 : Operation 216 [1/1] (0.00ns)   --->   "%hw_filter_big_square_scratch_cols_ret = extractvalue i64 %call_ret16" [kalman.cpp:139]   --->   Operation 216 'extractvalue' 'hw_filter_big_square_scratch_cols_ret' <Predicate = true> <Delay = 0.00>
ST_22 : Operation 217 [1/1] (0.46ns)   --->   "%br_ln103 = br void" [matrix.cpp:103]   --->   Operation 217 'br' 'br_ln103' <Predicate = true> <Delay = 0.46>

State 23 <SV = 13> <Delay = 1.60>
ST_23 : Operation 218 [1/1] (0.00ns)   --->   "%i_10 = phi i32 %add_ln103, void %._crit_edge.i47.loopexit, i32 0, void %_Z10add_matrixP6MatrixS0_S0_.exit38" [matrix.cpp:103]   --->   Operation 218 'phi' 'i_10' <Predicate = true> <Delay = 0.00>
ST_23 : Operation 219 [1/1] (1.14ns)   --->   "%add_ln103 = add i32 %i_10, i32 1" [matrix.cpp:103]   --->   Operation 219 'add' 'add_ln103' <Predicate = true> <Delay = 1.14> <CoreInst = "Adder">   --->   Core 1 'Adder' <Latency = 0> <II = 1> <Delay = 1.14> <FuncUnit> <Opcode : 'add' 'sub'> <InPorts = 2> <OutPorts = 1>
ST_23 : Operation 220 [1/1] (0.00ns)   --->   "%empty_33 = trunc i32 %i_10" [matrix.cpp:103]   --->   Operation 220 'trunc' 'empty_33' <Predicate = true> <Delay = 0.00>
ST_23 : Operation 221 [1/1] (0.00ns)   --->   "%empty_34 = trunc i32 %i_10" [matrix.cpp:103]   --->   Operation 221 'trunc' 'empty_34' <Predicate = true> <Delay = 0.00>
ST_23 : Operation 222 [1/1] (0.00ns)   --->   "%tmp_15_cast = bitconcatenate i4 @_ssdm_op_BitConcatenate.i4.i2.i2, i2 %empty_34, i2 0" [matrix.cpp:103]   --->   Operation 222 'bitconcatenate' 'tmp_15_cast' <Predicate = true> <Delay = 0.00>
ST_23 : Operation 223 [1/1] (0.80ns)   --->   "%empty_35 = add i4 %tmp_15_cast, i4 %empty_33" [matrix.cpp:103]   --->   Operation 223 'add' 'empty_35' <Predicate = true> <Delay = 0.80> <CoreInst = "Adder">   --->   Core 1 'Adder' <Latency = 0> <II = 1> <Delay = 1.14> <FuncUnit> <Opcode : 'add' 'sub'> <InPorts = 2> <OutPorts = 1>
ST_23 : Operation 224 [1/1] (0.00ns)   --->   "%p_cast = zext i4 %empty_35" [matrix.cpp:103]   --->   Operation 224 'zext' 'p_cast' <Predicate = true> <Delay = 0.00>
ST_23 : Operation 225 [1/1] (0.00ns)   --->   "%hw_filter_big_square_scratch_data_V_addr = getelementptr i32 %hw_filter_big_square_scratch_data_V, i64 0, i64 %p_cast" [matrix.cpp:103]   --->   Operation 225 'getelementptr' 'hw_filter_big_square_scratch_data_V_addr' <Predicate = true> <Delay = 0.00>
ST_23 : Operation 226 [1/1] (0.80ns)   --->   "%icmp_ln103 = icmp_eq  i32 %i_10, i32 %hw_filter_big_square_scratch_rows_ret" [matrix.cpp:103]   --->   Operation 226 'icmp' 'icmp_ln103' <Predicate = true> <Delay = 0.80> <CoreInst = "Cmp">   --->   Core 9 'Cmp' <Latency = 0> <II = 1> <Delay = 0.80> <FuncUnit> <Opcode : 'icmp'> <InPorts = 2> <OutPorts = 1>
ST_23 : Operation 227 [1/1] (0.00ns)   --->   "%br_ln103 = br i1 %icmp_ln103, void %.split2, void %_Z29subtract_from_identity_matrixP6Matrix.exit.loopexit" [matrix.cpp:103]   --->   Operation 227 'br' 'br_ln103' <Predicate = true> <Delay = 0.00>
ST_23 : Operation 228 [1/1] (0.00ns)   --->   "%speclooptripcount_ln103 = speclooptripcount void @_ssdm_op_SpecLoopTripCount, i64 1, i64 2, i64 1" [matrix.cpp:103]   --->   Operation 228 'speclooptripcount' 'speclooptripcount_ln103' <Predicate = (!icmp_ln103)> <Delay = 0.00>
ST_23 : Operation 229 [1/1] (0.00ns)   --->   "%specloopname_ln103 = specloopname void @_ssdm_op_SpecLoopName, void @empty_2" [matrix.cpp:103]   --->   Operation 229 'specloopname' 'specloopname_ln103' <Predicate = (!icmp_ln103)> <Delay = 0.00>
ST_23 : Operation 230 [1/1] (0.46ns)   --->   "%br_ln105 = br void" [matrix.cpp:105]   --->   Operation 230 'br' 'br_ln105' <Predicate = (!icmp_ln103)> <Delay = 0.46>
ST_23 : Operation 231 [2/2] (0.80ns)   --->   "%call_ret4 = call i64 @multiply_matrix, i32 %hw_filter_big_square_scratch_rows_ret, i32 %hw_filter_big_square_scratch_cols_ret, i32 %hw_filter_big_square_scratch_data_V, i32 %hw_filter_predicted_estimate_covariance_cols_load, i32 %hw_filter_predicted_estimate_covariance_data_V, i32 %hw_filter_estimate_covariance_data_V" [kalman.cpp:144]   --->   Operation 231 'call' 'call_ret4' <Predicate = (icmp_ln103)> <Delay = 0.80> <CoreType = "Generic">   --->   Core 0 '' <Latency = 0> <II = 1> <Delay = 1.00> <Generic> <Opcode : >

State 24 <SV = 14> <Delay = 1.53>
ST_24 : Operation 232 [1/1] (0.00ns)   --->   "%j_10 = phi i32 %add_ln105, void, i32 0, void %.split2" [matrix.cpp:105]   --->   Operation 232 'phi' 'j_10' <Predicate = true> <Delay = 0.00>
ST_24 : Operation 233 [1/1] (1.14ns)   --->   "%add_ln105 = add i32 %j_10, i32 1" [matrix.cpp:105]   --->   Operation 233 'add' 'add_ln105' <Predicate = true> <Delay = 1.14> <CoreInst = "Adder">   --->   Core 1 'Adder' <Latency = 0> <II = 1> <Delay = 1.14> <FuncUnit> <Opcode : 'add' 'sub'> <InPorts = 2> <OutPorts = 1>
ST_24 : Operation 234 [1/1] (0.00ns)   --->   "%trunc_ln703_7 = trunc i32 %j_10"   --->   Operation 234 'trunc' 'trunc_ln703_7' <Predicate = true> <Delay = 0.00>
ST_24 : Operation 235 [1/1] (0.80ns)   --->   "%add_ln703_5 = add i4 %tmp_15_cast, i4 %trunc_ln703_7"   --->   Operation 235 'add' 'add_ln703_5' <Predicate = true> <Delay = 0.80> <CoreInst = "Adder">   --->   Core 1 'Adder' <Latency = 0> <II = 1> <Delay = 1.14> <FuncUnit> <Opcode : 'add' 'sub'> <InPorts = 2> <OutPorts = 1>
ST_24 : Operation 236 [1/1] (0.00ns)   --->   "%zext_ln703_3 = zext i4 %add_ln703_5"   --->   Operation 236 'zext' 'zext_ln703_3' <Predicate = true> <Delay = 0.00>
ST_24 : Operation 237 [1/1] (0.00ns)   --->   "%hw_filter_big_square_scratch_data_V_addr_2 = getelementptr i32 %hw_filter_big_square_scratch_data_V, i64 0, i64 %zext_ln703_3"   --->   Operation 237 'getelementptr' 'hw_filter_big_square_scratch_data_V_addr_2' <Predicate = true> <Delay = 0.00>
ST_24 : Operation 238 [1/1] (0.80ns)   --->   "%icmp_ln105 = icmp_eq  i32 %j_10, i32 %hw_filter_big_square_scratch_cols_ret" [matrix.cpp:105]   --->   Operation 238 'icmp' 'icmp_ln105' <Predicate = true> <Delay = 0.80> <CoreInst = "Cmp">   --->   Core 9 'Cmp' <Latency = 0> <II = 1> <Delay = 0.80> <FuncUnit> <Opcode : 'icmp'> <InPorts = 2> <OutPorts = 1>
ST_24 : Operation 239 [1/1] (0.00ns)   --->   "%br_ln105 = br i1 %icmp_ln105, void %.split, void %._crit_edge.i47.loopexit" [matrix.cpp:105]   --->   Operation 239 'br' 'br_ln105' <Predicate = true> <Delay = 0.00>
ST_24 : Operation 240 [1/1] (0.80ns)   --->   "%icmp_ln107 = icmp_eq  i32 %i_10, i32 %j_10" [matrix.cpp:107]   --->   Operation 240 'icmp' 'icmp_ln107' <Predicate = (!icmp_ln105)> <Delay = 0.80> <CoreInst = "Cmp">   --->   Core 9 'Cmp' <Latency = 0> <II = 1> <Delay = 0.80> <FuncUnit> <Opcode : 'icmp'> <InPorts = 2> <OutPorts = 1>
ST_24 : Operation 241 [2/2] (0.73ns)   --->   "%hw_filter_big_square_scratch_data_V_load = load i4 %hw_filter_big_square_scratch_data_V_addr_2"   --->   Operation 241 'load' 'hw_filter_big_square_scratch_data_V_load' <Predicate = (!icmp_ln105)> <Delay = 0.73> <CoreInst = "RAM">   --->   Core 83 'RAM' <Latency = 1> <II = 1> <Delay = 0.73> <Storage> <Opcode : 'load' 'store'> <Ports = 2> <Width = 32> <Depth = 16> <RAM>
ST_24 : Operation 242 [1/1] (0.00ns)   --->   "%br_ln0 = br void"   --->   Operation 242 'br' 'br_ln0' <Predicate = (icmp_ln105)> <Delay = 0.00>

State 25 <SV = 15> <Delay = 2.60>
ST_25 : Operation 243 [1/1] (0.00ns)   --->   "%speclooptripcount_ln105 = speclooptripcount void @_ssdm_op_SpecLoopTripCount, i64 1, i64 2, i64 1" [matrix.cpp:105]   --->   Operation 243 'speclooptripcount' 'speclooptripcount_ln105' <Predicate = true> <Delay = 0.00>
ST_25 : Operation 244 [1/1] (0.00ns)   --->   "%specloopname_ln105 = specloopname void @_ssdm_op_SpecLoopName, void @empty_12" [matrix.cpp:105]   --->   Operation 244 'specloopname' 'specloopname_ln105' <Predicate = true> <Delay = 0.00>
ST_25 : Operation 245 [1/2] (0.73ns)   --->   "%hw_filter_big_square_scratch_data_V_load = load i4 %hw_filter_big_square_scratch_data_V_addr_2"   --->   Operation 245 'load' 'hw_filter_big_square_scratch_data_V_load' <Predicate = true> <Delay = 0.73> <CoreInst = "RAM">   --->   Core 83 'RAM' <Latency = 1> <II = 1> <Delay = 0.73> <Storage> <Opcode : 'load' 'store'> <Ports = 2> <Width = 32> <Depth = 16> <RAM>
ST_25 : Operation 246 [1/1] (0.00ns)   --->   "%br_ln107 = br i1 %icmp_ln107, void %_ZN8ap_fixedILi32ELi16EL9ap_q_mode5EL9ap_o_mode3ELi0EEC2Ei.exit35.i, void %_ZN13ap_fixed_baseILi33ELi17ELb1EL9ap_q_mode5EL9ap_o_mode3ELi0EEC2ILi32ELi16ELb1ELS0_5ELS1_3ELi0EEERKS_IXT_EXT0_EXT1_EXT2_EXT3_EXT4_EE.exit.i58.i" [matrix.cpp:107]   --->   Operation 246 'br' 'br_ln107' <Predicate = true> <Delay = 0.00>
ST_25 : Operation 247 [1/1] (1.14ns)   --->   "%sub_ln703_2 = sub i32 0, i32 %hw_filter_big_square_scratch_data_V_load"   --->   Operation 247 'sub' 'sub_ln703_2' <Predicate = (!icmp_ln107)> <Delay = 1.14> <CoreInst = "Adder">   --->   Core 1 'Adder' <Latency = 0> <II = 1> <Delay = 1.14> <FuncUnit> <Opcode : 'add' 'sub'> <InPorts = 2> <OutPorts = 1>
ST_25 : Operation 248 [1/1] (0.73ns)   --->   "%store_ln110 = store i32 %sub_ln703_2, i4 %hw_filter_big_square_scratch_data_V_addr_2" [matrix.cpp:110]   --->   Operation 248 'store' 'store_ln110' <Predicate = (!icmp_ln107)> <Delay = 0.73> <CoreInst = "RAM">   --->   Core 83 'RAM' <Latency = 1> <II = 1> <Delay = 0.73> <Storage> <Opcode : 'load' 'store'> <Ports = 2> <Width = 32> <Depth = 16> <RAM>
ST_25 : Operation 249 [1/1] (0.00ns)   --->   "%br_ln0 = br void"   --->   Operation 249 'br' 'br_ln0' <Predicate = (!icmp_ln107)> <Delay = 0.00>
ST_25 : Operation 250 [1/1] (1.14ns)   --->   "%sub_ln703_1 = sub i32 65536, i32 %hw_filter_big_square_scratch_data_V_load"   --->   Operation 250 'sub' 'sub_ln703_1' <Predicate = (icmp_ln107)> <Delay = 1.14> <CoreInst = "Adder">   --->   Core 1 'Adder' <Latency = 0> <II = 1> <Delay = 1.14> <FuncUnit> <Opcode : 'add' 'sub'> <InPorts = 2> <OutPorts = 1>
ST_25 : Operation 251 [1/1] (0.73ns)   --->   "%store_ln108 = store i32 %sub_ln703_1, i4 %hw_filter_big_square_scratch_data_V_addr" [matrix.cpp:108]   --->   Operation 251 'store' 'store_ln108' <Predicate = (icmp_ln107)> <Delay = 0.73> <CoreInst = "RAM">   --->   Core 83 'RAM' <Latency = 1> <II = 1> <Delay = 0.73> <Storage> <Opcode : 'load' 'store'> <Ports = 2> <Width = 32> <Depth = 16> <RAM>
ST_25 : Operation 252 [1/1] (0.00ns)   --->   "%br_ln108 = br void" [matrix.cpp:108]   --->   Operation 252 'br' 'br_ln108' <Predicate = (icmp_ln107)> <Delay = 0.00>
ST_25 : Operation 253 [1/1] (0.00ns)   --->   "%br_ln0 = br void"   --->   Operation 253 'br' 'br_ln0' <Predicate = true> <Delay = 0.00>

State 26 <SV = 14> <Delay = 0.00>
ST_26 : Operation 254 [1/2] (0.00ns)   --->   "%call_ret4 = call i64 @multiply_matrix, i32 %hw_filter_big_square_scratch_rows_ret, i32 %hw_filter_big_square_scratch_cols_ret, i32 %hw_filter_big_square_scratch_data_V, i32 %hw_filter_predicted_estimate_covariance_cols_load, i32 %hw_filter_predicted_estimate_covariance_data_V, i32 %hw_filter_estimate_covariance_data_V" [kalman.cpp:144]   --->   Operation 254 'call' 'call_ret4' <Predicate = true> <Delay = 0.00> <CoreType = "Generic">   --->   Core 0 '' <Latency = 0> <II = 1> <Delay = 1.00> <Generic> <Opcode : >
ST_26 : Operation 255 [1/1] (0.00ns)   --->   "%hw_filter_estimate_covariance_rows_ret = extractvalue i64 %call_ret4" [kalman.cpp:144]   --->   Operation 255 'extractvalue' 'hw_filter_estimate_covariance_rows_ret' <Predicate = true> <Delay = 0.00>
ST_26 : Operation 256 [1/1] (0.00ns)   --->   "%store_ln144 = store i32 %hw_filter_estimate_covariance_rows_ret, i32 %hw_filter_estimate_covariance_rows" [kalman.cpp:144]   --->   Operation 256 'store' 'store_ln144' <Predicate = true> <Delay = 0.00>
ST_26 : Operation 257 [1/1] (0.00ns)   --->   "%hw_filter_estimate_covariance_cols_ret = extractvalue i64 %call_ret4" [kalman.cpp:144]   --->   Operation 257 'extractvalue' 'hw_filter_estimate_covariance_cols_ret' <Predicate = true> <Delay = 0.00>
ST_26 : Operation 258 [1/1] (0.00ns)   --->   "%store_ln144 = store i32 %hw_filter_estimate_covariance_cols_ret, i32 %hw_filter_estimate_covariance_cols" [kalman.cpp:144]   --->   Operation 258 'store' 'store_ln144' <Predicate = true> <Delay = 0.00>
ST_26 : Operation 259 [1/1] (0.00ns)   --->   "%ret_ln147 = ret" [kalman.cpp:147]   --->   Operation 259 'ret' 'ret_ln147' <Predicate = true> <Delay = 0.00>


============================================================
+ Verbose Summary: Timing violations
============================================================
Target clock period: 10ns, clock uncertainty: 2.7ns.

 <State 1>: 0.802ns
The critical path consists of the following:
	'load' operation ('hw_filter_observation_model_rows_load', kalman.cpp:104) on static variable 'hw_filter_observation_model_rows' [34]  (0 ns)
	'call' operation ('empty', kalman.cpp:104) to 'multiply_matrix' [37]  (0.802 ns)

 <State 2>: 0.46ns
The critical path consists of the following:
	multiplexor before 'phi' operation ('i', matrix.cpp:93) with incoming values : ('add_ln93', matrix.cpp:93) [43]  (0.46 ns)

 <State 3>: 1.14ns
The critical path consists of the following:
	'phi' operation ('i', matrix.cpp:93) with incoming values : ('add_ln93', matrix.cpp:93) [43]  (0 ns)
	'add' operation ('add_ln93', matrix.cpp:93) [44]  (1.14 ns)

 <State 4>: 1.54ns
The critical path consists of the following:
	'phi' operation ('j', matrix.cpp:95) with incoming values : ('add_ln95', matrix.cpp:95) [54]  (0 ns)
	'add' operation ('add_ln703_2') [57]  (0.809 ns)
	'getelementptr' operation ('hw_filter_observation_data_V_addr') [60]  (0 ns)
	'load' operation ('hw_filter_observation_data_V_load') on array 'hw_filter_observation_data_V' [67]  (0.73 ns)

 <State 5>: 2.6ns
The critical path consists of the following:
	'load' operation ('hw_filter_observation_data_V_load') on array 'hw_filter_observation_data_V' [67]  (0.73 ns)
	'sub' operation ('sub_ln703') [69]  (1.14 ns)
	'store' operation ('store_ln97', matrix.cpp:97) of variable 'sub_ln703' on array 'hw_filter_innovation_data_V' [70]  (0.73 ns)

 <State 6>: 1.6ns
The critical path consists of the following:
	'phi' operation ('i', matrix.cpp:136) with incoming values : ('add_ln136', matrix.cpp:136) [82]  (0 ns)
	'add' operation ('add_ln136', matrix.cpp:136) [83]  (1.14 ns)
	blocking operation 0.462 ns on control path)

 <State 7>: 1.54ns
The critical path consists of the following:
	'phi' operation ('j', matrix.cpp:138) with incoming values : ('add_ln138', matrix.cpp:138) [93]  (0 ns)
	'add' operation ('add_ln140', matrix.cpp:140) [98]  (0.809 ns)
	'getelementptr' operation ('hw_filter_vertical_scratch_data_V_addr', matrix.cpp:140) [100]  (0 ns)
	'store' operation ('store_ln140', matrix.cpp:140) of constant 0 on array 'hw_filter_vertical_scratch_data_V' [107]  (0.73 ns)

 <State 8>: 1.54ns
The critical path consists of the following:
	'phi' operation ('k', matrix.cpp:141) with incoming values : ('add_ln141', matrix.cpp:141) [112]  (0 ns)
	'add' operation ('add_ln1116') [119]  (0.809 ns)
	'getelementptr' operation ('hw_filter_predicted_estimate_covariance_data_V_addr') [121]  (0 ns)
	'load' operation ('r.V') on array 'hw_filter_predicted_estimate_covariance_data_V' [128]  (0.73 ns)

 <State 9>: 5.91ns
The critical path consists of the following:
	'load' operation ('r.V') on array 'hw_filter_predicted_estimate_covariance_data_V' [128]  (0.73 ns)
	'mul' operation ('r.V') [132]  (3.9 ns)
	'add' operation ('ret.V') [134]  (1.28 ns)

 <State 10>: 0.46ns
The critical path consists of the following:
	multiplexor before 'phi' operation ('i', matrix.cpp:80) with incoming values : ('add_ln80', matrix.cpp:80) [152]  (0.46 ns)

 <State 11>: 1.14ns
The critical path consists of the following:
	'phi' operation ('i', matrix.cpp:80) with incoming values : ('add_ln80', matrix.cpp:80) [152]  (0 ns)
	'add' operation ('add_ln80', matrix.cpp:80) [153]  (1.14 ns)

 <State 12>: 1.54ns
The critical path consists of the following:
	'phi' operation ('j', matrix.cpp:82) with incoming values : ('add_ln82', matrix.cpp:82) [164]  (0 ns)
	'add' operation ('add_ln703_3') [167]  (0.809 ns)
	'getelementptr' operation ('hw_filter_innovation_covariance_data_V_addr') [169]  (0 ns)
	'load' operation ('hw_filter_innovation_covariance_data_V_load') on array 'hw_filter_innovation_covariance_data_V' [177]  (0.73 ns)

 <State 13>: 2.6ns
The critical path consists of the following:
	'load' operation ('hw_filter_innovation_covariance_data_V_load') on array 'hw_filter_innovation_covariance_data_V' [177]  (0.73 ns)
	'add' operation ('add_ln703') [179]  (1.14 ns)
	'store' operation ('store_ln84', matrix.cpp:84) of variable 'add_ln703' on array 'hw_filter_innovation_covariance_data_V' [180]  (0.73 ns)

 <State 14>: 0ns
The critical path consists of the following:

 <State 15>: 0.802ns
The critical path consists of the following:
	'load' operation ('hw_filter_vertical_scratch_rows_load', kalman.cpp:126) on static variable 'hw_filter_vertical_scratch_rows' [186]  (0 ns)
	'call' operation ('call_ret14', kalman.cpp:126) to 'multiply_matrix' [189]  (0.802 ns)

 <State 16>: 0ns
The critical path consists of the following:

 <State 17>: 0.802ns
The critical path consists of the following:
	'load' operation ('hw_filter_innovation_cols_load', kalman.cpp:131) on static variable 'hw_filter_innovation_cols' [194]  (0 ns)
	'call' operation ('call_ret15', kalman.cpp:131) to 'multiply_matrix' [195]  (0.802 ns)

 <State 18>: 0.46ns
The critical path consists of the following:
	multiplexor before 'phi' operation ('i', matrix.cpp:80) with incoming values : ('add_ln80_1', matrix.cpp:80) [201]  (0.46 ns)

 <State 19>: 1.6ns
The critical path consists of the following:
	'phi' operation ('i', matrix.cpp:80) with incoming values : ('add_ln80_1', matrix.cpp:80) [201]  (0 ns)
	'add' operation ('add_ln80_1', matrix.cpp:80) [202]  (1.14 ns)
	blocking operation 0.463 ns on control path)

 <State 20>: 1.54ns
The critical path consists of the following:
	'phi' operation ('j', matrix.cpp:82) with incoming values : ('add_ln82_1', matrix.cpp:82) [213]  (0 ns)
	'add' operation ('add_ln703_4') [216]  (0.809 ns)
	'getelementptr' operation ('hw_filter_state_estimate_data_V_addr') [219]  (0 ns)
	'load' operation ('hw_filter_state_estimate_data_V_load') on array 'hw_filter_state_estimate_data_V' [226]  (0.73 ns)

 <State 21>: 2.6ns
The critical path consists of the following:
	'load' operation ('hw_filter_state_estimate_data_V_load') on array 'hw_filter_state_estimate_data_V' [226]  (0.73 ns)
	'add' operation ('add_ln703_1') [228]  (1.14 ns)
	'store' operation ('store_ln84', matrix.cpp:84) of variable 'add_ln703_1' on array 'hw_filter_state_estimate_data_V' [229]  (0.73 ns)

 <State 22>: 0.46ns
The critical path consists of the following:
	multiplexor before 'phi' operation ('i', matrix.cpp:103) with incoming values : ('add_ln103', matrix.cpp:103) [241]  (0.46 ns)

 <State 23>: 1.6ns
The critical path consists of the following:
	'phi' operation ('i', matrix.cpp:103) with incoming values : ('add_ln103', matrix.cpp:103) [241]  (0 ns)
	'add' operation ('add_ln103', matrix.cpp:103) [242]  (1.14 ns)
	blocking operation 0.462 ns on control path)

 <State 24>: 1.54ns
The critical path consists of the following:
	'phi' operation ('j', matrix.cpp:105) with incoming values : ('add_ln105', matrix.cpp:105) [256]  (0 ns)
	'add' operation ('add_ln703_5') [259]  (0.809 ns)
	'getelementptr' operation ('hw_filter_big_square_scratch_data_V_addr_2') [261]  (0 ns)
	'load' operation ('hw_filter_big_square_scratch_data_V_load') on array 'hw_filter_big_square_scratch_data_V' [268]  (0.73 ns)

 <State 25>: 2.6ns
The critical path consists of the following:
	'load' operation ('hw_filter_big_square_scratch_data_V_load') on array 'hw_filter_big_square_scratch_data_V' [268]  (0.73 ns)
	'sub' operation ('sub_ln703_2') [271]  (1.14 ns)
	'store' operation ('store_ln110', matrix.cpp:110) of variable 'sub_ln703_2' on array 'hw_filter_big_square_scratch_data_V' [272]  (0.73 ns)

 <State 26>: 0ns
The critical path consists of the following:


============================================================
+ Verbose Summary: Binding
============================================================
N/A
* FSMD analyzer results:
  - Output states:
 - Input state : 
  - Chain level:
	State 1
	State 2
	State 3
	State 4
	State 5
	State 6
	State 7
	State 8
	State 9
	State 10
	State 11
	State 12
	State 13
	State 14
	State 15
	State 16
	State 17
	State 18
	State 19
	State 20
	State 21
	State 22
	State 23
	State 24
	State 25
	State 26


============================================================
+ Verbose Summary: Datapath Resource usage 
============================================================
N/A
