

================================================================
== Vitis HLS Report for 'init_matrix'
================================================================
* Date:           Wed Apr 29 02:01:14 2026

* Version:        2020.2 (Build 3064766 on Wed Nov 18 09:12:45 MST 2020)
* Project:        kalman_hls
* Solution:       solution1 (Vivado IP Flow Target)
* Product family: virtexuplus
* Target device:  xcvu11p-flga2577-1-e


================================================================
== Performance Estimates
================================================================
+ Timing: 
    * Summary: 
    +--------+----------+----------+------------+
    |  Clock |  Target  | Estimated| Uncertainty|
    +--------+----------+----------+------------+
    |ap_clk  |  10.00 ns|  0.730 ns|     2.70 ns|
    +--------+----------+----------+------------+

+ Latency: 
    * Summary: 
    +---------+---------+-----------+-----------+-----+-----+---------+
    |  Latency (cycles) |   Latency (absolute)  |  Interval | Pipeline|
    |   min   |   max   |    min    |    max    | min | max |   Type  |
    +---------+---------+-----------+-----------+-----+-----+---------+
    |        7|        7|  70.000 ns|  70.000 ns|    8|    8|      yes|
    +---------+---------+-----------+-----------+-----+-----+---------+

    + Detail: 
        * Instance: 
        N/A

        * Loop: 
        N/A

============================================================
+ Verbose Summary: Synthesis Manager
============================================================
InlineROM: 1
ExposeGlobal: 0
============================================================
+ Verbose Summary: CDFG Model
============================================================
IsTopModel: 0
ResetActiveHigh: 1
IsCombinational: 0
IsDatapathOnly: 0
HasWiredReturn: 1
HasMFsm: 2
HasVarLatency: 0
IsPipeline: 1
IsRtlPipelined: 0
IsInstanceOverlapped: 0
IsDontTouch: 0
HasImplIP: 0
IsGatedGlobalClock: 0

+ Individual pipeline summary: 
  * Pipeline-0: initiation interval (II) = 8, depth = 8


============================================================
+ Verbose Summary: Schedule
============================================================
* Number of FSM states : 8
* Pipeline : 1
  Pipeline-0 : II = 8, D = 8, States = { 1 2 3 4 5 6 7 8 }
* Dataflow Pipeline: 0

* FSM state transitions: 
1 --> 2 
2 --> 3 
3 --> 4 
4 --> 5 
5 --> 6 
6 --> 7 
7 --> 8 
8 --> 

* FSM state operations: 

State 1 <SV = 0> <Delay = 0.73>
ST_1 : Operation 9 [1/1] (0.00ns)   --->   "%m_data_addr = getelementptr i32 %m_data, i64 0, i64 0" [matrix.cpp:17]   --->   Operation 9 'getelementptr' 'm_data_addr' <Predicate = true> <Delay = 0.00>
ST_1 : Operation 10 [1/1] (0.00ns)   --->   "%m_data_addr_1 = getelementptr i32 %m_data, i64 0, i64 1" [matrix.cpp:17]   --->   Operation 10 'getelementptr' 'm_data_addr_1' <Predicate = true> <Delay = 0.00>
ST_1 : Operation 11 [1/1] (0.73ns)   --->   "%store_ln17 = store i32 0, i4 %m_data_addr" [matrix.cpp:17]   --->   Operation 11 'store' 'store_ln17' <Predicate = true> <Delay = 0.73> <CoreInst = "RAM">   --->   Core 83 'RAM' <Latency = 1> <II = 1> <Delay = 0.73> <Storage> <Opcode : 'load' 'store'> <Ports = 2> <Width = 32> <Depth = 16> <RAM>
ST_1 : Operation 12 [1/1] (0.73ns)   --->   "%store_ln17 = store i32 0, i4 %m_data_addr_1" [matrix.cpp:17]   --->   Operation 12 'store' 'store_ln17' <Predicate = true> <Delay = 0.73> <CoreInst = "RAM">   --->   Core 83 'RAM' <Latency = 1> <II = 1> <Delay = 0.73> <Storage> <Opcode : 'load' 'store'> <Ports = 2> <Width = 32> <Depth = 16> <RAM>

State 2 <SV = 1> <Delay = 0.73>
ST_2 : Operation 13 [1/1] (0.00ns)   --->   "%m_data_addr_2 = getelementptr i32 %m_data, i64 0, i64 2" [matrix.cpp:17]   --->   Operation 13 'getelementptr' 'm_data_addr_2' <Predicate = true> <Delay = 0.00>
ST_2 : Operation 14 [1/1] (0.00ns)   --->   "%m_data_addr_3 = getelementptr i32 %m_data, i64 0, i64 3" [matrix.cpp:17]   --->   Operation 14 'getelementptr' 'm_data_addr_3' <Predicate = true> <Delay = 0.00>
ST_2 : Operation 15 [1/1] (0.73ns)   --->   "%store_ln17 = store i32 0, i4 %m_data_addr_2" [matrix.cpp:17]   --->   Operation 15 'store' 'store_ln17' <Predicate = true> <Delay = 0.73> <CoreInst = "RAM">   --->   Core 83 'RAM' <Latency = 1> <II = 1> <Delay = 0.73> <Storage> <Opcode : 'load' 'store'> <Ports = 2> <Width = 32> <Depth = 16> <RAM>
ST_2 : Operation 16 [1/1] (0.73ns)   --->   "%store_ln17 = store i32 0, i4 %m_data_addr_3" [matrix.cpp:17]   --->   Operation 16 'store' 'store_ln17' <Predicate = true> <Delay = 0.73> <CoreInst = "RAM">   --->   Core 83 'RAM' <Latency = 1> <II = 1> <Delay = 0.73> <Storage> <Opcode : 'load' 'store'> <Ports = 2> <Width = 32> <Depth = 16> <RAM>

State 3 <SV = 2> <Delay = 0.73>
ST_3 : Operation 17 [1/1] (0.00ns)   --->   "%m_data_addr_4 = getelementptr i32 %m_data, i64 0, i64 4" [matrix.cpp:17]   --->   Operation 17 'getelementptr' 'm_data_addr_4' <Predicate = true> <Delay = 0.00>
ST_3 : Operation 18 [1/1] (0.00ns)   --->   "%m_data_addr_5 = getelementptr i32 %m_data, i64 0, i64 5" [matrix.cpp:17]   --->   Operation 18 'getelementptr' 'm_data_addr_5' <Predicate = true> <Delay = 0.00>
ST_3 : Operation 19 [1/1] (0.73ns)   --->   "%store_ln17 = store i32 0, i4 %m_data_addr_4" [matrix.cpp:17]   --->   Operation 19 'store' 'store_ln17' <Predicate = true> <Delay = 0.73> <CoreInst = "RAM">   --->   Core 83 'RAM' <Latency = 1> <II = 1> <Delay = 0.73> <Storage> <Opcode : 'load' 'store'> <Ports = 2> <Width = 32> <Depth = 16> <RAM>
ST_3 : Operation 20 [1/1] (0.73ns)   --->   "%store_ln17 = store i32 0, i4 %m_data_addr_5" [matrix.cpp:17]   --->   Operation 20 'store' 'store_ln17' <Predicate = true> <Delay = 0.73> <CoreInst = "RAM">   --->   Core 83 'RAM' <Latency = 1> <II = 1> <Delay = 0.73> <Storage> <Opcode : 'load' 'store'> <Ports = 2> <Width = 32> <Depth = 16> <RAM>

State 4 <SV = 3> <Delay = 0.73>
ST_4 : Operation 21 [1/1] (0.00ns)   --->   "%m_data_addr_6 = getelementptr i32 %m_data, i64 0, i64 6" [matrix.cpp:17]   --->   Operation 21 'getelementptr' 'm_data_addr_6' <Predicate = true> <Delay = 0.00>
ST_4 : Operation 22 [1/1] (0.00ns)   --->   "%m_data_addr_7 = getelementptr i32 %m_data, i64 0, i64 7" [matrix.cpp:17]   --->   Operation 22 'getelementptr' 'm_data_addr_7' <Predicate = true> <Delay = 0.00>
ST_4 : Operation 23 [1/1] (0.73ns)   --->   "%store_ln17 = store i32 0, i4 %m_data_addr_6" [matrix.cpp:17]   --->   Operation 23 'store' 'store_ln17' <Predicate = true> <Delay = 0.73> <CoreInst = "RAM">   --->   Core 83 'RAM' <Latency = 1> <II = 1> <Delay = 0.73> <Storage> <Opcode : 'load' 'store'> <Ports = 2> <Width = 32> <Depth = 16> <RAM>
ST_4 : Operation 24 [1/1] (0.73ns)   --->   "%store_ln17 = store i32 0, i4 %m_data_addr_7" [matrix.cpp:17]   --->   Operation 24 'store' 'store_ln17' <Predicate = true> <Delay = 0.73> <CoreInst = "RAM">   --->   Core 83 'RAM' <Latency = 1> <II = 1> <Delay = 0.73> <Storage> <Opcode : 'load' 'store'> <Ports = 2> <Width = 32> <Depth = 16> <RAM>

State 5 <SV = 4> <Delay = 0.73>
ST_5 : Operation 25 [1/1] (0.00ns)   --->   "%m_data_addr_8 = getelementptr i32 %m_data, i64 0, i64 8" [matrix.cpp:17]   --->   Operation 25 'getelementptr' 'm_data_addr_8' <Predicate = true> <Delay = 0.00>
ST_5 : Operation 26 [1/1] (0.00ns)   --->   "%m_data_addr_9 = getelementptr i32 %m_data, i64 0, i64 9" [matrix.cpp:17]   --->   Operation 26 'getelementptr' 'm_data_addr_9' <Predicate = true> <Delay = 0.00>
ST_5 : Operation 27 [1/1] (0.73ns)   --->   "%store_ln17 = store i32 0, i4 %m_data_addr_8" [matrix.cpp:17]   --->   Operation 27 'store' 'store_ln17' <Predicate = true> <Delay = 0.73> <CoreInst = "RAM">   --->   Core 83 'RAM' <Latency = 1> <II = 1> <Delay = 0.73> <Storage> <Opcode : 'load' 'store'> <Ports = 2> <Width = 32> <Depth = 16> <RAM>
ST_5 : Operation 28 [1/1] (0.73ns)   --->   "%store_ln17 = store i32 0, i4 %m_data_addr_9" [matrix.cpp:17]   --->   Operation 28 'store' 'store_ln17' <Predicate = true> <Delay = 0.73> <CoreInst = "RAM">   --->   Core 83 'RAM' <Latency = 1> <II = 1> <Delay = 0.73> <Storage> <Opcode : 'load' 'store'> <Ports = 2> <Width = 32> <Depth = 16> <RAM>

State 6 <SV = 5> <Delay = 0.73>
ST_6 : Operation 29 [1/1] (0.00ns)   --->   "%m_data_addr_10 = getelementptr i32 %m_data, i64 0, i64 10" [matrix.cpp:17]   --->   Operation 29 'getelementptr' 'm_data_addr_10' <Predicate = true> <Delay = 0.00>
ST_6 : Operation 30 [1/1] (0.00ns)   --->   "%m_data_addr_11 = getelementptr i32 %m_data, i64 0, i64 11" [matrix.cpp:17]   --->   Operation 30 'getelementptr' 'm_data_addr_11' <Predicate = true> <Delay = 0.00>
ST_6 : Operation 31 [1/1] (0.73ns)   --->   "%store_ln17 = store i32 0, i4 %m_data_addr_10" [matrix.cpp:17]   --->   Operation 31 'store' 'store_ln17' <Predicate = true> <Delay = 0.73> <CoreInst = "RAM">   --->   Core 83 'RAM' <Latency = 1> <II = 1> <Delay = 0.73> <Storage> <Opcode : 'load' 'store'> <Ports = 2> <Width = 32> <Depth = 16> <RAM>
ST_6 : Operation 32 [1/1] (0.73ns)   --->   "%store_ln17 = store i32 0, i4 %m_data_addr_11" [matrix.cpp:17]   --->   Operation 32 'store' 'store_ln17' <Predicate = true> <Delay = 0.73> <CoreInst = "RAM">   --->   Core 83 'RAM' <Latency = 1> <II = 1> <Delay = 0.73> <Storage> <Opcode : 'load' 'store'> <Ports = 2> <Width = 32> <Depth = 16> <RAM>

State 7 <SV = 6> <Delay = 0.73>
ST_7 : Operation 33 [1/1] (0.00ns)   --->   "%m_data_addr_12 = getelementptr i32 %m_data, i64 0, i64 12" [matrix.cpp:17]   --->   Operation 33 'getelementptr' 'm_data_addr_12' <Predicate = true> <Delay = 0.00>
ST_7 : Operation 34 [1/1] (0.00ns)   --->   "%m_data_addr_13 = getelementptr i32 %m_data, i64 0, i64 13" [matrix.cpp:17]   --->   Operation 34 'getelementptr' 'm_data_addr_13' <Predicate = true> <Delay = 0.00>
ST_7 : Operation 35 [1/1] (0.73ns)   --->   "%store_ln17 = store i32 0, i4 %m_data_addr_12" [matrix.cpp:17]   --->   Operation 35 'store' 'store_ln17' <Predicate = true> <Delay = 0.73> <CoreInst = "RAM">   --->   Core 83 'RAM' <Latency = 1> <II = 1> <Delay = 0.73> <Storage> <Opcode : 'load' 'store'> <Ports = 2> <Width = 32> <Depth = 16> <RAM>
ST_7 : Operation 36 [1/1] (0.73ns)   --->   "%store_ln17 = store i32 0, i4 %m_data_addr_13" [matrix.cpp:17]   --->   Operation 36 'store' 'store_ln17' <Predicate = true> <Delay = 0.73> <CoreInst = "RAM">   --->   Core 83 'RAM' <Latency = 1> <II = 1> <Delay = 0.73> <Storage> <Opcode : 'load' 'store'> <Ports = 2> <Width = 32> <Depth = 16> <RAM>

State 8 <SV = 7> <Delay = 0.73>
ST_8 : Operation 37 [1/1] (0.00ns)   --->   "%m_cols_write_read = read i2 @_ssdm_op_Read.ap_auto.i2, i2 %m_cols_write" [matrix.cpp:17]   --->   Operation 37 'read' 'm_cols_write_read' <Predicate = true> <Delay = 0.00>
ST_8 : Operation 38 [1/1] (0.00ns)   --->   "%m_rows_write_read = read i2 @_ssdm_op_Read.ap_auto.i2, i2 %m_rows_write" [matrix.cpp:17]   --->   Operation 38 'read' 'm_rows_write_read' <Predicate = true> <Delay = 0.00>
ST_8 : Operation 39 [1/1] (0.00ns)   --->   "%m_data_addr_14 = getelementptr i32 %m_data, i64 0, i64 14" [matrix.cpp:17]   --->   Operation 39 'getelementptr' 'm_data_addr_14' <Predicate = true> <Delay = 0.00>
ST_8 : Operation 40 [1/1] (0.00ns)   --->   "%m_data_addr_15 = getelementptr i32 %m_data, i64 0, i64 15" [matrix.cpp:17]   --->   Operation 40 'getelementptr' 'm_data_addr_15' <Predicate = true> <Delay = 0.00>
ST_8 : Operation 41 [1/1] (0.00ns)   --->   "%m_cols_write_cast = zext i2 %m_cols_write_read" [matrix.cpp:17]   --->   Operation 41 'zext' 'm_cols_write_cast' <Predicate = true> <Delay = 0.00>
ST_8 : Operation 42 [1/1] (0.00ns)   --->   "%m_rows_write_cast = zext i2 %m_rows_write_read" [matrix.cpp:17]   --->   Operation 42 'zext' 'm_rows_write_cast' <Predicate = true> <Delay = 0.00>
ST_8 : Operation 43 [1/1] (0.73ns)   --->   "%store_ln17 = store i32 0, i4 %m_data_addr_14" [matrix.cpp:17]   --->   Operation 43 'store' 'store_ln17' <Predicate = true> <Delay = 0.73> <CoreInst = "RAM">   --->   Core 83 'RAM' <Latency = 1> <II = 1> <Delay = 0.73> <Storage> <Opcode : 'load' 'store'> <Ports = 2> <Width = 32> <Depth = 16> <RAM>
ST_8 : Operation 44 [1/1] (0.73ns)   --->   "%store_ln17 = store i32 0, i4 %m_data_addr_15" [matrix.cpp:17]   --->   Operation 44 'store' 'store_ln17' <Predicate = true> <Delay = 0.73> <CoreInst = "RAM">   --->   Core 83 'RAM' <Latency = 1> <II = 1> <Delay = 0.73> <Storage> <Opcode : 'load' 'store'> <Ports = 2> <Width = 32> <Depth = 16> <RAM>
ST_8 : Operation 45 [1/1] (0.00ns)   --->   "%mrv = insertvalue i64 <undef>, i32 %m_rows_write_cast" [matrix.cpp:20]   --->   Operation 45 'insertvalue' 'mrv' <Predicate = true> <Delay = 0.00>
ST_8 : Operation 46 [1/1] (0.00ns)   --->   "%mrv_1 = insertvalue i64 %mrv, i32 %m_cols_write_cast" [matrix.cpp:20]   --->   Operation 46 'insertvalue' 'mrv_1' <Predicate = true> <Delay = 0.00>
ST_8 : Operation 47 [1/1] (0.00ns)   --->   "%ret_ln20 = ret i64 %mrv_1" [matrix.cpp:20]   --->   Operation 47 'ret' 'ret_ln20' <Predicate = true> <Delay = 0.00>


============================================================
+ Verbose Summary: Binding
============================================================
STG Binding: 
---------------- STG Properties BEGIN ----------------
- Is combinational: 0
- Is one-state seq: 0
- Is datapath-only: 0
- Is pipelined: 1
- Is top level: 0
Port [ Return ] is wired: 1; IO mode=ap_ctrl_hs:ce=0
Port [ m_data]:  wired=1; compound=1; hidden=0; nouse=0; global=0; static=0; extern=0; dir=1; type=1; pingpong=0; private_global=0; MemPort=[00]; IO mode=ap_memory:ce=0
Port [ m_rows_write]:  wired=1; compound=0; hidden=0; nouse=0; global=0; static=0; extern=0; dir=0; type=0; pingpong=0; private_global=0; IO mode=ap_none:ce=0
Port [ m_cols_write]:  wired=1; compound=0; hidden=0; nouse=0; global=0; static=0; extern=0; dir=0; type=0; pingpong=0; private_global=0; IO mode=ap_none:ce=0
---------------- STG Properties END ------------------

---------------- Datapath Model BEGIN ----------------

<LifeTime>
<method=bitvector/>
m_data_addr       (getelementptr) [ 000000000]
m_data_addr_1     (getelementptr) [ 000000000]
store_ln17        (store        ) [ 000000000]
store_ln17        (store        ) [ 000000000]
m_data_addr_2     (getelementptr) [ 000000000]
m_data_addr_3     (getelementptr) [ 000000000]
store_ln17        (store        ) [ 000000000]
store_ln17        (store        ) [ 000000000]
m_data_addr_4     (getelementptr) [ 000000000]
m_data_addr_5     (getelementptr) [ 000000000]
store_ln17        (store        ) [ 000000000]
store_ln17        (store        ) [ 000000000]
m_data_addr_6     (getelementptr) [ 000000000]
m_data_addr_7     (getelementptr) [ 000000000]
store_ln17        (store        ) [ 000000000]
store_ln17        (store        ) [ 000000000]
m_data_addr_8     (getelementptr) [ 000000000]
m_data_addr_9     (getelementptr) [ 000000000]
store_ln17        (store        ) [ 000000000]
store_ln17        (store        ) [ 000000000]
m_data_addr_10    (getelementptr) [ 000000000]
m_data_addr_11    (getelementptr) [ 000000000]
store_ln17        (store        ) [ 000000000]
store_ln17        (store        ) [ 000000000]
m_data_addr_12    (getelementptr) [ 000000000]
m_data_addr_13    (getelementptr) [ 000000000]
store_ln17        (store        ) [ 000000000]
store_ln17        (store        ) [ 000000000]
m_cols_write_read (read         ) [ 000000000]
m_rows_write_read (read         ) [ 000000000]
m_data_addr_14    (getelementptr) [ 000000000]
m_data_addr_15    (getelementptr) [ 000000000]
m_cols_write_cast (zext         ) [ 000000000]
m_rows_write_cast (zext         ) [ 000000000]
store_ln17        (store        ) [ 000000000]
store_ln17        (store        ) [ 000000000]
mrv               (insertvalue  ) [ 000000000]
mrv_1             (insertvalue  ) [ 000000000]
ret_ln20          (ret          ) [ 000000000]
</LifeTime>

<model>

<comp_list>
<comp id="0" class="1000" name="m_data">
<pin_list>
<pin id="1" dir="1" index="0" bw="1" slack="0"/>
</pin_list>
<bind>
<StgValue><ssdm name="m_data"/><MemPortTyVec>0 0 </MemPortTyVec>
</StgValue>
</bind>
</comp>

<comp id="2" class="1000" name="m_rows_write">
<pin_list>
<pin id="3" dir="1" index="0" bw="1" slack="0"/>
</pin_list>
<bind>
<StgValue><ssdm name="m_rows_write"/></StgValue>
</bind>
</comp>

<comp id="4" class="1000" name="m_cols_write">
<pin_list>
<pin id="5" dir="1" index="0" bw="1" slack="0"/>
</pin_list>
<bind>
<StgValue><ssdm name="m_cols_write"/></StgValue>
</bind>
</comp>

<comp id="6" class="1001" name="const_6">
<pin_list>
<pin id="7" dir="1" index="0" bw="1" slack="0"/>
</pin_list>
<bind>
<StgValue><ssdm name=""/></StgValue>
</bind>
</comp>

<comp id="8" class="1001" name="const_8">
<pin_list>
<pin id="9" dir="1" index="0" bw="1" slack="0"/>
</pin_list>
<bind>
<StgValue><ssdm name=""/></StgValue>
</bind>
</comp>

<comp id="10" class="1001" name="const_10">
<pin_list>
<pin id="11" dir="1" index="0" bw="1" slack="0"/>
</pin_list>
<bind>
<StgValue><ssdm name=""/></StgValue>
</bind>
</comp>

<comp id="12" class="1001" name="const_12">
<pin_list>
<pin id="13" dir="1" index="0" bw="1" slack="0"/>
</pin_list>
<bind>
<StgValue><ssdm name=""/></StgValue>
</bind>
</comp>

<comp id="14" class="1001" name="const_14">
<pin_list>
<pin id="15" dir="1" index="0" bw="1" slack="0"/>
</pin_list>
<bind>
<StgValue><ssdm name=""/></StgValue>
</bind>
</comp>

<comp id="16" class="1001" name="const_16">
<pin_list>
<pin id="17" dir="1" index="0" bw="1" slack="0"/>
</pin_list>
<bind>
<StgValue><ssdm name=""/></StgValue>
</bind>
</comp>

<comp id="18" class="1001" name="const_18">
<pin_list>
<pin id="19" dir="1" index="0" bw="1" slack="0"/>
</pin_list>
<bind>
<StgValue><ssdm name=""/></StgValue>
</bind>
</comp>

<comp id="20" class="1001" name="const_20">
<pin_list>
<pin id="21" dir="1" index="0" bw="1" slack="0"/>
</pin_list>
<bind>
<StgValue><ssdm name=""/></StgValue>
</bind>
</comp>

<comp id="22" class="1001" name="const_22">
<pin_list>
<pin id="23" dir="1" index="0" bw="1" slack="0"/>
</pin_list>
<bind>
<StgValue><ssdm name=""/></StgValue>
</bind>
</comp>

<comp id="24" class="1001" name="const_24">
<pin_list>
<pin id="25" dir="1" index="0" bw="1" slack="0"/>
</pin_list>
<bind>
<StgValue><ssdm name=""/></StgValue>
</bind>
</comp>

<comp id="26" class="1001" name="const_26">
<pin_list>
<pin id="27" dir="1" index="0" bw="1" slack="0"/>
</pin_list>
<bind>
<StgValue><ssdm name=""/></StgValue>
</bind>
</comp>

<comp id="28" class="1001" name="const_28">
<pin_list>
<pin id="29" dir="1" index="0" bw="1" slack="0"/>
</pin_list>
<bind>
<StgValue><ssdm name=""/></StgValue>
</bind>
</comp>

<comp id="30" class="1001" name="const_30">
<pin_list>
<pin id="31" dir="1" index="0" bw="1" slack="0"/>
</pin_list>
<bind>
<StgValue><ssdm name=""/></StgValue>
</bind>
</comp>

<comp id="32" class="1001" name="const_32">
<pin_list>
<pin id="33" dir="1" index="0" bw="1" slack="0"/>
</pin_list>
<bind>
<StgValue><ssdm name=""/></StgValue>
</bind>
</comp>

<comp id="34" class="1001" name="const_34">
<pin_list>
<pin id="35" dir="1" index="0" bw="1" slack="0"/>
</pin_list>
<bind>
<StgValue><ssdm name=""/></StgValue>
</bind>
</comp>

<comp id="36" class="1001" name="const_36">
<pin_list>
<pin id="37" dir="1" index="0" bw="1" slack="0"/>
</pin_list>
<bind>
<StgValue><ssdm name="_ssdm_op_Read.ap_auto.i2"/></StgValue>
</bind>
</comp>

<comp id="38" class="1001" name="const_38">
<pin_list>
<pin id="39" dir="1" index="0" bw="1" slack="0"/>
</pin_list>
<bind>
<StgValue><ssdm name=""/></StgValue>
</bind>
</comp>

<comp id="40" class="1001" name="const_40">
<pin_list>
<pin id="41" dir="1" index="0" bw="1" slack="0"/>
</pin_list>
<bind>
<StgValue><ssdm name=""/></StgValue>
</bind>
</comp>

<comp id="42" class="1001" name="const_42">
<pin_list>
<pin id="43" dir="1" index="0" bw="1" slack="0"/>
</pin_list>
<bind>
<StgValue><ssdm name=""/></StgValue>
</bind>
</comp>

<comp id="44" class="1004" name="m_cols_write_read_read_fu_44">
<pin_list>
<pin id="45" dir="0" index="0" bw="2" slack="0"/>
<pin id="46" dir="0" index="1" bw="2" slack="0"/>
<pin id="47" dir="1" index="2" bw="2" slack="0"/>
</pin_list>
<bind>
<opcode="read(1150) " fcode="read"/>
<opset="m_cols_write_read/8 "/>
</bind>
</comp>

<comp id="50" class="1004" name="m_rows_write_read_read_fu_50">
<pin_list>
<pin id="51" dir="0" index="0" bw="2" slack="0"/>
<pin id="52" dir="0" index="1" bw="2" slack="0"/>
<pin id="53" dir="1" index="2" bw="2" slack="0"/>
</pin_list>
<bind>
<opcode="read(1150) " fcode="read"/>
<opset="m_rows_write_read/8 "/>
</bind>
</comp>

<comp id="56" class="1004" name="m_data_addr_gep_fu_56">
<pin_list>
<pin id="57" dir="0" index="0" bw="32" slack="0"/>
<pin id="58" dir="0" index="1" bw="1" slack="0"/>
<pin id="59" dir="0" index="2" bw="1" slack="0"/>
<pin id="60" dir="1" index="3" bw="4" slack="0"/>
</pin_list>
<bind>
<opcode="getelementptr(29) " fcode="getelementptr"/>
<opset="m_data_addr/1 "/>
</bind>
</comp>

<comp id="64" class="1004" name="m_data_addr_1_gep_fu_64">
<pin_list>
<pin id="65" dir="0" index="0" bw="32" slack="0"/>
<pin id="66" dir="0" index="1" bw="1" slack="0"/>
<pin id="67" dir="0" index="2" bw="1" slack="0"/>
<pin id="68" dir="1" index="3" bw="4" slack="0"/>
</pin_list>
<bind>
<opcode="getelementptr(29) " fcode="getelementptr"/>
<opset="m_data_addr_1/1 "/>
</bind>
</comp>

<comp id="72" class="1004" name="grp_access_fu_72">
<pin_list>
<pin id="73" dir="0" index="0" bw="4" slack="0"/>
<pin id="74" dir="0" index="1" bw="32" slack="0"/>
<pin id="75" dir="0" index="2" bw="0" slack="0"/>
<pin id="77" dir="0" index="4" bw="4" slack="0"/>
<pin id="78" dir="0" index="5" bw="32" slack="2147483647"/>
<pin id="79" dir="0" index="6" bw="0" slack="2147483647"/>
<pin id="76" dir="1" index="3" bw="32" slack="2147483647"/>
<pin id="80" dir="1" index="7" bw="32" slack="2147483647"/>
</pin_list>
<bind>
<opcode="store(28) " fcode="store"/>
<opset="store_ln17/1 store_ln17/1 store_ln17/2 store_ln17/2 store_ln17/3 store_ln17/3 store_ln17/4 store_ln17/4 store_ln17/5 store_ln17/5 store_ln17/6 store_ln17/6 store_ln17/7 store_ln17/7 store_ln17/8 store_ln17/8 "/>
</bind>
</comp>

<comp id="85" class="1004" name="m_data_addr_2_gep_fu_85">
<pin_list>
<pin id="86" dir="0" index="0" bw="32" slack="0"/>
<pin id="87" dir="0" index="1" bw="1" slack="0"/>
<pin id="88" dir="0" index="2" bw="3" slack="0"/>
<pin id="89" dir="1" index="3" bw="4" slack="0"/>
</pin_list>
<bind>
<opcode="getelementptr(29) " fcode="getelementptr"/>
<opset="m_data_addr_2/2 "/>
</bind>
</comp>

<comp id="93" class="1004" name="m_data_addr_3_gep_fu_93">
<pin_list>
<pin id="94" dir="0" index="0" bw="32" slack="0"/>
<pin id="95" dir="0" index="1" bw="1" slack="0"/>
<pin id="96" dir="0" index="2" bw="3" slack="0"/>
<pin id="97" dir="1" index="3" bw="4" slack="0"/>
</pin_list>
<bind>
<opcode="getelementptr(29) " fcode="getelementptr"/>
<opset="m_data_addr_3/2 "/>
</bind>
</comp>

<comp id="103" class="1004" name="m_data_addr_4_gep_fu_103">
<pin_list>
<pin id="104" dir="0" index="0" bw="32" slack="0"/>
<pin id="105" dir="0" index="1" bw="1" slack="0"/>
<pin id="106" dir="0" index="2" bw="4" slack="0"/>
<pin id="107" dir="1" index="3" bw="4" slack="0"/>
</pin_list>
<bind>
<opcode="getelementptr(29) " fcode="getelementptr"/>
<opset="m_data_addr_4/3 "/>
</bind>
</comp>

<comp id="111" class="1004" name="m_data_addr_5_gep_fu_111">
<pin_list>
<pin id="112" dir="0" index="0" bw="32" slack="0"/>
<pin id="113" dir="0" index="1" bw="1" slack="0"/>
<pin id="114" dir="0" index="2" bw="4" slack="0"/>
<pin id="115" dir="1" index="3" bw="4" slack="0"/>
</pin_list>
<bind>
<opcode="getelementptr(29) " fcode="getelementptr"/>
<opset="m_data_addr_5/3 "/>
</bind>
</comp>

<comp id="121" class="1004" name="m_data_addr_6_gep_fu_121">
<pin_list>
<pin id="122" dir="0" index="0" bw="32" slack="0"/>
<pin id="123" dir="0" index="1" bw="1" slack="0"/>
<pin id="124" dir="0" index="2" bw="4" slack="0"/>
<pin id="125" dir="1" index="3" bw="4" slack="0"/>
</pin_list>
<bind>
<opcode="getelementptr(29) " fcode="getelementptr"/>
<opset="m_data_addr_6/4 "/>
</bind>
</comp>

<comp id="129" class="1004" name="m_data_addr_7_gep_fu_129">
<pin_list>
<pin id="130" dir="0" index="0" bw="32" slack="0"/>
<pin id="131" dir="0" index="1" bw="1" slack="0"/>
<pin id="132" dir="0" index="2" bw="4" slack="0"/>
<pin id="133" dir="1" index="3" bw="4" slack="0"/>
</pin_list>
<bind>
<opcode="getelementptr(29) " fcode="getelementptr"/>
<opset="m_data_addr_7/4 "/>
</bind>
</comp>

<comp id="139" class="1004" name="m_data_addr_8_gep_fu_139">
<pin_list>
<pin id="140" dir="0" index="0" bw="32" slack="0"/>
<pin id="141" dir="0" index="1" bw="1" slack="0"/>
<pin id="142" dir="0" index="2" bw="5" slack="0"/>
<pin id="143" dir="1" index="3" bw="4" slack="0"/>
</pin_list>
<bind>
<opcode="getelementptr(29) " fcode="getelementptr"/>
<opset="m_data_addr_8/5 "/>
</bind>
</comp>

<comp id="147" class="1004" name="m_data_addr_9_gep_fu_147">
<pin_list>
<pin id="148" dir="0" index="0" bw="32" slack="0"/>
<pin id="149" dir="0" index="1" bw="1" slack="0"/>
<pin id="150" dir="0" index="2" bw="5" slack="0"/>
<pin id="151" dir="1" index="3" bw="4" slack="0"/>
</pin_list>
<bind>
<opcode="getelementptr(29) " fcode="getelementptr"/>
<opset="m_data_addr_9/5 "/>
</bind>
</comp>

<comp id="157" class="1004" name="m_data_addr_10_gep_fu_157">
<pin_list>
<pin id="158" dir="0" index="0" bw="32" slack="0"/>
<pin id="159" dir="0" index="1" bw="1" slack="0"/>
<pin id="160" dir="0" index="2" bw="5" slack="0"/>
<pin id="161" dir="1" index="3" bw="4" slack="0"/>
</pin_list>
<bind>
<opcode="getelementptr(29) " fcode="getelementptr"/>
<opset="m_data_addr_10/6 "/>
</bind>
</comp>

<comp id="165" class="1004" name="m_data_addr_11_gep_fu_165">
<pin_list>
<pin id="166" dir="0" index="0" bw="32" slack="0"/>
<pin id="167" dir="0" index="1" bw="1" slack="0"/>
<pin id="168" dir="0" index="2" bw="5" slack="0"/>
<pin id="169" dir="1" index="3" bw="4" slack="0"/>
</pin_list>
<bind>
<opcode="getelementptr(29) " fcode="getelementptr"/>
<opset="m_data_addr_11/6 "/>
</bind>
</comp>

<comp id="175" class="1004" name="m_data_addr_12_gep_fu_175">
<pin_list>
<pin id="176" dir="0" index="0" bw="32" slack="0"/>
<pin id="177" dir="0" index="1" bw="1" slack="0"/>
<pin id="178" dir="0" index="2" bw="5" slack="0"/>
<pin id="179" dir="1" index="3" bw="4" slack="0"/>
</pin_list>
<bind>
<opcode="getelementptr(29) " fcode="getelementptr"/>
<opset="m_data_addr_12/7 "/>
</bind>
</comp>

<comp id="183" class="1004" name="m_data_addr_13_gep_fu_183">
<pin_list>
<pin id="184" dir="0" index="0" bw="32" slack="0"/>
<pin id="185" dir="0" index="1" bw="1" slack="0"/>
<pin id="186" dir="0" index="2" bw="5" slack="0"/>
<pin id="187" dir="1" index="3" bw="4" slack="0"/>
</pin_list>
<bind>
<opcode="getelementptr(29) " fcode="getelementptr"/>
<opset="m_data_addr_13/7 "/>
</bind>
</comp>

<comp id="193" class="1004" name="m_data_addr_14_gep_fu_193">
<pin_list>
<pin id="194" dir="0" index="0" bw="32" slack="0"/>
<pin id="195" dir="0" index="1" bw="1" slack="0"/>
<pin id="196" dir="0" index="2" bw="5" slack="0"/>
<pin id="197" dir="1" index="3" bw="4" slack="0"/>
</pin_list>
<bind>
<opcode="getelementptr(29) " fcode="getelementptr"/>
<opset="m_data_addr_14/8 "/>
</bind>
</comp>

<comp id="201" class="1004" name="m_data_addr_15_gep_fu_201">
<pin_list>
<pin id="202" dir="0" index="0" bw="32" slack="0"/>
<pin id="203" dir="0" index="1" bw="1" slack="0"/>
<pin id="204" dir="0" index="2" bw="5" slack="0"/>
<pin id="205" dir="1" index="3" bw="4" slack="0"/>
</pin_list>
<bind>
<opcode="getelementptr(29) " fcode="getelementptr"/>
<opset="m_data_addr_15/8 "/>
</bind>
</comp>

<comp id="211" class="1004" name="m_cols_write_cast_fu_211">
<pin_list>
<pin id="212" dir="0" index="0" bw="2" slack="0"/>
<pin id="213" dir="1" index="1" bw="32" slack="0"/>
</pin_list>
<bind>
<opcode="zext(34) " fcode="zext"/>
<opset="m_cols_write_cast/8 "/>
</bind>
</comp>

<comp id="215" class="1004" name="m_rows_write_cast_fu_215">
<pin_list>
<pin id="216" dir="0" index="0" bw="2" slack="0"/>
<pin id="217" dir="1" index="1" bw="32" slack="0"/>
</pin_list>
<bind>
<opcode="zext(34) " fcode="zext"/>
<opset="m_rows_write_cast/8 "/>
</bind>
</comp>

<comp id="219" class="1004" name="mrv_fu_219">
<pin_list>
<pin id="220" dir="0" index="0" bw="64" slack="0"/>
<pin id="221" dir="0" index="1" bw="2" slack="0"/>
<pin id="222" dir="1" index="2" bw="64" slack="0"/>
</pin_list>
<bind>
<opcode="insertvalue(57) " fcode="insertvalue"/>
<opset="mrv/8 "/>
</bind>
</comp>

<comp id="225" class="1004" name="mrv_1_fu_225">
<pin_list>
<pin id="226" dir="0" index="0" bw="64" slack="0"/>
<pin id="227" dir="0" index="1" bw="2" slack="0"/>
<pin id="228" dir="1" index="2" bw="64" slack="2147483647"/>
</pin_list>
<bind>
<opcode="insertvalue(57) " fcode="insertvalue"/>
<opset="mrv_1/8 "/>
</bind>
</comp>

</comp_list>

<net_list>
<net id="48"><net_src comp="36" pin="0"/><net_sink comp="44" pin=0"/></net>

<net id="49"><net_src comp="4" pin="0"/><net_sink comp="44" pin=1"/></net>

<net id="54"><net_src comp="36" pin="0"/><net_sink comp="50" pin=0"/></net>

<net id="55"><net_src comp="2" pin="0"/><net_sink comp="50" pin=1"/></net>

<net id="61"><net_src comp="0" pin="0"/><net_sink comp="56" pin=0"/></net>

<net id="62"><net_src comp="6" pin="0"/><net_sink comp="56" pin=1"/></net>

<net id="63"><net_src comp="6" pin="0"/><net_sink comp="56" pin=2"/></net>

<net id="69"><net_src comp="0" pin="0"/><net_sink comp="64" pin=0"/></net>

<net id="70"><net_src comp="6" pin="0"/><net_sink comp="64" pin=1"/></net>

<net id="71"><net_src comp="8" pin="0"/><net_sink comp="64" pin=2"/></net>

<net id="81"><net_src comp="10" pin="0"/><net_sink comp="72" pin=4"/></net>

<net id="82"><net_src comp="56" pin="3"/><net_sink comp="72" pin=2"/></net>

<net id="83"><net_src comp="10" pin="0"/><net_sink comp="72" pin=1"/></net>

<net id="84"><net_src comp="64" pin="3"/><net_sink comp="72" pin=0"/></net>

<net id="90"><net_src comp="0" pin="0"/><net_sink comp="85" pin=0"/></net>

<net id="91"><net_src comp="6" pin="0"/><net_sink comp="85" pin=1"/></net>

<net id="92"><net_src comp="12" pin="0"/><net_sink comp="85" pin=2"/></net>

<net id="98"><net_src comp="0" pin="0"/><net_sink comp="93" pin=0"/></net>

<net id="99"><net_src comp="6" pin="0"/><net_sink comp="93" pin=1"/></net>

<net id="100"><net_src comp="14" pin="0"/><net_sink comp="93" pin=2"/></net>

<net id="101"><net_src comp="85" pin="3"/><net_sink comp="72" pin=2"/></net>

<net id="102"><net_src comp="93" pin="3"/><net_sink comp="72" pin=0"/></net>

<net id="108"><net_src comp="0" pin="0"/><net_sink comp="103" pin=0"/></net>

<net id="109"><net_src comp="6" pin="0"/><net_sink comp="103" pin=1"/></net>

<net id="110"><net_src comp="16" pin="0"/><net_sink comp="103" pin=2"/></net>

<net id="116"><net_src comp="0" pin="0"/><net_sink comp="111" pin=0"/></net>

<net id="117"><net_src comp="6" pin="0"/><net_sink comp="111" pin=1"/></net>

<net id="118"><net_src comp="18" pin="0"/><net_sink comp="111" pin=2"/></net>

<net id="119"><net_src comp="103" pin="3"/><net_sink comp="72" pin=2"/></net>

<net id="120"><net_src comp="111" pin="3"/><net_sink comp="72" pin=0"/></net>

<net id="126"><net_src comp="0" pin="0"/><net_sink comp="121" pin=0"/></net>

<net id="127"><net_src comp="6" pin="0"/><net_sink comp="121" pin=1"/></net>

<net id="128"><net_src comp="20" pin="0"/><net_sink comp="121" pin=2"/></net>

<net id="134"><net_src comp="0" pin="0"/><net_sink comp="129" pin=0"/></net>

<net id="135"><net_src comp="6" pin="0"/><net_sink comp="129" pin=1"/></net>

<net id="136"><net_src comp="22" pin="0"/><net_sink comp="129" pin=2"/></net>

<net id="137"><net_src comp="121" pin="3"/><net_sink comp="72" pin=2"/></net>

<net id="138"><net_src comp="129" pin="3"/><net_sink comp="72" pin=0"/></net>

<net id="144"><net_src comp="0" pin="0"/><net_sink comp="139" pin=0"/></net>

<net id="145"><net_src comp="6" pin="0"/><net_sink comp="139" pin=1"/></net>

<net id="146"><net_src comp="24" pin="0"/><net_sink comp="139" pin=2"/></net>

<net id="152"><net_src comp="0" pin="0"/><net_sink comp="147" pin=0"/></net>

<net id="153"><net_src comp="6" pin="0"/><net_sink comp="147" pin=1"/></net>

<net id="154"><net_src comp="26" pin="0"/><net_sink comp="147" pin=2"/></net>

<net id="155"><net_src comp="139" pin="3"/><net_sink comp="72" pin=2"/></net>

<net id="156"><net_src comp="147" pin="3"/><net_sink comp="72" pin=0"/></net>

<net id="162"><net_src comp="0" pin="0"/><net_sink comp="157" pin=0"/></net>

<net id="163"><net_src comp="6" pin="0"/><net_sink comp="157" pin=1"/></net>

<net id="164"><net_src comp="28" pin="0"/><net_sink comp="157" pin=2"/></net>

<net id="170"><net_src comp="0" pin="0"/><net_sink comp="165" pin=0"/></net>

<net id="171"><net_src comp="6" pin="0"/><net_sink comp="165" pin=1"/></net>

<net id="172"><net_src comp="30" pin="0"/><net_sink comp="165" pin=2"/></net>

<net id="173"><net_src comp="157" pin="3"/><net_sink comp="72" pin=2"/></net>

<net id="174"><net_src comp="165" pin="3"/><net_sink comp="72" pin=0"/></net>

<net id="180"><net_src comp="0" pin="0"/><net_sink comp="175" pin=0"/></net>

<net id="181"><net_src comp="6" pin="0"/><net_sink comp="175" pin=1"/></net>

<net id="182"><net_src comp="32" pin="0"/><net_sink comp="175" pin=2"/></net>

<net id="188"><net_src comp="0" pin="0"/><net_sink comp="183" pin=0"/></net>

<net id="189"><net_src comp="6" pin="0"/><net_sink comp="183" pin=1"/></net>

<net id="190"><net_src comp="34" pin="0"/><net_sink comp="183" pin=2"/></net>

<net id="191"><net_src comp="175" pin="3"/><net_sink comp="72" pin=2"/></net>

<net id="192"><net_src comp="183" pin="3"/><net_sink comp="72" pin=0"/></net>

<net id="198"><net_src comp="0" pin="0"/><net_sink comp="193" pin=0"/></net>

<net id="199"><net_src comp="6" pin="0"/><net_sink comp="193" pin=1"/></net>

<net id="200"><net_src comp="38" pin="0"/><net_sink comp="193" pin=2"/></net>

<net id="206"><net_src comp="0" pin="0"/><net_sink comp="201" pin=0"/></net>

<net id="207"><net_src comp="6" pin="0"/><net_sink comp="201" pin=1"/></net>

<net id="208"><net_src comp="40" pin="0"/><net_sink comp="201" pin=2"/></net>

<net id="209"><net_src comp="193" pin="3"/><net_sink comp="72" pin=2"/></net>

<net id="210"><net_src comp="201" pin="3"/><net_sink comp="72" pin=0"/></net>

<net id="214"><net_src comp="44" pin="2"/><net_sink comp="211" pin=0"/></net>

<net id="218"><net_src comp="50" pin="2"/><net_sink comp="215" pin=0"/></net>

<net id="223"><net_src comp="42" pin="0"/><net_sink comp="219" pin=0"/></net>

<net id="224"><net_src comp="215" pin="1"/><net_sink comp="219" pin=1"/></net>

<net id="229"><net_src comp="219" pin="2"/><net_sink comp="225" pin=0"/></net>

<net id="230"><net_src comp="211" pin="1"/><net_sink comp="225" pin=1"/></net>

</net_list>

</model> 
---------------- Datapath Model END ------------------

* FSMD analyzer results:
  - Output states:
	Port: m_data | {1 2 3 4 5 6 7 8 }
 - Input state : 
	Port: init_matrix : m_rows_write | {8 }
	Port: init_matrix : m_cols_write | {8 }
  - Chain level:
	State 1
		store_ln17 : 1
		store_ln17 : 1
	State 2
		store_ln17 : 1
		store_ln17 : 1
	State 3
		store_ln17 : 1
		store_ln17 : 1
	State 4
		store_ln17 : 1
		store_ln17 : 1
	State 5
		store_ln17 : 1
		store_ln17 : 1
	State 6
		store_ln17 : 1
		store_ln17 : 1
	State 7
		store_ln17 : 1
		store_ln17 : 1
	State 8
		store_ln17 : 1
		store_ln17 : 1
		mrv : 1
		mrv_1 : 2
		ret_ln20 : 3


============================================================
+ Verbose Summary: Datapath Resource usage 
============================================================

* Functional unit list:
|----------|------------------------------|
| Operation|        Functional Unit       |
|----------|------------------------------|
|   read   | m_cols_write_read_read_fu_44 |
|          | m_rows_write_read_read_fu_50 |
|----------|------------------------------|
|   zext   |   m_cols_write_cast_fu_211   |
|          |   m_rows_write_cast_fu_215   |
|----------|------------------------------|
|insertvalue|          mrv_fu_219          |
|          |         mrv_1_fu_225         |
|----------|------------------------------|
|   Total  |                              |
|----------|------------------------------|

Memories:
N/A

* Register list:
N/A

* Multiplexer (MUX) list: 
|------------------|------|------|------|--------||---------||---------|
|       Comp       |  Pin | Size |  BW  | S x BW ||  Delay  ||   LUT   |
|------------------|------|------|------|--------||---------||---------|
| grp_access_fu_72 |  p0  |   8  |   4  |   32   ||    43   |
| grp_access_fu_72 |  p2  |   8  |   0  |    0   ||    43   |
|------------------|------|------|------|--------||---------||---------|
|       Total      |      |      |      |   32   || 1.42571 ||    86   |
|------------------|------|------|------|--------||---------||---------|



* Summary:
+-----------+--------+--------+
|           |  Delay |   LUT  |
+-----------+--------+--------+
|  Function |    -   |    -   |
|   Memory  |    -   |    -   |
|Multiplexer|    1   |   86   |
|  Register |    -   |    -   |
+-----------+--------+--------+
|   Total   |    1   |   86   |
+-----------+--------+--------+
