

================================================================
== Vitis HLS Report for 'multiply_matrix'
================================================================
* Date:           Wed Apr 29 02:01:16 2026

* Version:        2020.2 (Build 3064766 on Wed Nov 18 09:12:45 MST 2020)
* Project:        kalman_hls
* Solution:       solution1 (Vivado IP Flow Target)
* Product family: virtexuplus
* Target device:  xcvu11p-flga2577-1-e


================================================================
== Performance Estimates
================================================================
+ Timing: 
    * Summary: 
    +--------+----------+----------+------------+
    |  Clock |  Target  | Estimated| Uncertainty|
    +--------+----------+----------+------------+
    |ap_clk  |  10.00 ns|  5.912 ns|     2.70 ns|
    +--------+----------+----------+------------+

+ Latency: 
    * Summary: 
    +---------+---------+-----------+----------+-----+-----+---------+
    |  Latency (cycles) |  Latency (absolute)  |  Interval | Pipeline|
    |   min   |   max   |    min    |    max   | min | max |   Type  |
    +---------+---------+-----------+----------+-----+-----+---------+
    |        5|       29|  50.000 ns|  0.290 us|    5|   29|     none|
    +---------+---------+-----------+----------+-----+-----+---------+

    + Detail: 
        * Instance: 
        N/A

        * Loop: 
        +-----------------------+---------+---------+----------+-----------+-----------+-------+----------+
        |                       |  Latency (cycles) | Iteration|  Initiation Interval  |  Trip |          |
        |       Loop Name       |   min   |   max   |  Latency |  achieved |   target  | Count | Pipelined|
        +-----------------------+---------+---------+----------+-----------+-----------+-------+----------+
        |- VITIS_LOOP_118_1     |        4|       28|    4 ~ 14|          -|          -|  1 ~ 2|        no|
        | + VITIS_LOOP_120_2    |        2|       12|     2 ~ 6|          -|          -|  1 ~ 2|        no|
        |  ++ VITIS_LOOP_123_3  |        2|        4|         2|          -|          -|  1 ~ 2|        no|
        +-----------------------+---------+---------+----------+-----------+-----------+-------+----------+

============================================================
+ Verbose Summary: Synthesis Manager
============================================================
InlineROM: 1
ExposeGlobal: 0
============================================================
+ Verbose Summary: CDFG Model
============================================================
IsTopModel: 0
ResetActiveHigh: 1
IsCombinational: 0
IsDatapathOnly: 0
HasWiredReturn: 1
HasMFsm: 0
HasVarLatency: 1
IsPipeline: 0
IsRtlPipelined: 0
IsInstanceOverlapped: 0
IsDontTouch: 0
HasImplIP: 0
IsGatedGlobalClock: 0


============================================================
+ Verbose Summary: Schedule
============================================================
* Number of FSM states : 5
* Pipeline : 0
* Dataflow Pipeline: 0

* FSM state transitions: 
1 --> 2 
2 --> 3 
3 --> 4 2 
4 --> 5 3 
5 --> 4 

* FSM state operations: 

State 1 <SV = 0> <Delay = 0.80>
ST_1 : Operation 6 [1/1] (0.00ns)   --->   "%p_read_1 = read i32 @_ssdm_op_Read.ap_auto.i32, i32 %p_read2"   --->   Operation 6 'read' 'p_read_1' <Predicate = true> <Delay = 0.00>
ST_1 : Operation 7 [1/1] (0.00ns)   --->   "%p_read_2 = read i32 @_ssdm_op_Read.ap_auto.i32, i32 %p_read1"   --->   Operation 7 'read' 'p_read_2' <Predicate = true> <Delay = 0.00>
ST_1 : Operation 8 [1/1] (0.00ns)   --->   "%p_read12 = read i32 @_ssdm_op_Read.ap_auto.i32, i32 %p_read"   --->   Operation 8 'read' 'p_read12' <Predicate = true> <Delay = 0.00>
ST_1 : Operation 9 [1/1] (0.80ns)   --->   "%cmp91 = icmp_sgt  i32 %p_read_2, i32 0"   --->   Operation 9 'icmp' 'cmp91' <Predicate = true> <Delay = 0.80> <CoreInst = "Cmp">   --->   Core 9 'Cmp' <Latency = 0> <II = 1> <Delay = 0.80> <FuncUnit> <Opcode : 'icmp'> <InPorts = 2> <OutPorts = 1>
ST_1 : Operation 10 [1/1] (0.46ns)   --->   "%br_ln118 = br void" [matrix.cpp:118]   --->   Operation 10 'br' 'br_ln118' <Predicate = true> <Delay = 0.46>

State 2 <SV = 1> <Delay = 1.14>
ST_2 : Operation 11 [1/1] (0.00ns)   --->   "%i = phi i32 %add_ln118, void %._crit_edge7.loopexit, i32 0, void %.lr.ph11" [matrix.cpp:118]   --->   Operation 11 'phi' 'i' <Predicate = true> <Delay = 0.00>
ST_2 : Operation 12 [1/1] (1.14ns)   --->   "%add_ln118 = add i32 %i, i32 1" [matrix.cpp:118]   --->   Operation 12 'add' 'add_ln118' <Predicate = true> <Delay = 1.14> <CoreInst = "Adder">   --->   Core 1 'Adder' <Latency = 0> <II = 1> <Delay = 1.28> <FuncUnit> <Opcode : 'add' 'sub'> <InPorts = 2> <OutPorts = 1>
ST_2 : Operation 13 [1/1] (0.00ns)   --->   "%trunc_ln1116 = trunc i32 %i"   --->   Operation 13 'trunc' 'trunc_ln1116' <Predicate = true> <Delay = 0.00>
ST_2 : Operation 14 [1/1] (0.00ns)   --->   "%tmp_cast = bitconcatenate i4 @_ssdm_op_BitConcatenate.i4.i2.i2, i2 %trunc_ln1116, i2 0" [matrix.cpp:118]   --->   Operation 14 'bitconcatenate' 'tmp_cast' <Predicate = true> <Delay = 0.00>
ST_2 : Operation 15 [1/1] (0.80ns)   --->   "%icmp_ln118 = icmp_eq  i32 %i, i32 %p_read12" [matrix.cpp:118]   --->   Operation 15 'icmp' 'icmp_ln118' <Predicate = true> <Delay = 0.80> <CoreInst = "Cmp">   --->   Core 9 'Cmp' <Latency = 0> <II = 1> <Delay = 0.80> <FuncUnit> <Opcode : 'icmp'> <InPorts = 2> <OutPorts = 1>
ST_2 : Operation 16 [1/1] (0.00ns)   --->   "%br_ln118 = br i1 %icmp_ln118, void %.split4, void %._crit_edge12.loopexit" [matrix.cpp:118]   --->   Operation 16 'br' 'br_ln118' <Predicate = true> <Delay = 0.00>
ST_2 : Operation 17 [1/1] (0.00ns)   --->   "%speclooptripcount_ln118 = speclooptripcount void @_ssdm_op_SpecLoopTripCount, i64 1, i64 2, i64 1" [matrix.cpp:118]   --->   Operation 17 'speclooptripcount' 'speclooptripcount_ln118' <Predicate = (!icmp_ln118)> <Delay = 0.00>
ST_2 : Operation 18 [1/1] (0.00ns)   --->   "%specloopname_ln118 = specloopname void @_ssdm_op_SpecLoopName, void @empty_26" [matrix.cpp:118]   --->   Operation 18 'specloopname' 'specloopname_ln118' <Predicate = (!icmp_ln118)> <Delay = 0.00>
ST_2 : Operation 19 [1/1] (0.46ns)   --->   "%br_ln120 = br void" [matrix.cpp:120]   --->   Operation 19 'br' 'br_ln120' <Predicate = (!icmp_ln118)> <Delay = 0.46>
ST_2 : Operation 20 [1/1] (0.00ns)   --->   "%mrv = insertvalue i64 <undef>, i32 %p_read12" [matrix.cpp:129]   --->   Operation 20 'insertvalue' 'mrv' <Predicate = (icmp_ln118)> <Delay = 0.00>
ST_2 : Operation 21 [1/1] (0.00ns)   --->   "%mrv_1 = insertvalue i64 %mrv, i32 %p_read_1" [matrix.cpp:129]   --->   Operation 21 'insertvalue' 'mrv_1' <Predicate = (icmp_ln118)> <Delay = 0.00>
ST_2 : Operation 22 [1/1] (0.00ns)   --->   "%ret_ln129 = ret i64 %mrv_1" [matrix.cpp:129]   --->   Operation 22 'ret' 'ret_ln129' <Predicate = (icmp_ln118)> <Delay = 0.00>

State 3 <SV = 2> <Delay = 1.53>
ST_3 : Operation 23 [1/1] (0.00ns)   --->   "%j = phi i5 0, void %.split4, i5 %add_ln120, void %._crit_edge" [matrix.cpp:120]   --->   Operation 23 'phi' 'j' <Predicate = true> <Delay = 0.00>
ST_3 : Operation 24 [1/1] (0.82ns)   --->   "%add_ln120 = add i5 %j, i5 1" [matrix.cpp:120]   --->   Operation 24 'add' 'add_ln120' <Predicate = true> <Delay = 0.82> <CoreInst = "Adder">   --->   Core 1 'Adder' <Latency = 0> <II = 1> <Delay = 1.28> <FuncUnit> <Opcode : 'add' 'sub'> <InPorts = 2> <OutPorts = 1>
ST_3 : Operation 25 [1/1] (0.00ns)   --->   "%trunc_ln122 = trunc i5 %j" [matrix.cpp:122]   --->   Operation 25 'trunc' 'trunc_ln122' <Predicate = true> <Delay = 0.00>
ST_3 : Operation 26 [1/1] (0.80ns)   --->   "%add_ln122 = add i4 %tmp_cast, i4 %trunc_ln122" [matrix.cpp:122]   --->   Operation 26 'add' 'add_ln122' <Predicate = true> <Delay = 0.80> <CoreInst = "Adder">   --->   Core 1 'Adder' <Latency = 0> <II = 1> <Delay = 1.28> <FuncUnit> <Opcode : 'add' 'sub'> <InPorts = 2> <OutPorts = 1>
ST_3 : Operation 27 [1/1] (0.00ns)   --->   "%zext_ln122 = zext i4 %add_ln122" [matrix.cpp:122]   --->   Operation 27 'zext' 'zext_ln122' <Predicate = true> <Delay = 0.00>
ST_3 : Operation 28 [1/1] (0.00ns)   --->   "%c_data_addr = getelementptr i32 %c_data, i64 0, i64 %zext_ln122" [matrix.cpp:122]   --->   Operation 28 'getelementptr' 'c_data_addr' <Predicate = true> <Delay = 0.00>
ST_3 : Operation 29 [1/1] (0.00ns)   --->   "%zext_ln120 = zext i5 %j" [matrix.cpp:120]   --->   Operation 29 'zext' 'zext_ln120' <Predicate = true> <Delay = 0.00>
ST_3 : Operation 30 [1/1] (0.80ns)   --->   "%icmp_ln120 = icmp_eq  i32 %zext_ln120, i32 %p_read_1" [matrix.cpp:120]   --->   Operation 30 'icmp' 'icmp_ln120' <Predicate = true> <Delay = 0.80> <CoreInst = "Cmp">   --->   Core 9 'Cmp' <Latency = 0> <II = 1> <Delay = 0.80> <FuncUnit> <Opcode : 'icmp'> <InPorts = 2> <OutPorts = 1>
ST_3 : Operation 31 [1/1] (0.00ns)   --->   "%br_ln120 = br i1 %icmp_ln120, void %.split, void %._crit_edge7.loopexit" [matrix.cpp:120]   --->   Operation 31 'br' 'br_ln120' <Predicate = true> <Delay = 0.00>
ST_3 : Operation 32 [1/1] (0.00ns)   --->   "%speclooptripcount_ln120 = speclooptripcount void @_ssdm_op_SpecLoopTripCount, i64 1, i64 2, i64 1" [matrix.cpp:120]   --->   Operation 32 'speclooptripcount' 'speclooptripcount_ln120' <Predicate = (!icmp_ln120)> <Delay = 0.00>
ST_3 : Operation 33 [1/1] (0.00ns)   --->   "%specloopname_ln120 = specloopname void @_ssdm_op_SpecLoopName, void @empty_0" [matrix.cpp:120]   --->   Operation 33 'specloopname' 'specloopname_ln120' <Predicate = (!icmp_ln120)> <Delay = 0.00>
ST_3 : Operation 34 [1/1] (0.73ns)   --->   "%store_ln122 = store i32 0, i4 %c_data_addr" [matrix.cpp:122]   --->   Operation 34 'store' 'store_ln122' <Predicate = (!icmp_ln120)> <Delay = 0.73> <CoreInst = "RAM">   --->   Core 83 'RAM' <Latency = 1> <II = 1> <Delay = 0.73> <Storage> <Opcode : 'load' 'store'> <Ports = 2> <Width = 32> <Depth = 16> <RAM>
ST_3 : Operation 35 [1/1] (0.00ns)   --->   "%br_ln123 = br i1 %cmp91, void %._crit_edge, void %_ZN13ap_fixed_baseILi65ELi33ELb1EL9ap_q_mode5EL9ap_o_mode3ELi0EEC2ILi32ELi16ELb1ELS0_5ELS1_3ELi0EEERKS_IXT_EXT0_EXT1_EXT2_EXT3_EXT4_EE.exit.i.i.preheader" [matrix.cpp:123]   --->   Operation 35 'br' 'br_ln123' <Predicate = (!icmp_ln120)> <Delay = 0.00>
ST_3 : Operation 36 [1/1] (0.46ns)   --->   "%br_ln1116 = br void %_ZN13ap_fixed_baseILi65ELi33ELb1EL9ap_q_mode5EL9ap_o_mode3ELi0EEC2ILi32ELi16ELb1ELS0_5ELS1_3ELi0EEERKS_IXT_EXT0_EXT1_EXT2_EXT3_EXT4_EE.exit.i.i"   --->   Operation 36 'br' 'br_ln1116' <Predicate = (!icmp_ln120 & cmp91)> <Delay = 0.46>
ST_3 : Operation 37 [1/1] (0.00ns)   --->   "%br_ln0 = br void"   --->   Operation 37 'br' 'br_ln0' <Predicate = (icmp_ln120)> <Delay = 0.00>

State 4 <SV = 3> <Delay = 1.53>
ST_4 : Operation 38 [1/1] (0.00ns)   --->   "%k = phi i31 %add_ln123, void %_ZN13ap_fixed_baseILi65ELi33ELb1EL9ap_q_mode5EL9ap_o_mode3ELi0EEC2ILi32ELi16ELb1ELS0_5ELS1_3ELi0EEERKS_IXT_EXT0_EXT1_EXT2_EXT3_EXT4_EE.exit.i.i.split, i31 0, void %_ZN13ap_fixed_baseILi65ELi33ELb1EL9ap_q_mode5EL9ap_o_mode3ELi0EEC2ILi32ELi16ELb1ELS0_5ELS1_3ELi0EEERKS_IXT_EXT0_EXT1_EXT2_EXT3_EXT4_EE.exit.i.i.preheader" [matrix.cpp:123]   --->   Operation 38 'phi' 'k' <Predicate = (cmp91)> <Delay = 0.00>
ST_4 : Operation 39 [1/1] (0.00ns)   --->   "%lhs = phi i32 %trunc_ln, void %_ZN13ap_fixed_baseILi65ELi33ELb1EL9ap_q_mode5EL9ap_o_mode3ELi0EEC2ILi32ELi16ELb1ELS0_5ELS1_3ELi0EEERKS_IXT_EXT0_EXT1_EXT2_EXT3_EXT4_EE.exit.i.i.split, i32 0, void %_ZN13ap_fixed_baseILi65ELi33ELb1EL9ap_q_mode5EL9ap_o_mode3ELi0EEC2ILi32ELi16ELb1ELS0_5ELS1_3ELi0EEERKS_IXT_EXT0_EXT1_EXT2_EXT3_EXT4_EE.exit.i.i.preheader"   --->   Operation 39 'phi' 'lhs' <Predicate = (cmp91)> <Delay = 0.00>
ST_4 : Operation 40 [1/1] (1.14ns)   --->   "%add_ln123 = add i31 %k, i31 1" [matrix.cpp:123]   --->   Operation 40 'add' 'add_ln123' <Predicate = (cmp91)> <Delay = 1.14> <CoreInst = "Adder">   --->   Core 1 'Adder' <Latency = 0> <II = 1> <Delay = 1.28> <FuncUnit> <Opcode : 'add' 'sub'> <InPorts = 2> <OutPorts = 1>
ST_4 : Operation 41 [1/1] (0.00ns)   --->   "%trunc_ln1116_2 = trunc i31 %k"   --->   Operation 41 'trunc' 'trunc_ln1116_2' <Predicate = (cmp91)> <Delay = 0.00>
ST_4 : Operation 42 [1/1] (0.80ns)   --->   "%add_ln1116 = add i4 %tmp_cast, i4 %trunc_ln1116_2"   --->   Operation 42 'add' 'add_ln1116' <Predicate = (cmp91)> <Delay = 0.80> <CoreInst = "Adder">   --->   Core 1 'Adder' <Latency = 0> <II = 1> <Delay = 1.28> <FuncUnit> <Opcode : 'add' 'sub'> <InPorts = 2> <OutPorts = 1>
ST_4 : Operation 43 [1/1] (0.00ns)   --->   "%zext_ln1116 = zext i4 %add_ln1116"   --->   Operation 43 'zext' 'zext_ln1116' <Predicate = (cmp91)> <Delay = 0.00>
ST_4 : Operation 44 [1/1] (0.00ns)   --->   "%a_data_addr = getelementptr i32 %a_data, i64 0, i64 %zext_ln1116"   --->   Operation 44 'getelementptr' 'a_data_addr' <Predicate = (cmp91)> <Delay = 0.00>
ST_4 : Operation 45 [1/1] (0.00ns)   --->   "%trunc_ln1118 = trunc i31 %k"   --->   Operation 45 'trunc' 'trunc_ln1118' <Predicate = (cmp91)> <Delay = 0.00>
ST_4 : Operation 46 [1/1] (0.00ns)   --->   "%tmp_7_cast = bitconcatenate i4 @_ssdm_op_BitConcatenate.i4.i2.i2, i2 %trunc_ln1118, i2 0"   --->   Operation 46 'bitconcatenate' 'tmp_7_cast' <Predicate = (cmp91)> <Delay = 0.00>
ST_4 : Operation 47 [1/1] (0.80ns)   --->   "%add_ln1118 = add i4 %tmp_7_cast, i4 %trunc_ln122"   --->   Operation 47 'add' 'add_ln1118' <Predicate = (cmp91)> <Delay = 0.80> <CoreInst = "Adder">   --->   Core 1 'Adder' <Latency = 0> <II = 1> <Delay = 1.28> <FuncUnit> <Opcode : 'add' 'sub'> <InPorts = 2> <OutPorts = 1>
ST_4 : Operation 48 [1/1] (0.00ns)   --->   "%zext_ln1118 = zext i4 %add_ln1118"   --->   Operation 48 'zext' 'zext_ln1118' <Predicate = (cmp91)> <Delay = 0.00>
ST_4 : Operation 49 [1/1] (0.00ns)   --->   "%b_data_addr = getelementptr i32 %b_data, i64 0, i64 %zext_ln1118"   --->   Operation 49 'getelementptr' 'b_data_addr' <Predicate = (cmp91)> <Delay = 0.00>
ST_4 : Operation 50 [1/1] (0.00ns)   --->   "%zext_ln123 = zext i31 %k" [matrix.cpp:123]   --->   Operation 50 'zext' 'zext_ln123' <Predicate = (cmp91)> <Delay = 0.00>
ST_4 : Operation 51 [1/1] (0.80ns)   --->   "%icmp_ln123 = icmp_eq  i32 %zext_ln123, i32 %p_read_2" [matrix.cpp:123]   --->   Operation 51 'icmp' 'icmp_ln123' <Predicate = (cmp91)> <Delay = 0.80> <CoreInst = "Cmp">   --->   Core 9 'Cmp' <Latency = 0> <II = 1> <Delay = 0.80> <FuncUnit> <Opcode : 'icmp'> <InPorts = 2> <OutPorts = 1>
ST_4 : Operation 52 [1/1] (0.00ns)   --->   "%br_ln123 = br i1 %icmp_ln123, void %_ZN13ap_fixed_baseILi65ELi33ELb1EL9ap_q_mode5EL9ap_o_mode3ELi0EEC2ILi32ELi16ELb1ELS0_5ELS1_3ELi0EEERKS_IXT_EXT0_EXT1_EXT2_EXT3_EXT4_EE.exit.i.i.split, void %._crit_edge.loopexit" [matrix.cpp:123]   --->   Operation 52 'br' 'br_ln123' <Predicate = (cmp91)> <Delay = 0.00>
ST_4 : Operation 53 [2/2] (0.73ns)   --->   "%r_V = load i4 %a_data_addr"   --->   Operation 53 'load' 'r_V' <Predicate = (cmp91 & !icmp_ln123)> <Delay = 0.73> <CoreInst = "RAM">   --->   Core 83 'RAM' <Latency = 1> <II = 1> <Delay = 0.73> <Storage> <Opcode : 'load' 'store'> <Ports = 2> <Width = 32> <Depth = 16> <RAM>
ST_4 : Operation 54 [2/2] (0.73ns)   --->   "%b_data_load = load i4 %b_data_addr"   --->   Operation 54 'load' 'b_data_load' <Predicate = (cmp91 & !icmp_ln123)> <Delay = 0.73> <CoreInst = "RAM">   --->   Core 83 'RAM' <Latency = 1> <II = 1> <Delay = 0.73> <Storage> <Opcode : 'load' 'store'> <Ports = 2> <Width = 32> <Depth = 16> <RAM>
ST_4 : Operation 55 [1/1] (0.73ns)   --->   "%store_ln727 = store i32 %lhs, i4 %c_data_addr"   --->   Operation 55 'store' 'store_ln727' <Predicate = (cmp91 & icmp_ln123)> <Delay = 0.73> <CoreInst = "RAM">   --->   Core 83 'RAM' <Latency = 1> <II = 1> <Delay = 0.73> <Storage> <Opcode : 'load' 'store'> <Ports = 2> <Width = 32> <Depth = 16> <RAM>
ST_4 : Operation 56 [1/1] (0.00ns)   --->   "%br_ln120 = br void %._crit_edge" [matrix.cpp:120]   --->   Operation 56 'br' 'br_ln120' <Predicate = (cmp91 & icmp_ln123)> <Delay = 0.00>
ST_4 : Operation 57 [1/1] (0.00ns)   --->   "%br_ln0 = br void"   --->   Operation 57 'br' 'br_ln0' <Predicate = (icmp_ln123) | (!cmp91)> <Delay = 0.00>

State 5 <SV = 4> <Delay = 5.91>
ST_5 : Operation 58 [1/1] (0.00ns)   --->   "%speclooptripcount_ln123 = speclooptripcount void @_ssdm_op_SpecLoopTripCount, i64 1, i64 2, i64 1" [matrix.cpp:123]   --->   Operation 58 'speclooptripcount' 'speclooptripcount_ln123' <Predicate = true> <Delay = 0.00>
ST_5 : Operation 59 [1/1] (0.00ns)   --->   "%specloopname_ln123 = specloopname void @_ssdm_op_SpecLoopName, void @empty_11" [matrix.cpp:123]   --->   Operation 59 'specloopname' 'specloopname_ln123' <Predicate = true> <Delay = 0.00>
ST_5 : Operation 60 [1/2] (0.73ns)   --->   "%r_V = load i4 %a_data_addr"   --->   Operation 60 'load' 'r_V' <Predicate = true> <Delay = 0.73> <CoreInst = "RAM">   --->   Core 83 'RAM' <Latency = 1> <II = 1> <Delay = 0.73> <Storage> <Opcode : 'load' 'store'> <Ports = 2> <Width = 32> <Depth = 16> <RAM>
ST_5 : Operation 61 [1/1] (0.00ns)   --->   "%sext_ln1115 = sext i32 %r_V"   --->   Operation 61 'sext' 'sext_ln1115' <Predicate = true> <Delay = 0.00>
ST_5 : Operation 62 [1/2] (0.73ns)   --->   "%b_data_load = load i4 %b_data_addr"   --->   Operation 62 'load' 'b_data_load' <Predicate = true> <Delay = 0.73> <CoreInst = "RAM">   --->   Core 83 'RAM' <Latency = 1> <II = 1> <Delay = 0.73> <Storage> <Opcode : 'load' 'store'> <Ports = 2> <Width = 32> <Depth = 16> <RAM>
ST_5 : Operation 63 [1/1] (0.00ns)   --->   "%sext_ln1118 = sext i32 %b_data_load"   --->   Operation 63 'sext' 'sext_ln1118' <Predicate = true> <Delay = 0.00>
ST_5 : Operation 64 [1/1] (3.90ns)   --->   "%r_V_6 = mul i48 %sext_ln1118, i48 %sext_ln1115"   --->   Operation 64 'mul' 'r_V_6' <Predicate = true> <Delay = 3.90> <CoreInst = "Multiplier">   --->   Core 3 'Multiplier' <Latency = 0> <II = 1> <Delay = 3.90> <FuncUnit> <Opcode : 'mul'> <InPorts = 2> <OutPorts = 1>
ST_5 : Operation 65 [1/1] (0.00ns)   --->   "%lhs_6 = bitconcatenate i48 @_ssdm_op_BitConcatenate.i48.i32.i16, i32 %lhs, i16 0"   --->   Operation 65 'bitconcatenate' 'lhs_6' <Predicate = true> <Delay = 0.00>
ST_5 : Operation 66 [1/1] (1.28ns)   --->   "%ret_V = add i48 %lhs_6, i48 %r_V_6"   --->   Operation 66 'add' 'ret_V' <Predicate = true> <Delay = 1.28> <CoreInst = "Adder">   --->   Core 1 'Adder' <Latency = 0> <II = 1> <Delay = 1.28> <FuncUnit> <Opcode : 'add' 'sub'> <InPorts = 2> <OutPorts = 1>
ST_5 : Operation 67 [1/1] (0.00ns)   --->   "%trunc_ln = partselect i32 @_ssdm_op_PartSelect.i32.i48.i32.i32, i48 %ret_V, i32 16, i32 47"   --->   Operation 67 'partselect' 'trunc_ln' <Predicate = true> <Delay = 0.00>
ST_5 : Operation 68 [1/1] (0.00ns)   --->   "%br_ln0 = br void %_ZN13ap_fixed_baseILi65ELi33ELb1EL9ap_q_mode5EL9ap_o_mode3ELi0EEC2ILi32ELi16ELb1ELS0_5ELS1_3ELi0EEERKS_IXT_EXT0_EXT1_EXT2_EXT3_EXT4_EE.exit.i.i"   --->   Operation 68 'br' 'br_ln0' <Predicate = true> <Delay = 0.00>


============================================================
+ Verbose Summary: Binding
============================================================
STG Binding: 
---------------- STG Properties BEGIN ----------------
- Is combinational: 0
- Is one-state seq: 0
- Is datapath-only: 0
- Is pipelined: 0
- Is top level: 0
Port [ Return ] is wired: 1; IO mode=ap_ctrl_hs:ce=0
Port [ p_read]:  wired=1; compound=0; hidden=0; nouse=0; global=0; static=0; extern=0; dir=0; type=0; pingpong=0; private_global=0; IO mode=ap_none:ce=0
Port [ p_read1]:  wired=1; compound=0; hidden=0; nouse=0; global=0; static=0; extern=0; dir=0; type=0; pingpong=0; private_global=0; IO mode=ap_none:ce=0
Port [ a_data]:  wired=1; compound=1; hidden=0; nouse=0; global=0; static=0; extern=0; dir=0; type=1; pingpong=0; private_global=0; MemPort=[13]; IO mode=ap_memory:ce=0
Port [ p_read2]:  wired=1; compound=0; hidden=0; nouse=0; global=0; static=0; extern=0; dir=0; type=0; pingpong=0; private_global=0; IO mode=ap_none:ce=0
Port [ b_data]:  wired=1; compound=1; hidden=0; nouse=0; global=0; static=0; extern=0; dir=0; type=1; pingpong=0; private_global=0; MemPort=[13]; IO mode=ap_memory:ce=0
Port [ c_data]:  wired=1; compound=1; hidden=0; nouse=0; global=0; static=0; extern=0; dir=1; type=1; pingpong=0; private_global=0; MemPort=[03]; IO mode=ap_memory:ce=0
---------------- STG Properties END ------------------

---------------- Datapath Model BEGIN ----------------

<LifeTime>
<method=bitvector/>
p_read_1                (read             ) [ 001111]
p_read_2                (read             ) [ 001111]
p_read12                (read             ) [ 001111]
cmp91                   (icmp             ) [ 001111]
br_ln118                (br               ) [ 011111]
i                       (phi              ) [ 001000]
add_ln118               (add              ) [ 011111]
trunc_ln1116            (trunc            ) [ 000000]
tmp_cast                (bitconcatenate   ) [ 000111]
icmp_ln118              (icmp             ) [ 001111]
br_ln118                (br               ) [ 000000]
speclooptripcount_ln118 (speclooptripcount) [ 000000]
specloopname_ln118      (specloopname     ) [ 000000]
br_ln120                (br               ) [ 001111]
mrv                     (insertvalue      ) [ 000000]
mrv_1                   (insertvalue      ) [ 000000]
ret_ln129               (ret              ) [ 000000]
j                       (phi              ) [ 000100]
add_ln120               (add              ) [ 001111]
trunc_ln122             (trunc            ) [ 000011]
add_ln122               (add              ) [ 000000]
zext_ln122              (zext             ) [ 000000]
c_data_addr             (getelementptr    ) [ 000011]
zext_ln120              (zext             ) [ 000000]
icmp_ln120              (icmp             ) [ 001111]
br_ln120                (br               ) [ 000000]
speclooptripcount_ln120 (speclooptripcount) [ 000000]
specloopname_ln120      (specloopname     ) [ 000000]
store_ln122             (store            ) [ 000000]
br_ln123                (br               ) [ 000000]
br_ln1116               (br               ) [ 001111]
br_ln0                  (br               ) [ 011111]
k                       (phi              ) [ 000010]
lhs                     (phi              ) [ 000011]
add_ln123               (add              ) [ 001111]
trunc_ln1116_2          (trunc            ) [ 000000]
add_ln1116              (add              ) [ 000000]
zext_ln1116             (zext             ) [ 000000]
a_data_addr             (getelementptr    ) [ 000001]
trunc_ln1118            (trunc            ) [ 000000]
tmp_7_cast              (bitconcatenate   ) [ 000000]
add_ln1118              (add              ) [ 000000]
zext_ln1118             (zext             ) [ 000000]
b_data_addr             (getelementptr    ) [ 000001]
zext_ln123              (zext             ) [ 000000]
icmp_ln123              (icmp             ) [ 001111]
br_ln123                (br               ) [ 000000]
store_ln727             (store            ) [ 000000]
br_ln120                (br               ) [ 000000]
br_ln0                  (br               ) [ 001111]
speclooptripcount_ln123 (speclooptripcount) [ 000000]
specloopname_ln123      (specloopname     ) [ 000000]
r_V                     (load             ) [ 000000]
sext_ln1115             (sext             ) [ 000000]
b_data_load             (load             ) [ 000000]
sext_ln1118             (sext             ) [ 000000]
r_V_6                   (mul              ) [ 000000]
lhs_6                   (bitconcatenate   ) [ 000000]
ret_V                   (add              ) [ 000000]
trunc_ln                (partselect       ) [ 001111]
br_ln0                  (br               ) [ 001111]
</LifeTime>

<model>

<comp_list>
<comp id="0" class="1000" name="p_read">
<pin_list>
<pin id="1" dir="1" index="0" bw="1" slack="0"/>
</pin_list>
<bind>
<StgValue><ssdm name="p_read"/></StgValue>
</bind>
</comp>

<comp id="2" class="1000" name="p_read1">
<pin_list>
<pin id="3" dir="1" index="0" bw="1" slack="0"/>
</pin_list>
<bind>
<StgValue><ssdm name="p_read1"/></StgValue>
</bind>
</comp>

<comp id="4" class="1000" name="a_data">
<pin_list>
<pin id="5" dir="1" index="0" bw="1" slack="0"/>
</pin_list>
<bind>
<StgValue><ssdm name="a_data"/><MemPortTyVec>1 3 </MemPortTyVec>
</StgValue>
</bind>
</comp>

<comp id="6" class="1000" name="p_read2">
<pin_list>
<pin id="7" dir="1" index="0" bw="1" slack="0"/>
</pin_list>
<bind>
<StgValue><ssdm name="p_read2"/></StgValue>
</bind>
</comp>

<comp id="8" class="1000" name="b_data">
<pin_list>
<pin id="9" dir="1" index="0" bw="1" slack="0"/>
</pin_list>
<bind>
<StgValue><ssdm name="b_data"/><MemPortTyVec>1 3 </MemPortTyVec>
</StgValue>
</bind>
</comp>

<comp id="10" class="1000" name="c_data">
<pin_list>
<pin id="11" dir="1" index="0" bw="1" slack="0"/>
</pin_list>
<bind>
<StgValue><ssdm name="c_data"/><MemPortTyVec>0 3 </MemPortTyVec>
</StgValue>
</bind>
</comp>

<comp id="12" class="1001" name="const_12">
<pin_list>
<pin id="13" dir="1" index="0" bw="1" slack="0"/>
</pin_list>
<bind>
<StgValue><ssdm name="_ssdm_op_Read.ap_auto.i32"/></StgValue>
</bind>
</comp>

<comp id="14" class="1001" name="const_14">
<pin_list>
<pin id="15" dir="1" index="0" bw="1" slack="0"/>
</pin_list>
<bind>
<StgValue><ssdm name=""/></StgValue>
</bind>
</comp>

<comp id="16" class="1001" name="const_16">
<pin_list>
<pin id="17" dir="1" index="0" bw="1" slack="0"/>
</pin_list>
<bind>
<StgValue><ssdm name=""/></StgValue>
</bind>
</comp>

<comp id="18" class="1001" name="const_18">
<pin_list>
<pin id="19" dir="1" index="0" bw="1" slack="0"/>
</pin_list>
<bind>
<StgValue><ssdm name="_ssdm_op_BitConcatenate.i4.i2.i2"/></StgValue>
</bind>
</comp>

<comp id="20" class="1001" name="const_20">
<pin_list>
<pin id="21" dir="1" index="0" bw="1" slack="0"/>
</pin_list>
<bind>
<StgValue><ssdm name=""/></StgValue>
</bind>
</comp>

<comp id="22" class="1001" name="const_22">
<pin_list>
<pin id="23" dir="1" index="0" bw="1" slack="2147483647"/>
</pin_list>
<bind>
<StgValue><ssdm name="_ssdm_op_SpecLoopTripCount"/></StgValue>
</bind>
</comp>

<comp id="24" class="1001" name="const_24">
<pin_list>
<pin id="25" dir="1" index="0" bw="1" slack="2147483647"/>
</pin_list>
<bind>
<StgValue><ssdm name=""/></StgValue>
</bind>
</comp>

<comp id="26" class="1001" name="const_26">
<pin_list>
<pin id="27" dir="1" index="0" bw="1" slack="2147483647"/>
</pin_list>
<bind>
<StgValue><ssdm name=""/></StgValue>
</bind>
</comp>

<comp id="28" class="1001" name="const_28">
<pin_list>
<pin id="29" dir="1" index="0" bw="1" slack="2147483647"/>
</pin_list>
<bind>
<StgValue><ssdm name="_ssdm_op_SpecLoopName"/></StgValue>
</bind>
</comp>

<comp id="30" class="1001" name="const_30">
<pin_list>
<pin id="31" dir="1" index="0" bw="1" slack="2147483647"/>
</pin_list>
<bind>
<StgValue><ssdm name="empty_26"/></StgValue>
</bind>
</comp>

<comp id="32" class="1001" name="const_32">
<pin_list>
<pin id="33" dir="1" index="0" bw="1" slack="0"/>
</pin_list>
<bind>
<StgValue><ssdm name=""/></StgValue>
</bind>
</comp>

<comp id="34" class="1001" name="const_34">
<pin_list>
<pin id="35" dir="1" index="0" bw="1" slack="1"/>
</pin_list>
<bind>
<StgValue><ssdm name=""/></StgValue>
</bind>
</comp>

<comp id="36" class="1001" name="const_36">
<pin_list>
<pin id="37" dir="1" index="0" bw="1" slack="0"/>
</pin_list>
<bind>
<StgValue><ssdm name=""/></StgValue>
</bind>
</comp>

<comp id="38" class="1001" name="const_38">
<pin_list>
<pin id="39" dir="1" index="0" bw="1" slack="0"/>
</pin_list>
<bind>
<StgValue><ssdm name=""/></StgValue>
</bind>
</comp>

<comp id="40" class="1001" name="const_40">
<pin_list>
<pin id="41" dir="1" index="0" bw="1" slack="2147483647"/>
</pin_list>
<bind>
<StgValue><ssdm name="empty_0"/></StgValue>
</bind>
</comp>

<comp id="42" class="1001" name="const_42">
<pin_list>
<pin id="43" dir="1" index="0" bw="1" slack="1"/>
</pin_list>
<bind>
<StgValue><ssdm name=""/></StgValue>
</bind>
</comp>

<comp id="44" class="1001" name="const_44">
<pin_list>
<pin id="45" dir="1" index="0" bw="1" slack="0"/>
</pin_list>
<bind>
<StgValue><ssdm name=""/></StgValue>
</bind>
</comp>

<comp id="46" class="1001" name="const_46">
<pin_list>
<pin id="47" dir="1" index="0" bw="1" slack="2147483647"/>
</pin_list>
<bind>
<StgValue><ssdm name="empty_11"/></StgValue>
</bind>
</comp>

<comp id="48" class="1001" name="const_48">
<pin_list>
<pin id="49" dir="1" index="0" bw="1" slack="0"/>
</pin_list>
<bind>
<StgValue><ssdm name="_ssdm_op_BitConcatenate.i48.i32.i16"/></StgValue>
</bind>
</comp>

<comp id="50" class="1001" name="const_50">
<pin_list>
<pin id="51" dir="1" index="0" bw="1" slack="0"/>
</pin_list>
<bind>
<StgValue><ssdm name=""/></StgValue>
</bind>
</comp>

<comp id="52" class="1001" name="const_52">
<pin_list>
<pin id="53" dir="1" index="0" bw="1" slack="0"/>
</pin_list>
<bind>
<StgValue><ssdm name="_ssdm_op_PartSelect.i32.i48.i32.i32"/></StgValue>
</bind>
</comp>

<comp id="54" class="1001" name="const_54">
<pin_list>
<pin id="55" dir="1" index="0" bw="1" slack="0"/>
</pin_list>
<bind>
<StgValue><ssdm name=""/></StgValue>
</bind>
</comp>

<comp id="56" class="1001" name="const_56">
<pin_list>
<pin id="57" dir="1" index="0" bw="1" slack="0"/>
</pin_list>
<bind>
<StgValue><ssdm name=""/></StgValue>
</bind>
</comp>

<comp id="58" class="1004" name="p_read_1_read_fu_58">
<pin_list>
<pin id="59" dir="0" index="0" bw="32" slack="0"/>
<pin id="60" dir="0" index="1" bw="32" slack="0"/>
<pin id="61" dir="1" index="2" bw="32" slack="1"/>
</pin_list>
<bind>
<opcode="read(1150) " fcode="read"/>
<opset="p_read_1/1 "/>
</bind>
</comp>

<comp id="64" class="1004" name="p_read_2_read_fu_64">
<pin_list>
<pin id="65" dir="0" index="0" bw="32" slack="0"/>
<pin id="66" dir="0" index="1" bw="32" slack="0"/>
<pin id="67" dir="1" index="2" bw="32" slack="0"/>
</pin_list>
<bind>
<opcode="read(1150) " fcode="read"/>
<opset="p_read_2/1 "/>
</bind>
</comp>

<comp id="70" class="1004" name="p_read12_read_fu_70">
<pin_list>
<pin id="71" dir="0" index="0" bw="32" slack="0"/>
<pin id="72" dir="0" index="1" bw="32" slack="0"/>
<pin id="73" dir="1" index="2" bw="32" slack="1"/>
</pin_list>
<bind>
<opcode="read(1150) " fcode="read"/>
<opset="p_read12/1 "/>
</bind>
</comp>

<comp id="76" class="1004" name="c_data_addr_gep_fu_76">
<pin_list>
<pin id="77" dir="0" index="0" bw="32" slack="0"/>
<pin id="78" dir="0" index="1" bw="1" slack="0"/>
<pin id="79" dir="0" index="2" bw="4" slack="0"/>
<pin id="80" dir="1" index="3" bw="4" slack="0"/>
</pin_list>
<bind>
<opcode="getelementptr(29) " fcode="getelementptr"/>
<opset="c_data_addr/3 "/>
</bind>
</comp>

<comp id="83" class="1004" name="grp_access_fu_83">
<pin_list>
<pin id="84" dir="0" index="0" bw="4" slack="0"/>
<pin id="85" dir="0" index="1" bw="32" slack="0"/>
<pin id="86" dir="0" index="2" bw="0" slack="2147483647"/>
<pin id="87" dir="1" index="3" bw="32" slack="2147483647"/>
</pin_list>
<bind>
<opcode="store(28) " fcode="store"/>
<opset="store_ln122/3 store_ln727/4 "/>
</bind>
</comp>

<comp id="90" class="1004" name="a_data_addr_gep_fu_90">
<pin_list>
<pin id="91" dir="0" index="0" bw="32" slack="0"/>
<pin id="92" dir="0" index="1" bw="1" slack="0"/>
<pin id="93" dir="0" index="2" bw="4" slack="0"/>
<pin id="94" dir="1" index="3" bw="4" slack="0"/>
</pin_list>
<bind>
<opcode="getelementptr(29) " fcode="getelementptr"/>
<opset="a_data_addr/4 "/>
</bind>
</comp>

<comp id="97" class="1004" name="b_data_addr_gep_fu_97">
<pin_list>
<pin id="98" dir="0" index="0" bw="32" slack="0"/>
<pin id="99" dir="0" index="1" bw="1" slack="0"/>
<pin id="100" dir="0" index="2" bw="4" slack="0"/>
<pin id="101" dir="1" index="3" bw="4" slack="0"/>
</pin_list>
<bind>
<opcode="getelementptr(29) " fcode="getelementptr"/>
<opset="b_data_addr/4 "/>
</bind>
</comp>

<comp id="104" class="1004" name="grp_access_fu_104">
<pin_list>
<pin id="105" dir="0" index="0" bw="4" slack="0"/>
<pin id="106" dir="0" index="1" bw="32" slack="2147483647"/>
<pin id="107" dir="0" index="2" bw="0" slack="2147483647"/>
<pin id="108" dir="1" index="3" bw="32" slack="0"/>
</pin_list>
<bind>
<opcode="load(27) " fcode="load"/>
<opset="r_V/4 "/>
</bind>
</comp>

<comp id="110" class="1004" name="grp_access_fu_110">
<pin_list>
<pin id="111" dir="0" index="0" bw="4" slack="0"/>
<pin id="112" dir="0" index="1" bw="32" slack="2147483647"/>
<pin id="113" dir="0" index="2" bw="0" slack="2147483647"/>
<pin id="114" dir="1" index="3" bw="32" slack="0"/>
</pin_list>
<bind>
<opcode="load(27) " fcode="load"/>
<opset="b_data_load/4 "/>
</bind>
</comp>

<comp id="116" class="1005" name="i_reg_116">
<pin_list>
<pin id="117" dir="0" index="0" bw="32" slack="1"/>
<pin id="118" dir="1" index="1" bw="32" slack="1"/>
</pin_list>
<bind>
<opset="i (phireg) "/>
</bind>
</comp>

<comp id="120" class="1004" name="i_phi_fu_120">
<pin_list>
<pin id="121" dir="0" index="0" bw="32" slack="0"/>
<pin id="122" dir="0" index="1" bw="0" slack="2147483647"/>
<pin id="123" dir="0" index="2" bw="1" slack="1"/>
<pin id="124" dir="0" index="3" bw="0" slack="2147483647"/>
<pin id="125" dir="1" index="4" bw="32" slack="0"/>
</pin_list>
<bind>
<opcode="phi(47) " fcode="phi"/>
<opset="i/2 "/>
</bind>
</comp>

<comp id="127" class="1005" name="j_reg_127">
<pin_list>
<pin id="128" dir="0" index="0" bw="5" slack="1"/>
<pin id="129" dir="1" index="1" bw="5" slack="1"/>
</pin_list>
<bind>
<opset="j (phireg) "/>
</bind>
</comp>

<comp id="131" class="1004" name="j_phi_fu_131">
<pin_list>
<pin id="132" dir="0" index="0" bw="1" slack="1"/>
<pin id="133" dir="0" index="1" bw="0" slack="2147483647"/>
<pin id="134" dir="0" index="2" bw="5" slack="0"/>
<pin id="135" dir="0" index="3" bw="0" slack="2147483647"/>
<pin id="136" dir="1" index="4" bw="5" slack="0"/>
</pin_list>
<bind>
<opcode="phi(47) " fcode="phi"/>
<opset="j/3 "/>
</bind>
</comp>

<comp id="138" class="1005" name="k_reg_138">
<pin_list>
<pin id="139" dir="0" index="0" bw="31" slack="1"/>
<pin id="140" dir="1" index="1" bw="31" slack="1"/>
</pin_list>
<bind>
<opset="k (phireg) "/>
</bind>
</comp>

<comp id="142" class="1004" name="k_phi_fu_142">
<pin_list>
<pin id="143" dir="0" index="0" bw="31" slack="0"/>
<pin id="144" dir="0" index="1" bw="0" slack="2147483647"/>
<pin id="145" dir="0" index="2" bw="1" slack="1"/>
<pin id="146" dir="0" index="3" bw="0" slack="2147483647"/>
<pin id="147" dir="1" index="4" bw="31" slack="0"/>
</pin_list>
<bind>
<opcode="phi(47) " fcode="phi"/>
<opset="k/4 "/>
</bind>
</comp>

<comp id="149" class="1005" name="lhs_reg_149">
<pin_list>
<pin id="150" dir="0" index="0" bw="32" slack="1"/>
<pin id="151" dir="1" index="1" bw="32" slack="1"/>
</pin_list>
<bind>
<opset="lhs (phireg) "/>
</bind>
</comp>

<comp id="153" class="1004" name="lhs_phi_fu_153">
<pin_list>
<pin id="154" dir="0" index="0" bw="32" slack="1"/>
<pin id="155" dir="0" index="1" bw="0" slack="2147483647"/>
<pin id="156" dir="0" index="2" bw="1" slack="1"/>
<pin id="157" dir="0" index="3" bw="0" slack="2147483647"/>
<pin id="158" dir="1" index="4" bw="32" slack="0"/>
</pin_list>
<bind>
<opcode="phi(47) " fcode="phi"/>
<opset="lhs/4 "/>
</bind>
</comp>

<comp id="162" class="1004" name="cmp91_fu_162">
<pin_list>
<pin id="163" dir="0" index="0" bw="32" slack="0"/>
<pin id="164" dir="0" index="1" bw="1" slack="0"/>
<pin id="165" dir="1" index="2" bw="1" slack="2"/>
</pin_list>
<bind>
<opcode="icmp(45) " fcode="icmp"/>
<opset="cmp91/1 "/>
</bind>
</comp>

<comp id="168" class="1004" name="add_ln118_fu_168">
<pin_list>
<pin id="169" dir="0" index="0" bw="32" slack="0"/>
<pin id="170" dir="0" index="1" bw="1" slack="0"/>
<pin id="171" dir="1" index="2" bw="32" slack="0"/>
</pin_list>
<bind>
<opcode="add(8) " fcode="add"/>
<opset="add_ln118/2 "/>
</bind>
</comp>

<comp id="174" class="1004" name="trunc_ln1116_fu_174">
<pin_list>
<pin id="175" dir="0" index="0" bw="32" slack="0"/>
<pin id="176" dir="1" index="1" bw="2" slack="0"/>
</pin_list>
<bind>
<opcode="trunc(33) " fcode="trunc"/>
<opset="trunc_ln1116/2 "/>
</bind>
</comp>

<comp id="178" class="1004" name="tmp_cast_fu_178">
<pin_list>
<pin id="179" dir="0" index="0" bw="4" slack="0"/>
<pin id="180" dir="0" index="1" bw="2" slack="0"/>
<pin id="181" dir="0" index="2" bw="1" slack="0"/>
<pin id="182" dir="1" index="3" bw="4" slack="1"/>
</pin_list>
<bind>
<opcode="bitconcatenate(1004) " fcode="bitconcatenate"/>
<opset="tmp_cast/2 "/>
</bind>
</comp>

<comp id="186" class="1004" name="icmp_ln118_fu_186">
<pin_list>
<pin id="187" dir="0" index="0" bw="32" slack="0"/>
<pin id="188" dir="0" index="1" bw="32" slack="1"/>
<pin id="189" dir="1" index="2" bw="1" slack="2147483647"/>
</pin_list>
<bind>
<opcode="icmp(45) " fcode="icmp"/>
<opset="icmp_ln118/2 "/>
</bind>
</comp>

<comp id="191" class="1004" name="mrv_fu_191">
<pin_list>
<pin id="192" dir="0" index="0" bw="64" slack="0"/>
<pin id="193" dir="0" index="1" bw="32" slack="1"/>
<pin id="194" dir="1" index="2" bw="64" slack="0"/>
</pin_list>
<bind>
<opcode="insertvalue(57) " fcode="insertvalue"/>
<opset="mrv/2 "/>
</bind>
</comp>

<comp id="196" class="1004" name="mrv_1_fu_196">
<pin_list>
<pin id="197" dir="0" index="0" bw="64" slack="0"/>
<pin id="198" dir="0" index="1" bw="32" slack="1"/>
<pin id="199" dir="1" index="2" bw="64" slack="2147483647"/>
</pin_list>
<bind>
<opcode="insertvalue(57) " fcode="insertvalue"/>
<opset="mrv_1/2 "/>
</bind>
</comp>

<comp id="201" class="1004" name="add_ln120_fu_201">
<pin_list>
<pin id="202" dir="0" index="0" bw="5" slack="0"/>
<pin id="203" dir="0" index="1" bw="1" slack="0"/>
<pin id="204" dir="1" index="2" bw="5" slack="0"/>
</pin_list>
<bind>
<opcode="add(8) " fcode="add"/>
<opset="add_ln120/3 "/>
</bind>
</comp>

<comp id="207" class="1004" name="trunc_ln122_fu_207">
<pin_list>
<pin id="208" dir="0" index="0" bw="5" slack="0"/>
<pin id="209" dir="1" index="1" bw="4" slack="0"/>
</pin_list>
<bind>
<opcode="trunc(33) " fcode="trunc"/>
<opset="trunc_ln122/3 "/>
</bind>
</comp>

<comp id="211" class="1004" name="add_ln122_fu_211">
<pin_list>
<pin id="212" dir="0" index="0" bw="4" slack="1"/>
<pin id="213" dir="0" index="1" bw="4" slack="0"/>
<pin id="214" dir="1" index="2" bw="4" slack="0"/>
</pin_list>
<bind>
<opcode="add(8) " fcode="add"/>
<opset="add_ln122/3 "/>
</bind>
</comp>

<comp id="216" class="1004" name="zext_ln122_fu_216">
<pin_list>
<pin id="217" dir="0" index="0" bw="4" slack="0"/>
<pin id="218" dir="1" index="1" bw="64" slack="0"/>
</pin_list>
<bind>
<opcode="zext(34) " fcode="zext"/>
<opset="zext_ln122/3 "/>
</bind>
</comp>

<comp id="221" class="1004" name="zext_ln120_fu_221">
<pin_list>
<pin id="222" dir="0" index="0" bw="5" slack="0"/>
<pin id="223" dir="1" index="1" bw="32" slack="0"/>
</pin_list>
<bind>
<opcode="zext(34) " fcode="zext"/>
<opset="zext_ln120/3 "/>
</bind>
</comp>

<comp id="225" class="1004" name="icmp_ln120_fu_225">
<pin_list>
<pin id="226" dir="0" index="0" bw="5" slack="0"/>
<pin id="227" dir="0" index="1" bw="32" slack="2"/>
<pin id="228" dir="1" index="2" bw="1" slack="2147483647"/>
</pin_list>
<bind>
<opcode="icmp(45) " fcode="icmp"/>
<opset="icmp_ln120/3 "/>
</bind>
</comp>

<comp id="230" class="1004" name="add_ln123_fu_230">
<pin_list>
<pin id="231" dir="0" index="0" bw="31" slack="0"/>
<pin id="232" dir="0" index="1" bw="1" slack="0"/>
<pin id="233" dir="1" index="2" bw="31" slack="0"/>
</pin_list>
<bind>
<opcode="add(8) " fcode="add"/>
<opset="add_ln123/4 "/>
</bind>
</comp>

<comp id="236" class="1004" name="trunc_ln1116_2_fu_236">
<pin_list>
<pin id="237" dir="0" index="0" bw="31" slack="0"/>
<pin id="238" dir="1" index="1" bw="4" slack="0"/>
</pin_list>
<bind>
<opcode="trunc(33) " fcode="trunc"/>
<opset="trunc_ln1116_2/4 "/>
</bind>
</comp>

<comp id="240" class="1004" name="add_ln1116_fu_240">
<pin_list>
<pin id="241" dir="0" index="0" bw="4" slack="2"/>
<pin id="242" dir="0" index="1" bw="4" slack="0"/>
<pin id="243" dir="1" index="2" bw="4" slack="0"/>
</pin_list>
<bind>
<opcode="add(8) " fcode="add"/>
<opset="add_ln1116/4 "/>
</bind>
</comp>

<comp id="245" class="1004" name="zext_ln1116_fu_245">
<pin_list>
<pin id="246" dir="0" index="0" bw="4" slack="0"/>
<pin id="247" dir="1" index="1" bw="64" slack="0"/>
</pin_list>
<bind>
<opcode="zext(34) " fcode="zext"/>
<opset="zext_ln1116/4 "/>
</bind>
</comp>

<comp id="250" class="1004" name="trunc_ln1118_fu_250">
<pin_list>
<pin id="251" dir="0" index="0" bw="31" slack="0"/>
<pin id="252" dir="1" index="1" bw="2" slack="0"/>
</pin_list>
<bind>
<opcode="trunc(33) " fcode="trunc"/>
<opset="trunc_ln1118/4 "/>
</bind>
</comp>

<comp id="254" class="1004" name="tmp_7_cast_fu_254">
<pin_list>
<pin id="255" dir="0" index="0" bw="4" slack="0"/>
<pin id="256" dir="0" index="1" bw="2" slack="0"/>
<pin id="257" dir="0" index="2" bw="1" slack="0"/>
<pin id="258" dir="1" index="3" bw="4" slack="0"/>
</pin_list>
<bind>
<opcode="bitconcatenate(1004) " fcode="bitconcatenate"/>
<opset="tmp_7_cast/4 "/>
</bind>
</comp>

<comp id="262" class="1004" name="add_ln1118_fu_262">
<pin_list>
<pin id="263" dir="0" index="0" bw="4" slack="0"/>
<pin id="264" dir="0" index="1" bw="4" slack="1"/>
<pin id="265" dir="1" index="2" bw="4" slack="0"/>
</pin_list>
<bind>
<opcode="add(8) " fcode="add"/>
<opset="add_ln1118/4 "/>
</bind>
</comp>

<comp id="267" class="1004" name="zext_ln1118_fu_267">
<pin_list>
<pin id="268" dir="0" index="0" bw="4" slack="0"/>
<pin id="269" dir="1" index="1" bw="64" slack="0"/>
</pin_list>
<bind>
<opcode="zext(34) " fcode="zext"/>
<opset="zext_ln1118/4 "/>
</bind>
</comp>

<comp id="272" class="1004" name="zext_ln123_fu_272">
<pin_list>
<pin id="273" dir="0" index="0" bw="31" slack="0"/>
<pin id="274" dir="1" index="1" bw="32" slack="0"/>
</pin_list>
<bind>
<opcode="zext(34) " fcode="zext"/>
<opset="zext_ln123/4 "/>
</bind>
</comp>

<comp id="276" class="1004" name="icmp_ln123_fu_276">
<pin_list>
<pin id="277" dir="0" index="0" bw="31" slack="0"/>
<pin id="278" dir="0" index="1" bw="32" slack="3"/>
<pin id="279" dir="1" index="2" bw="1" slack="2147483647"/>
</pin_list>
<bind>
<opcode="icmp(45) " fcode="icmp"/>
<opset="icmp_ln123/4 "/>
</bind>
</comp>

<comp id="281" class="1004" name="sext_ln1115_fu_281">
<pin_list>
<pin id="282" dir="0" index="0" bw="32" slack="0"/>
<pin id="283" dir="1" index="1" bw="48" slack="0"/>
</pin_list>
<bind>
<opcode="sext(35) " fcode="sext"/>
<opset="sext_ln1115/5 "/>
</bind>
</comp>

<comp id="285" class="1004" name="sext_ln1118_fu_285">
<pin_list>
<pin id="286" dir="0" index="0" bw="32" slack="0"/>
<pin id="287" dir="1" index="1" bw="48" slack="0"/>
</pin_list>
<bind>
<opcode="sext(35) " fcode="sext"/>
<opset="sext_ln1118/5 "/>
</bind>
</comp>

<comp id="289" class="1004" name="r_V_6_fu_289">
<pin_list>
<pin id="290" dir="0" index="0" bw="32" slack="0"/>
<pin id="291" dir="0" index="1" bw="32" slack="0"/>
<pin id="292" dir="1" index="2" bw="48" slack="0"/>
</pin_list>
<bind>
<opcode="mul(12) " fcode="mul"/>
<opset="r_V_6/5 "/>
</bind>
</comp>

<comp id="295" class="1004" name="lhs_6_fu_295">
<pin_list>
<pin id="296" dir="0" index="0" bw="48" slack="0"/>
<pin id="297" dir="0" index="1" bw="32" slack="1"/>
<pin id="298" dir="0" index="2" bw="1" slack="0"/>
<pin id="299" dir="1" index="3" bw="48" slack="0"/>
</pin_list>
<bind>
<opcode="bitconcatenate(1004) " fcode="bitconcatenate"/>
<opset="lhs_6/5 "/>
</bind>
</comp>

<comp id="303" class="1004" name="ret_V_fu_303">
<pin_list>
<pin id="304" dir="0" index="0" bw="48" slack="0"/>
<pin id="305" dir="0" index="1" bw="48" slack="0"/>
<pin id="306" dir="1" index="2" bw="48" slack="0"/>
</pin_list>
<bind>
<opcode="add(8) " fcode="add"/>
<opset="ret_V/5 "/>
</bind>
</comp>

<comp id="309" class="1004" name="trunc_ln_fu_309">
<pin_list>
<pin id="310" dir="0" index="0" bw="32" slack="0"/>
<pin id="311" dir="0" index="1" bw="48" slack="0"/>
<pin id="312" dir="0" index="2" bw="6" slack="0"/>
<pin id="313" dir="0" index="3" bw="7" slack="0"/>
<pin id="314" dir="1" index="4" bw="32" slack="1"/>
</pin_list>
<bind>
<opcode="partselect(1002) " fcode="partselect"/>
<opset="trunc_ln/5 "/>
</bind>
</comp>

<comp id="319" class="1005" name="p_read_1_reg_319">
<pin_list>
<pin id="320" dir="0" index="0" bw="32" slack="1"/>
<pin id="321" dir="1" index="1" bw="32" slack="1"/>
</pin_list>
<bind>
<opset="p_read_1 "/>
</bind>
</comp>

<comp id="325" class="1005" name="p_read_2_reg_325">
<pin_list>
<pin id="326" dir="0" index="0" bw="32" slack="3"/>
<pin id="327" dir="1" index="1" bw="32" slack="3"/>
</pin_list>
<bind>
<opset="p_read_2 "/>
</bind>
</comp>

<comp id="330" class="1005" name="p_read12_reg_330">
<pin_list>
<pin id="331" dir="0" index="0" bw="32" slack="1"/>
<pin id="332" dir="1" index="1" bw="32" slack="1"/>
</pin_list>
<bind>
<opset="p_read12 "/>
</bind>
</comp>

<comp id="336" class="1005" name="cmp91_reg_336">
<pin_list>
<pin id="337" dir="0" index="0" bw="1" slack="2"/>
<pin id="338" dir="1" index="1" bw="1" slack="2147483647"/>
</pin_list>
<bind>
<opset="cmp91 "/>
</bind>
</comp>

<comp id="340" class="1005" name="add_ln118_reg_340">
<pin_list>
<pin id="341" dir="0" index="0" bw="32" slack="0"/>
<pin id="342" dir="1" index="1" bw="32" slack="0"/>
</pin_list>
<bind>
<opset="add_ln118 "/>
</bind>
</comp>

<comp id="345" class="1005" name="tmp_cast_reg_345">
<pin_list>
<pin id="346" dir="0" index="0" bw="4" slack="1"/>
<pin id="347" dir="1" index="1" bw="4" slack="1"/>
</pin_list>
<bind>
<opset="tmp_cast "/>
</bind>
</comp>

<comp id="354" class="1005" name="add_ln120_reg_354">
<pin_list>
<pin id="355" dir="0" index="0" bw="5" slack="0"/>
<pin id="356" dir="1" index="1" bw="5" slack="0"/>
</pin_list>
<bind>
<opset="add_ln120 "/>
</bind>
</comp>

<comp id="359" class="1005" name="trunc_ln122_reg_359">
<pin_list>
<pin id="360" dir="0" index="0" bw="4" slack="1"/>
<pin id="361" dir="1" index="1" bw="4" slack="1"/>
</pin_list>
<bind>
<opset="trunc_ln122 "/>
</bind>
</comp>

<comp id="364" class="1005" name="c_data_addr_reg_364">
<pin_list>
<pin id="365" dir="0" index="0" bw="4" slack="1"/>
<pin id="366" dir="1" index="1" bw="4" slack="1"/>
</pin_list>
<bind>
<opset="c_data_addr "/>
</bind>
</comp>

<comp id="372" class="1005" name="add_ln123_reg_372">
<pin_list>
<pin id="373" dir="0" index="0" bw="31" slack="0"/>
<pin id="374" dir="1" index="1" bw="31" slack="0"/>
</pin_list>
<bind>
<opset="add_ln123 "/>
</bind>
</comp>

<comp id="377" class="1005" name="a_data_addr_reg_377">
<pin_list>
<pin id="378" dir="0" index="0" bw="4" slack="1"/>
<pin id="379" dir="1" index="1" bw="4" slack="1"/>
</pin_list>
<bind>
<opset="a_data_addr "/>
</bind>
</comp>

<comp id="382" class="1005" name="b_data_addr_reg_382">
<pin_list>
<pin id="383" dir="0" index="0" bw="4" slack="1"/>
<pin id="384" dir="1" index="1" bw="4" slack="1"/>
</pin_list>
<bind>
<opset="b_data_addr "/>
</bind>
</comp>

<comp id="390" class="1005" name="trunc_ln_reg_390">
<pin_list>
<pin id="391" dir="0" index="0" bw="32" slack="1"/>
<pin id="392" dir="1" index="1" bw="32" slack="1"/>
</pin_list>
<bind>
<opset="trunc_ln "/>
</bind>
</comp>

</comp_list>

<net_list>
<net id="62"><net_src comp="12" pin="0"/><net_sink comp="58" pin=0"/></net>

<net id="63"><net_src comp="6" pin="0"/><net_sink comp="58" pin=1"/></net>

<net id="68"><net_src comp="12" pin="0"/><net_sink comp="64" pin=0"/></net>

<net id="69"><net_src comp="2" pin="0"/><net_sink comp="64" pin=1"/></net>

<net id="74"><net_src comp="12" pin="0"/><net_sink comp="70" pin=0"/></net>

<net id="75"><net_src comp="0" pin="0"/><net_sink comp="70" pin=1"/></net>

<net id="81"><net_src comp="10" pin="0"/><net_sink comp="76" pin=0"/></net>

<net id="82"><net_src comp="38" pin="0"/><net_sink comp="76" pin=1"/></net>

<net id="88"><net_src comp="14" pin="0"/><net_sink comp="83" pin=1"/></net>

<net id="89"><net_src comp="76" pin="3"/><net_sink comp="83" pin=0"/></net>

<net id="95"><net_src comp="4" pin="0"/><net_sink comp="90" pin=0"/></net>

<net id="96"><net_src comp="38" pin="0"/><net_sink comp="90" pin=1"/></net>

<net id="102"><net_src comp="8" pin="0"/><net_sink comp="97" pin=0"/></net>

<net id="103"><net_src comp="38" pin="0"/><net_sink comp="97" pin=1"/></net>

<net id="109"><net_src comp="90" pin="3"/><net_sink comp="104" pin=0"/></net>

<net id="115"><net_src comp="97" pin="3"/><net_sink comp="110" pin=0"/></net>

<net id="119"><net_src comp="14" pin="0"/><net_sink comp="116" pin=0"/></net>

<net id="126"><net_src comp="116" pin="1"/><net_sink comp="120" pin=2"/></net>

<net id="130"><net_src comp="34" pin="0"/><net_sink comp="127" pin=0"/></net>

<net id="137"><net_src comp="127" pin="1"/><net_sink comp="131" pin=0"/></net>

<net id="141"><net_src comp="42" pin="0"/><net_sink comp="138" pin=0"/></net>

<net id="148"><net_src comp="138" pin="1"/><net_sink comp="142" pin=2"/></net>

<net id="152"><net_src comp="14" pin="0"/><net_sink comp="149" pin=0"/></net>

<net id="159"><net_src comp="149" pin="1"/><net_sink comp="153" pin=2"/></net>

<net id="160"><net_src comp="153" pin="4"/><net_sink comp="83" pin=1"/></net>

<net id="161"><net_src comp="153" pin="4"/><net_sink comp="149" pin=0"/></net>

<net id="166"><net_src comp="64" pin="2"/><net_sink comp="162" pin=0"/></net>

<net id="167"><net_src comp="14" pin="0"/><net_sink comp="162" pin=1"/></net>

<net id="172"><net_src comp="120" pin="4"/><net_sink comp="168" pin=0"/></net>

<net id="173"><net_src comp="16" pin="0"/><net_sink comp="168" pin=1"/></net>

<net id="177"><net_src comp="120" pin="4"/><net_sink comp="174" pin=0"/></net>

<net id="183"><net_src comp="18" pin="0"/><net_sink comp="178" pin=0"/></net>

<net id="184"><net_src comp="174" pin="1"/><net_sink comp="178" pin=1"/></net>

<net id="185"><net_src comp="20" pin="0"/><net_sink comp="178" pin=2"/></net>

<net id="190"><net_src comp="120" pin="4"/><net_sink comp="186" pin=0"/></net>

<net id="195"><net_src comp="32" pin="0"/><net_sink comp="191" pin=0"/></net>

<net id="200"><net_src comp="191" pin="2"/><net_sink comp="196" pin=0"/></net>

<net id="205"><net_src comp="131" pin="4"/><net_sink comp="201" pin=0"/></net>

<net id="206"><net_src comp="36" pin="0"/><net_sink comp="201" pin=1"/></net>

<net id="210"><net_src comp="131" pin="4"/><net_sink comp="207" pin=0"/></net>

<net id="215"><net_src comp="207" pin="1"/><net_sink comp="211" pin=1"/></net>

<net id="219"><net_src comp="211" pin="2"/><net_sink comp="216" pin=0"/></net>

<net id="220"><net_src comp="216" pin="1"/><net_sink comp="76" pin=2"/></net>

<net id="224"><net_src comp="131" pin="4"/><net_sink comp="221" pin=0"/></net>

<net id="229"><net_src comp="221" pin="1"/><net_sink comp="225" pin=0"/></net>

<net id="234"><net_src comp="142" pin="4"/><net_sink comp="230" pin=0"/></net>

<net id="235"><net_src comp="44" pin="0"/><net_sink comp="230" pin=1"/></net>

<net id="239"><net_src comp="142" pin="4"/><net_sink comp="236" pin=0"/></net>

<net id="244"><net_src comp="236" pin="1"/><net_sink comp="240" pin=1"/></net>

<net id="248"><net_src comp="240" pin="2"/><net_sink comp="245" pin=0"/></net>

<net id="249"><net_src comp="245" pin="1"/><net_sink comp="90" pin=2"/></net>

<net id="253"><net_src comp="142" pin="4"/><net_sink comp="250" pin=0"/></net>

<net id="259"><net_src comp="18" pin="0"/><net_sink comp="254" pin=0"/></net>

<net id="260"><net_src comp="250" pin="1"/><net_sink comp="254" pin=1"/></net>

<net id="261"><net_src comp="20" pin="0"/><net_sink comp="254" pin=2"/></net>

<net id="266"><net_src comp="254" pin="3"/><net_sink comp="262" pin=0"/></net>

<net id="270"><net_src comp="262" pin="2"/><net_sink comp="267" pin=0"/></net>

<net id="271"><net_src comp="267" pin="1"/><net_sink comp="97" pin=2"/></net>

<net id="275"><net_src comp="142" pin="4"/><net_sink comp="272" pin=0"/></net>

<net id="280"><net_src comp="272" pin="1"/><net_sink comp="276" pin=0"/></net>

<net id="284"><net_src comp="104" pin="3"/><net_sink comp="281" pin=0"/></net>

<net id="288"><net_src comp="110" pin="3"/><net_sink comp="285" pin=0"/></net>

<net id="293"><net_src comp="285" pin="1"/><net_sink comp="289" pin=0"/></net>

<net id="294"><net_src comp="281" pin="1"/><net_sink comp="289" pin=1"/></net>

<net id="300"><net_src comp="48" pin="0"/><net_sink comp="295" pin=0"/></net>

<net id="301"><net_src comp="149" pin="1"/><net_sink comp="295" pin=1"/></net>

<net id="302"><net_src comp="50" pin="0"/><net_sink comp="295" pin=2"/></net>

<net id="307"><net_src comp="295" pin="3"/><net_sink comp="303" pin=0"/></net>

<net id="308"><net_src comp="289" pin="2"/><net_sink comp="303" pin=1"/></net>

<net id="315"><net_src comp="52" pin="0"/><net_sink comp="309" pin=0"/></net>

<net id="316"><net_src comp="303" pin="2"/><net_sink comp="309" pin=1"/></net>

<net id="317"><net_src comp="54" pin="0"/><net_sink comp="309" pin=2"/></net>

<net id="318"><net_src comp="56" pin="0"/><net_sink comp="309" pin=3"/></net>

<net id="322"><net_src comp="58" pin="2"/><net_sink comp="319" pin=0"/></net>

<net id="323"><net_src comp="319" pin="1"/><net_sink comp="196" pin=1"/></net>

<net id="324"><net_src comp="319" pin="1"/><net_sink comp="225" pin=1"/></net>

<net id="328"><net_src comp="64" pin="2"/><net_sink comp="325" pin=0"/></net>

<net id="329"><net_src comp="325" pin="1"/><net_sink comp="276" pin=1"/></net>

<net id="333"><net_src comp="70" pin="2"/><net_sink comp="330" pin=0"/></net>

<net id="334"><net_src comp="330" pin="1"/><net_sink comp="186" pin=1"/></net>

<net id="335"><net_src comp="330" pin="1"/><net_sink comp="191" pin=1"/></net>

<net id="339"><net_src comp="162" pin="2"/><net_sink comp="336" pin=0"/></net>

<net id="343"><net_src comp="168" pin="2"/><net_sink comp="340" pin=0"/></net>

<net id="344"><net_src comp="340" pin="1"/><net_sink comp="120" pin=0"/></net>

<net id="348"><net_src comp="178" pin="3"/><net_sink comp="345" pin=0"/></net>

<net id="349"><net_src comp="345" pin="1"/><net_sink comp="211" pin=0"/></net>

<net id="350"><net_src comp="345" pin="1"/><net_sink comp="240" pin=0"/></net>

<net id="357"><net_src comp="201" pin="2"/><net_sink comp="354" pin=0"/></net>

<net id="358"><net_src comp="354" pin="1"/><net_sink comp="131" pin=2"/></net>

<net id="362"><net_src comp="207" pin="1"/><net_sink comp="359" pin=0"/></net>

<net id="363"><net_src comp="359" pin="1"/><net_sink comp="262" pin=1"/></net>

<net id="367"><net_src comp="76" pin="3"/><net_sink comp="364" pin=0"/></net>

<net id="368"><net_src comp="364" pin="1"/><net_sink comp="83" pin=0"/></net>

<net id="375"><net_src comp="230" pin="2"/><net_sink comp="372" pin=0"/></net>

<net id="376"><net_src comp="372" pin="1"/><net_sink comp="142" pin=0"/></net>

<net id="380"><net_src comp="90" pin="3"/><net_sink comp="377" pin=0"/></net>

<net id="381"><net_src comp="377" pin="1"/><net_sink comp="104" pin=0"/></net>

<net id="385"><net_src comp="97" pin="3"/><net_sink comp="382" pin=0"/></net>

<net id="386"><net_src comp="382" pin="1"/><net_sink comp="110" pin=0"/></net>

<net id="393"><net_src comp="309" pin="4"/><net_sink comp="390" pin=0"/></net>

<net id="394"><net_src comp="390" pin="1"/><net_sink comp="153" pin=0"/></net>

</net_list>

</model> 
---------------- Datapath Model END ------------------

* FSMD analyzer results:
  - Output states:
	Port: c_data | {3 4 }
 - Input state : 
	Port: multiply_matrix : p_read | {1 }
	Port: multiply_matrix : p_read1 | {1 }
	Port: multiply_matrix : a_data | {4 5 }
	Port: multiply_matrix : p_read2 | {1 }
	Port: multiply_matrix : b_data | {4 5 }
  - Chain level:
	State 1
	State 2
		add_ln118 : 1
		trunc_ln1116 : 1
		tmp_cast : 2
		icmp_ln118 : 1
		br_ln118 : 2
		mrv_1 : 1
		ret_ln129 : 2
	State 3
		add_ln120 : 1
		trunc_ln122 : 1
		add_ln122 : 2
		zext_ln122 : 3
		c_data_addr : 4
		zext_ln120 : 1
		icmp_ln120 : 2
		br_ln120 : 3
		store_ln122 : 5
	State 4
		add_ln123 : 1
		trunc_ln1116_2 : 1
		add_ln1116 : 2
		zext_ln1116 : 3
		a_data_addr : 4
		trunc_ln1118 : 1
		tmp_7_cast : 2
		add_ln1118 : 3
		zext_ln1118 : 4
		b_data_addr : 5
		zext_ln123 : 1
		icmp_ln123 : 2
		br_ln123 : 3
		r_V : 5
		b_data_load : 6
		store_ln727 : 1
	State 5
		sext_ln1115 : 1
		sext_ln1118 : 1
		r_V_6 : 2
		ret_V : 3
		trunc_ln : 4


============================================================
+ Verbose Summary: Datapath Resource usage 
============================================================

* Functional unit list:
|----------|-----------------------|---------|---------|---------|
| Operation|    Functional Unit    |   DSP   |    FF   |   LUT   |
|----------|-----------------------|---------|---------|---------|
|          |    add_ln118_fu_168   |    0    |    0    |    39   |
|          |    add_ln120_fu_201   |    0    |    0    |    12   |
|          |    add_ln122_fu_211   |    0    |    0    |    12   |
|    add   |    add_ln123_fu_230   |    0    |    0    |    38   |
|          |   add_ln1116_fu_240   |    0    |    0    |    12   |
|          |   add_ln1118_fu_262   |    0    |    0    |    12   |
|          |      ret_V_fu_303     |    0    |    0    |    55   |
|----------|-----------------------|---------|---------|---------|
|          |      cmp91_fu_162     |    0    |    0    |    20   |
|   icmp   |   icmp_ln118_fu_186   |    0    |    0    |    20   |
|          |   icmp_ln120_fu_225   |    0    |    0    |    20   |
|          |   icmp_ln123_fu_276   |    0    |    0    |    20   |
|----------|-----------------------|---------|---------|---------|
|    mul   |      r_V_6_fu_289     |    0    |    0    |    20   |
|----------|-----------------------|---------|---------|---------|
|          |  p_read_1_read_fu_58  |    0    |    0    |    0    |
|   read   |  p_read_2_read_fu_64  |    0    |    0    |    0    |
|          |  p_read12_read_fu_70  |    0    |    0    |    0    |
|----------|-----------------------|---------|---------|---------|
|          |  trunc_ln1116_fu_174  |    0    |    0    |    0    |
|   trunc  |   trunc_ln122_fu_207  |    0    |    0    |    0    |
|          | trunc_ln1116_2_fu_236 |    0    |    0    |    0    |
|          |  trunc_ln1118_fu_250  |    0    |    0    |    0    |
|----------|-----------------------|---------|---------|---------|
|          |    tmp_cast_fu_178    |    0    |    0    |    0    |
|bitconcatenate|   tmp_7_cast_fu_254   |    0    |    0    |    0    |
|          |      lhs_6_fu_295     |    0    |    0    |    0    |
|----------|-----------------------|---------|---------|---------|
|insertvalue|       mrv_fu_191      |    0    |    0    |    0    |
|          |      mrv_1_fu_196     |    0    |    0    |    0    |
|----------|-----------------------|---------|---------|---------|
|          |   zext_ln122_fu_216   |    0    |    0    |    0    |
|          |   zext_ln120_fu_221   |    0    |    0    |    0    |
|   zext   |   zext_ln1116_fu_245  |    0    |    0    |    0    |
|          |   zext_ln1118_fu_267  |    0    |    0    |    0    |
|          |   zext_ln123_fu_272   |    0    |    0    |    0    |
|----------|-----------------------|---------|---------|---------|
|   sext   |   sext_ln1115_fu_281  |    0    |    0    |    0    |
|          |   sext_ln1118_fu_285  |    0    |    0    |    0    |
|----------|-----------------------|---------|---------|---------|
|partselect|    trunc_ln_fu_309    |    0    |    0    |    0    |
|----------|-----------------------|---------|---------|---------|
|   Total  |                       |    0    |    0    |   280   |
|----------|-----------------------|---------|---------|---------|

Memories:
N/A

* Register list:
+-------------------+--------+
|                   |   FF   |
+-------------------+--------+
|a_data_addr_reg_377|    4   |
| add_ln118_reg_340 |   32   |
| add_ln120_reg_354 |    5   |
| add_ln123_reg_372 |   31   |
|b_data_addr_reg_382|    4   |
|c_data_addr_reg_364|    4   |
|   cmp91_reg_336   |    1   |
|     i_reg_116     |   32   |
|     j_reg_127     |    5   |
|     k_reg_138     |   31   |
|    lhs_reg_149    |   32   |
|  p_read12_reg_330 |   32   |
|  p_read_1_reg_319 |   32   |
|  p_read_2_reg_325 |   32   |
|  tmp_cast_reg_345 |    4   |
|trunc_ln122_reg_359|    4   |
|  trunc_ln_reg_390 |   32   |
+-------------------+--------+
|       Total       |   317  |
+-------------------+--------+

* Multiplexer (MUX) list: 
|-------------------|------|------|------|--------||---------||---------|
|        Comp       |  Pin | Size |  BW  | S x BW ||  Delay  ||   LUT   |
|-------------------|------|------|------|--------||---------||---------|
|  grp_access_fu_83 |  p0  |   2  |   4  |    8   ||    9    |
|  grp_access_fu_83 |  p1  |   2  |  32  |   64   ||    9    |
| grp_access_fu_104 |  p0  |   2  |   4  |    8   ||    9    |
| grp_access_fu_110 |  p0  |   2  |   4  |    8   ||    9    |
|    lhs_reg_149    |  p0  |   2  |  32  |   64   ||    9    |
|-------------------|------|------|------|--------||---------||---------|
|       Total       |      |      |      |   152  ||   2.3   ||    45   |
|-------------------|------|------|------|--------||---------||---------|



* Summary:
+-----------+--------+--------+--------+--------+
|           |   DSP  |  Delay |   FF   |   LUT  |
+-----------+--------+--------+--------+--------+
|  Function |    0   |    -   |    0   |   280  |
|   Memory  |    -   |    -   |    -   |    -   |
|Multiplexer|    -   |    2   |    -   |   45   |
|  Register |    -   |    -   |   317  |    -   |
+-----------+--------+--------+--------+--------+
|   Total   |    0   |    2   |   317  |   325  |
+-----------+--------+--------+--------+--------+
