

================================================================
== Vitis HLS Report for 'multiply_matrix'
================================================================
* Date:           Wed Apr 29 02:01:16 2026

* Version:        2020.2 (Build 3064766 on Wed Nov 18 09:12:45 MST 2020)
* Project:        kalman_hls
* Solution:       solution1 (Vivado IP Flow Target)
* Product family: virtexuplus
* Target device:  xcvu11p-flga2577-1-e


================================================================
== Performance Estimates
================================================================
+ Timing: 
    * Summary: 
    +--------+----------+----------+------------+
    |  Clock |  Target  | Estimated| Uncertainty|
    +--------+----------+----------+------------+
    |ap_clk  |  10.00 ns|  5.912 ns|     2.70 ns|
    +--------+----------+----------+------------+

+ Latency: 
    * Summary: 
    +---------+---------+-----------+----------+-----+-----+---------+
    |  Latency (cycles) |  Latency (absolute)  |  Interval | Pipeline|
    |   min   |   max   |    min    |    max   | min | max |   Type  |
    +---------+---------+-----------+----------+-----+-----+---------+
    |        5|       29|  50.000 ns|  0.290 us|    5|   29|     none|
    +---------+---------+-----------+----------+-----+-----+---------+

    + Detail: 
        * Instance: 
        N/A

        * Loop: 
        +-----------------------+---------+---------+----------+-----------+-----------+-------+----------+
        |                       |  Latency (cycles) | Iteration|  Initiation Interval  |  Trip |          |
        |       Loop Name       |   min   |   max   |  Latency |  achieved |   target  | Count | Pipelined|
        +-----------------------+---------+---------+----------+-----------+-----------+-------+----------+
        |- VITIS_LOOP_118_1     |        4|       28|    4 ~ 14|          -|          -|  1 ~ 2|        no|
        | + VITIS_LOOP_120_2    |        2|       12|     2 ~ 6|          -|          -|  1 ~ 2|        no|
        |  ++ VITIS_LOOP_123_3  |        2|        4|         2|          -|          -|  1 ~ 2|        no|
        +-----------------------+---------+---------+----------+-----------+-----------+-------+----------+

============================================================
+ Verbose Summary: Synthesis Manager
============================================================
InlineROM: 1
ExposeGlobal: 0
============================================================
+ Verbose Summary: CDFG Model
============================================================
IsTopModel: 0
ResetActiveHigh: 1
IsCombinational: 0
IsDatapathOnly: 0
HasWiredReturn: 1
HasMFsm: 0
HasVarLatency: 1
IsPipeline: 0
IsRtlPipelined: 0
IsInstanceOverlapped: 0
IsDontTouch: 0
HasImplIP: 0
IsGatedGlobalClock: 0


============================================================
+ Verbose Summary: Schedule
============================================================
* Number of FSM states : 5
* Pipeline : 0
* Dataflow Pipeline: 0

* FSM state transitions: 
1 --> 2 
2 --> 3 
3 --> 4 2 
4 --> 5 3 
5 --> 4 

* FSM state operations: 

State 1 <SV = 0> <Delay = 0.80>
ST_1 : Operation 6 [1/1] (0.00ns)   --->   "%p_read_1 = read i32 @_ssdm_op_Read.ap_auto.i32, i32 %p_read2"   --->   Operation 6 'read' 'p_read_1' <Predicate = true> <Delay = 0.00>
ST_1 : Operation 7 [1/1] (0.00ns)   --->   "%p_read_2 = read i32 @_ssdm_op_Read.ap_auto.i32, i32 %p_read1"   --->   Operation 7 'read' 'p_read_2' <Predicate = true> <Delay = 0.00>
ST_1 : Operation 8 [1/1] (0.00ns)   --->   "%p_read12 = read i32 @_ssdm_op_Read.ap_auto.i32, i32 %p_read"   --->   Operation 8 'read' 'p_read12' <Predicate = true> <Delay = 0.00>
ST_1 : Operation 9 [1/1] (0.80ns)   --->   "%cmp91 = icmp_sgt  i32 %p_read_2, i32 0"   --->   Operation 9 'icmp' 'cmp91' <Predicate = true> <Delay = 0.80> <CoreInst = "Cmp">   --->   Core 9 'Cmp' <Latency = 0> <II = 1> <Delay = 0.80> <FuncUnit> <Opcode : 'icmp'> <InPorts = 2> <OutPorts = 1>
ST_1 : Operation 10 [1/1] (0.46ns)   --->   "%br_ln118 = br void" [matrix.cpp:118]   --->   Operation 10 'br' 'br_ln118' <Predicate = true> <Delay = 0.46>

State 2 <SV = 1> <Delay = 1.14>
ST_2 : Operation 11 [1/1] (0.00ns)   --->   "%i = phi i32 %add_ln118, void %._crit_edge7.loopexit, i32 0, void %.lr.ph11" [matrix.cpp:118]   --->   Operation 11 'phi' 'i' <Predicate = true> <Delay = 0.00>
ST_2 : Operation 12 [1/1] (1.14ns)   --->   "%add_ln118 = add i32 %i, i32 1" [matrix.cpp:118]   --->   Operation 12 'add' 'add_ln118' <Predicate = true> <Delay = 1.14> <CoreInst = "Adder">   --->   Core 1 'Adder' <Latency = 0> <II = 1> <Delay = 1.28> <FuncUnit> <Opcode : 'add' 'sub'> <InPorts = 2> <OutPorts = 1>
ST_2 : Operation 13 [1/1] (0.00ns)   --->   "%trunc_ln1116 = trunc i32 %i"   --->   Operation 13 'trunc' 'trunc_ln1116' <Predicate = true> <Delay = 0.00>
ST_2 : Operation 14 [1/1] (0.00ns)   --->   "%tmp_cast = bitconcatenate i4 @_ssdm_op_BitConcatenate.i4.i2.i2, i2 %trunc_ln1116, i2 0" [matrix.cpp:118]   --->   Operation 14 'bitconcatenate' 'tmp_cast' <Predicate = true> <Delay = 0.00>
ST_2 : Operation 15 [1/1] (0.80ns)   --->   "%icmp_ln118 = icmp_eq  i32 %i, i32 %p_read12" [matrix.cpp:118]   --->   Operation 15 'icmp' 'icmp_ln118' <Predicate = true> <Delay = 0.80> <CoreInst = "Cmp">   --->   Core 9 'Cmp' <Latency = 0> <II = 1> <Delay = 0.80> <FuncUnit> <Opcode : 'icmp'> <InPorts = 2> <OutPorts = 1>
ST_2 : Operation 16 [1/1] (0.00ns)   --->   "%br_ln118 = br i1 %icmp_ln118, void %.split4, void %._crit_edge12.loopexit" [matrix.cpp:118]   --->   Operation 16 'br' 'br_ln118' <Predicate = true> <Delay = 0.00>
ST_2 : Operation 17 [1/1] (0.00ns)   --->   "%speclooptripcount_ln118 = speclooptripcount void @_ssdm_op_SpecLoopTripCount, i64 1, i64 2, i64 1" [matrix.cpp:118]   --->   Operation 17 'speclooptripcount' 'speclooptripcount_ln118' <Predicate = (!icmp_ln118)> <Delay = 0.00>
ST_2 : Operation 18 [1/1] (0.00ns)   --->   "%specloopname_ln118 = specloopname void @_ssdm_op_SpecLoopName, void @empty_26" [matrix.cpp:118]   --->   Operation 18 'specloopname' 'specloopname_ln118' <Predicate = (!icmp_ln118)> <Delay = 0.00>
ST_2 : Operation 19 [1/1] (0.46ns)   --->   "%br_ln120 = br void" [matrix.cpp:120]   --->   Operation 19 'br' 'br_ln120' <Predicate = (!icmp_ln118)> <Delay = 0.46>
ST_2 : Operation 20 [1/1] (0.00ns)   --->   "%mrv = insertvalue i64 <undef>, i32 %p_read12" [matrix.cpp:129]   --->   Operation 20 'insertvalue' 'mrv' <Predicate = (icmp_ln118)> <Delay = 0.00>
ST_2 : Operation 21 [1/1] (0.00ns)   --->   "%mrv_1 = insertvalue i64 %mrv, i32 %p_read_1" [matrix.cpp:129]   --->   Operation 21 'insertvalue' 'mrv_1' <Predicate = (icmp_ln118)> <Delay = 0.00>
ST_2 : Operation 22 [1/1] (0.00ns)   --->   "%ret_ln129 = ret i64 %mrv_1" [matrix.cpp:129]   --->   Operation 22 'ret' 'ret_ln129' <Predicate = (icmp_ln118)> <Delay = 0.00>

State 3 <SV = 2> <Delay = 1.53>
ST_3 : Operation 23 [1/1] (0.00ns)   --->   "%j = phi i5 0, void %.split4, i5 %add_ln120, void %._crit_edge" [matrix.cpp:120]   --->   Operation 23 'phi' 'j' <Predicate = true> <Delay = 0.00>
ST_3 : Operation 24 [1/1] (0.82ns)   --->   "%add_ln120 = add i5 %j, i5 1" [matrix.cpp:120]   --->   Operation 24 'add' 'add_ln120' <Predicate = true> <Delay = 0.82> <CoreInst = "Adder">   --->   Core 1 'Adder' <Latency = 0> <II = 1> <Delay = 1.28> <FuncUnit> <Opcode : 'add' 'sub'> <InPorts = 2> <OutPorts = 1>
ST_3 : Operation 25 [1/1] (0.00ns)   --->   "%trunc_ln122 = trunc i5 %j" [matrix.cpp:122]   --->   Operation 25 'trunc' 'trunc_ln122' <Predicate = true> <Delay = 0.00>
ST_3 : Operation 26 [1/1] (0.80ns)   --->   "%add_ln122 = add i4 %tmp_cast, i4 %trunc_ln122" [matrix.cpp:122]   --->   Operation 26 'add' 'add_ln122' <Predicate = true> <Delay = 0.80> <CoreInst = "Adder">   --->   Core 1 'Adder' <Latency = 0> <II = 1> <Delay = 1.28> <FuncUnit> <Opcode : 'add' 'sub'> <InPorts = 2> <OutPorts = 1>
ST_3 : Operation 27 [1/1] (0.00ns)   --->   "%zext_ln122 = zext i4 %add_ln122" [matrix.cpp:122]   --->   Operation 27 'zext' 'zext_ln122' <Predicate = true> <Delay = 0.00>
ST_3 : Operation 28 [1/1] (0.00ns)   --->   "%c_data_addr = getelementptr i32 %c_data, i64 0, i64 %zext_ln122" [matrix.cpp:122]   --->   Operation 28 'getelementptr' 'c_data_addr' <Predicate = true> <Delay = 0.00>
ST_3 : Operation 29 [1/1] (0.00ns)   --->   "%zext_ln120 = zext i5 %j" [matrix.cpp:120]   --->   Operation 29 'zext' 'zext_ln120' <Predicate = true> <Delay = 0.00>
ST_3 : Operation 30 [1/1] (0.80ns)   --->   "%icmp_ln120 = icmp_eq  i32 %zext_ln120, i32 %p_read_1" [matrix.cpp:120]   --->   Operation 30 'icmp' 'icmp_ln120' <Predicate = true> <Delay = 0.80> <CoreInst = "Cmp">   --->   Core 9 'Cmp' <Latency = 0> <II = 1> <Delay = 0.80> <FuncUnit> <Opcode : 'icmp'> <InPorts = 2> <OutPorts = 1>
ST_3 : Operation 31 [1/1] (0.00ns)   --->   "%br_ln120 = br i1 %icmp_ln120, void %.split, void %._crit_edge7.loopexit" [matrix.cpp:120]   --->   Operation 31 'br' 'br_ln120' <Predicate = true> <Delay = 0.00>
ST_3 : Operation 32 [1/1] (0.00ns)   --->   "%speclooptripcount_ln120 = speclooptripcount void @_ssdm_op_SpecLoopTripCount, i64 1, i64 2, i64 1" [matrix.cpp:120]   --->   Operation 32 'speclooptripcount' 'speclooptripcount_ln120' <Predicate = (!icmp_ln120)> <Delay = 0.00>
ST_3 : Operation 33 [1/1] (0.00ns)   --->   "%specloopname_ln120 = specloopname void @_ssdm_op_SpecLoopName, void @empty_0" [matrix.cpp:120]   --->   Operation 33 'specloopname' 'specloopname_ln120' <Predicate = (!icmp_ln120)> <Delay = 0.00>
ST_3 : Operation 34 [1/1] (0.73ns)   --->   "%store_ln122 = store i32 0, i4 %c_data_addr" [matrix.cpp:122]   --->   Operation 34 'store' 'store_ln122' <Predicate = (!icmp_ln120)> <Delay = 0.73> <CoreInst = "RAM">   --->   Core 83 'RAM' <Latency = 1> <II = 1> <Delay = 0.73> <Storage> <Opcode : 'load' 'store'> <Ports = 2> <Width = 32> <Depth = 16> <RAM>
ST_3 : Operation 35 [1/1] (0.00ns)   --->   "%br_ln123 = br i1 %cmp91, void %._crit_edge, void %_ZN13ap_fixed_baseILi65ELi33ELb1EL9ap_q_mode5EL9ap_o_mode3ELi0EEC2ILi32ELi16ELb1ELS0_5ELS1_3ELi0EEERKS_IXT_EXT0_EXT1_EXT2_EXT3_EXT4_EE.exit.i.i.preheader" [matrix.cpp:123]   --->   Operation 35 'br' 'br_ln123' <Predicate = (!icmp_ln120)> <Delay = 0.00>
ST_3 : Operation 36 [1/1] (0.46ns)   --->   "%br_ln1116 = br void %_ZN13ap_fixed_baseILi65ELi33ELb1EL9ap_q_mode5EL9ap_o_mode3ELi0EEC2ILi32ELi16ELb1ELS0_5ELS1_3ELi0EEERKS_IXT_EXT0_EXT1_EXT2_EXT3_EXT4_EE.exit.i.i"   --->   Operation 36 'br' 'br_ln1116' <Predicate = (!icmp_ln120 & cmp91)> <Delay = 0.46>
ST_3 : Operation 37 [1/1] (0.00ns)   --->   "%br_ln0 = br void"   --->   Operation 37 'br' 'br_ln0' <Predicate = (icmp_ln120)> <Delay = 0.00>

State 4 <SV = 3> <Delay = 1.53>
ST_4 : Operation 38 [1/1] (0.00ns)   --->   "%k = phi i31 %add_ln123, void %_ZN13ap_fixed_baseILi65ELi33ELb1EL9ap_q_mode5EL9ap_o_mode3ELi0EEC2ILi32ELi16ELb1ELS0_5ELS1_3ELi0EEERKS_IXT_EXT0_EXT1_EXT2_EXT3_EXT4_EE.exit.i.i.split, i31 0, void %_ZN13ap_fixed_baseILi65ELi33ELb1EL9ap_q_mode5EL9ap_o_mode3ELi0EEC2ILi32ELi16ELb1ELS0_5ELS1_3ELi0EEERKS_IXT_EXT0_EXT1_EXT2_EXT3_EXT4_EE.exit.i.i.preheader" [matrix.cpp:123]   --->   Operation 38 'phi' 'k' <Predicate = (cmp91)> <Delay = 0.00>
ST_4 : Operation 39 [1/1] (0.00ns)   --->   "%lhs = phi i32 %trunc_ln, void %_ZN13ap_fixed_baseILi65ELi33ELb1EL9ap_q_mode5EL9ap_o_mode3ELi0EEC2ILi32ELi16ELb1ELS0_5ELS1_3ELi0EEERKS_IXT_EXT0_EXT1_EXT2_EXT3_EXT4_EE.exit.i.i.split, i32 0, void %_ZN13ap_fixed_baseILi65ELi33ELb1EL9ap_q_mode5EL9ap_o_mode3ELi0EEC2ILi32ELi16ELb1ELS0_5ELS1_3ELi0EEERKS_IXT_EXT0_EXT1_EXT2_EXT3_EXT4_EE.exit.i.i.preheader"   --->   Operation 39 'phi' 'lhs' <Predicate = (cmp91)> <Delay = 0.00>
ST_4 : Operation 40 [1/1] (1.14ns)   --->   "%add_ln123 = add i31 %k, i31 1" [matrix.cpp:123]   --->   Operation 40 'add' 'add_ln123' <Predicate = (cmp91)> <Delay = 1.14> <CoreInst = "Adder">   --->   Core 1 'Adder' <Latency = 0> <II = 1> <Delay = 1.28> <FuncUnit> <Opcode : 'add' 'sub'> <InPorts = 2> <OutPorts = 1>
ST_4 : Operation 41 [1/1] (0.00ns)   --->   "%trunc_ln1116_2 = trunc i31 %k"   --->   Operation 41 'trunc' 'trunc_ln1116_2' <Predicate = (cmp91)> <Delay = 0.00>
ST_4 : Operation 42 [1/1] (0.80ns)   --->   "%add_ln1116 = add i4 %tmp_cast, i4 %trunc_ln1116_2"   --->   Operation 42 'add' 'add_ln1116' <Predicate = (cmp91)> <Delay = 0.80> <CoreInst = "Adder">   --->   Core 1 'Adder' <Latency = 0> <II = 1> <Delay = 1.28> <FuncUnit> <Opcode : 'add' 'sub'> <InPorts = 2> <OutPorts = 1>
ST_4 : Operation 43 [1/1] (0.00ns)   --->   "%zext_ln1116 = zext i4 %add_ln1116"   --->   Operation 43 'zext' 'zext_ln1116' <Predicate = (cmp91)> <Delay = 0.00>
ST_4 : Operation 44 [1/1] (0.00ns)   --->   "%a_data_addr = getelementptr i32 %a_data, i64 0, i64 %zext_ln1116"   --->   Operation 44 'getelementptr' 'a_data_addr' <Predicate = (cmp91)> <Delay = 0.00>
ST_4 : Operation 45 [1/1] (0.00ns)   --->   "%trunc_ln1118 = trunc i31 %k"   --->   Operation 45 'trunc' 'trunc_ln1118' <Predicate = (cmp91)> <Delay = 0.00>
ST_4 : Operation 46 [1/1] (0.00ns)   --->   "%tmp_7_cast = bitconcatenate i4 @_ssdm_op_BitConcatenate.i4.i2.i2, i2 %trunc_ln1118, i2 0"   --->   Operation 46 'bitconcatenate' 'tmp_7_cast' <Predicate = (cmp91)> <Delay = 0.00>
ST_4 : Operation 47 [1/1] (0.80ns)   --->   "%add_ln1118 = add i4 %tmp_7_cast, i4 %trunc_ln122"   --->   Operation 47 'add' 'add_ln1118' <Predicate = (cmp91)> <Delay = 0.80> <CoreInst = "Adder">   --->   Core 1 'Adder' <Latency = 0> <II = 1> <Delay = 1.28> <FuncUnit> <Opcode : 'add' 'sub'> <InPorts = 2> <OutPorts = 1>
ST_4 : Operation 48 [1/1] (0.00ns)   --->   "%zext_ln1118 = zext i4 %add_ln1118"   --->   Operation 48 'zext' 'zext_ln1118' <Predicate = (cmp91)> <Delay = 0.00>
ST_4 : Operation 49 [1/1] (0.00ns)   --->   "%b_data_addr = getelementptr i32 %b_data, i64 0, i64 %zext_ln1118"   --->   Operation 49 'getelementptr' 'b_data_addr' <Predicate = (cmp91)> <Delay = 0.00>
ST_4 : Operation 50 [1/1] (0.00ns)   --->   "%zext_ln123 = zext i31 %k" [matrix.cpp:123]   --->   Operation 50 'zext' 'zext_ln123' <Predicate = (cmp91)> <Delay = 0.00>
ST_4 : Operation 51 [1/1] (0.80ns)   --->   "%icmp_ln123 = icmp_eq  i32 %zext_ln123, i32 %p_read_2" [matrix.cpp:123]   --->   Operation 51 'icmp' 'icmp_ln123' <Predicate = (cmp91)> <Delay = 0.80> <CoreInst = "Cmp">   --->   Core 9 'Cmp' <Latency = 0> <II = 1> <Delay = 0.80> <FuncUnit> <Opcode : 'icmp'> <InPorts = 2> <OutPorts = 1>
ST_4 : Operation 52 [1/1] (0.00ns)   --->   "%br_ln123 = br i1 %icmp_ln123, void %_ZN13ap_fixed_baseILi65ELi33ELb1EL9ap_q_mode5EL9ap_o_mode3ELi0EEC2ILi32ELi16ELb1ELS0_5ELS1_3ELi0EEERKS_IXT_EXT0_EXT1_EXT2_EXT3_EXT4_EE.exit.i.i.split, void %._crit_edge.loopexit" [matrix.cpp:123]   --->   Operation 52 'br' 'br_ln123' <Predicate = (cmp91)> <Delay = 0.00>
ST_4 : Operation 53 [2/2] (0.73ns)   --->   "%r_V = load i4 %a_data_addr"   --->   Operation 53 'load' 'r_V' <Predicate = (cmp91 & !icmp_ln123)> <Delay = 0.73> <CoreInst = "RAM">   --->   Core 83 'RAM' <Latency = 1> <II = 1> <Delay = 0.73> <Storage> <Opcode : 'load' 'store'> <Ports = 2> <Width = 32> <Depth = 16> <RAM>
ST_4 : Operation 54 [2/2] (0.73ns)   --->   "%b_data_load = load i4 %b_data_addr"   --->   Operation 54 'load' 'b_data_load' <Predicate = (cmp91 & !icmp_ln123)> <Delay = 0.73> <CoreInst = "RAM">   --->   Core 83 'RAM' <Latency = 1> <II = 1> <Delay = 0.73> <Storage> <Opcode : 'load' 'store'> <Ports = 2> <Width = 32> <Depth = 16> <RAM>
ST_4 : Operation 55 [1/1] (0.73ns)   --->   "%store_ln727 = store i32 %lhs, i4 %c_data_addr"   --->   Operation 55 'store' 'store_ln727' <Predicate = (cmp91 & icmp_ln123)> <Delay = 0.73> <CoreInst = "RAM">   --->   Core 83 'RAM' <Latency = 1> <II = 1> <Delay = 0.73> <Storage> <Opcode : 'load' 'store'> <Ports = 2> <Width = 32> <Depth = 16> <RAM>
ST_4 : Operation 56 [1/1] (0.00ns)   --->   "%br_ln120 = br void %._crit_edge" [matrix.cpp:120]   --->   Operation 56 'br' 'br_ln120' <Predicate = (cmp91 & icmp_ln123)> <Delay = 0.00>
ST_4 : Operation 57 [1/1] (0.00ns)   --->   "%br_ln0 = br void"   --->   Operation 57 'br' 'br_ln0' <Predicate = (icmp_ln123) | (!cmp91)> <Delay = 0.00>

State 5 <SV = 4> <Delay = 5.91>
ST_5 : Operation 58 [1/1] (0.00ns)   --->   "%speclooptripcount_ln123 = speclooptripcount void @_ssdm_op_SpecLoopTripCount, i64 1, i64 2, i64 1" [matrix.cpp:123]   --->   Operation 58 'speclooptripcount' 'speclooptripcount_ln123' <Predicate = true> <Delay = 0.00>
ST_5 : Operation 59 [1/1] (0.00ns)   --->   "%specloopname_ln123 = specloopname void @_ssdm_op_SpecLoopName, void @empty_11" [matrix.cpp:123]   --->   Operation 59 'specloopname' 'specloopname_ln123' <Predicate = true> <Delay = 0.00>
ST_5 : Operation 60 [1/2] (0.73ns)   --->   "%r_V = load i4 %a_data_addr"   --->   Operation 60 'load' 'r_V' <Predicate = true> <Delay = 0.73> <CoreInst = "RAM">   --->   Core 83 'RAM' <Latency = 1> <II = 1> <Delay = 0.73> <Storage> <Opcode : 'load' 'store'> <Ports = 2> <Width = 32> <Depth = 16> <RAM>
ST_5 : Operation 61 [1/1] (0.00ns)   --->   "%sext_ln1115 = sext i32 %r_V"   --->   Operation 61 'sext' 'sext_ln1115' <Predicate = true> <Delay = 0.00>
ST_5 : Operation 62 [1/2] (0.73ns)   --->   "%b_data_load = load i4 %b_data_addr"   --->   Operation 62 'load' 'b_data_load' <Predicate = true> <Delay = 0.73> <CoreInst = "RAM">   --->   Core 83 'RAM' <Latency = 1> <II = 1> <Delay = 0.73> <Storage> <Opcode : 'load' 'store'> <Ports = 2> <Width = 32> <Depth = 16> <RAM>
ST_5 : Operation 63 [1/1] (0.00ns)   --->   "%sext_ln1118 = sext i32 %b_data_load"   --->   Operation 63 'sext' 'sext_ln1118' <Predicate = true> <Delay = 0.00>
ST_5 : Operation 64 [1/1] (3.90ns)   --->   "%r_V_6 = mul i48 %sext_ln1118, i48 %sext_ln1115"   --->   Operation 64 'mul' 'r_V_6' <Predicate = true> <Delay = 3.90> <CoreInst = "Multiplier">   --->   Core 3 'Multiplier' <Latency = 0> <II = 1> <Delay = 3.90> <FuncUnit> <Opcode : 'mul'> <InPorts = 2> <OutPorts = 1>
ST_5 : Operation 65 [1/1] (0.00ns)   --->   "%lhs_6 = bitconcatenate i48 @_ssdm_op_BitConcatenate.i48.i32.i16, i32 %lhs, i16 0"   --->   Operation 65 'bitconcatenate' 'lhs_6' <Predicate = true> <Delay = 0.00>
ST_5 : Operation 66 [1/1] (1.28ns)   --->   "%ret_V = add i48 %lhs_6, i48 %r_V_6"   --->   Operation 66 'add' 'ret_V' <Predicate = true> <Delay = 1.28> <CoreInst = "Adder">   --->   Core 1 'Adder' <Latency = 0> <II = 1> <Delay = 1.28> <FuncUnit> <Opcode : 'add' 'sub'> <InPorts = 2> <OutPorts = 1>
ST_5 : Operation 67 [1/1] (0.00ns)   --->   "%trunc_ln = partselect i32 @_ssdm_op_PartSelect.i32.i48.i32.i32, i48 %ret_V, i32 16, i32 47"   --->   Operation 67 'partselect' 'trunc_ln' <Predicate = true> <Delay = 0.00>
ST_5 : Operation 68 [1/1] (0.00ns)   --->   "%br_ln0 = br void %_ZN13ap_fixed_baseILi65ELi33ELb1EL9ap_q_mode5EL9ap_o_mode3ELi0EEC2ILi32ELi16ELb1ELS0_5ELS1_3ELi0EEERKS_IXT_EXT0_EXT1_EXT2_EXT3_EXT4_EE.exit.i.i"   --->   Operation 68 'br' 'br_ln0' <Predicate = true> <Delay = 0.00>


============================================================
+ Verbose Summary: Timing violations
============================================================
Target clock period: 10ns, clock uncertainty: 2.7ns.

 <State 1>: 0.802ns
The critical path consists of the following:
	wire read on port 'p_read1' [8]  (0 ns)
	'icmp' operation ('cmp91') [10]  (0.802 ns)

 <State 2>: 1.14ns
The critical path consists of the following:
	'phi' operation ('i', matrix.cpp:118) with incoming values : ('add_ln118', matrix.cpp:118) [13]  (0 ns)
	'add' operation ('add_ln118', matrix.cpp:118) [14]  (1.14 ns)

 <State 3>: 1.54ns
The critical path consists of the following:
	'phi' operation ('j', matrix.cpp:120) with incoming values : ('add_ln120', matrix.cpp:120) [24]  (0 ns)
	'add' operation ('add_ln122', matrix.cpp:122) [27]  (0.809 ns)
	'getelementptr' operation ('c_data_addr', matrix.cpp:122) [29]  (0 ns)
	'store' operation ('store_ln122', matrix.cpp:122) of constant 0 on array 'c_data' [36]  (0.73 ns)

 <State 4>: 1.54ns
The critical path consists of the following:
	'phi' operation ('k', matrix.cpp:123) with incoming values : ('add_ln123', matrix.cpp:123) [41]  (0 ns)
	'add' operation ('add_ln1116') [45]  (0.809 ns)
	'getelementptr' operation ('a_data_addr') [47]  (0 ns)
	'load' operation ('r.V') on array 'a_data' [59]  (0.73 ns)

 <State 5>: 5.91ns
The critical path consists of the following:
	'load' operation ('r.V') on array 'a_data' [59]  (0.73 ns)
	'mul' operation ('r.V') [63]  (3.9 ns)
	'add' operation ('ret.V') [65]  (1.28 ns)


============================================================
+ Verbose Summary: Binding
============================================================
N/A
* FSMD analyzer results:
  - Output states:
 - Input state : 
  - Chain level:
	State 1
	State 2
	State 3
	State 4
	State 5


============================================================
+ Verbose Summary: Datapath Resource usage 
============================================================
N/A
