Step 0 - estimated position: 351.867676
Step 0 - estimated velocity: 5175.781250
Step 1 - estimated position: 1172.680603
Step 1 - estimated velocity: 734.037384
Step 2 - estimated position: 56.872238
Step 2 - estimated velocity: -151.591385
Step 3 - estimated position: 2.331985
Step 3 - estimated velocity: -138.188110
Step 4 - estimated position: 4.731964
Step 4 - estimated velocity: 10.635223
Step 5 - estimated position: 5.683060
Step 5 - estimated velocity: 2.785004
Step 6 - estimated position: 6.334717
Step 6 - estimated velocity: 1.552628
Step 7 - estimated position: 7.149155
Step 7 - estimated velocity: 1.167023
Step 8 - estimated position: 8.055832
Step 8 - estimated velocity: 1.033203
Step 9 - estimated position: 9.015854
Step 9 - estimated velocity: 0.995621

Final Result:
estimated position: 9.015854
estimated velocity: 0.995621
OK

C:\Users\HP\OneDrive\Desktop\BTP_RND\RND\optimization\kalman_final1\kalman\kalman_hls\solution1\sim\verilog>set PATH= 

C:\Users\HP\OneDrive\Desktop\BTP_RND\RND\optimization\kalman_final1\kalman\kalman_hls\solution1\sim\verilog>call C:/Xilinx/Vivado/2020.2/bin/xelab xil_defaultlib.apatb_kalman_hw_update_top glbl -prj kalman_hw_update.prj -L smartconnect_v1_0 -L axi_protocol_checker_v1_1_12 -L axi_protocol_checker_v1_1_13 -L axis_protocol_checker_v1_1_11 -L axis_protocol_checker_v1_1_12 -L xil_defaultlib -L unisims_ver -L xpm  -L floating_point_v7_0_18 -L floating_point_v7_1_11 --lib "ieee_proposed=./ieee_proposed" -s kalman_hw_update -debug wave 
Vivado Simulator 2020.2
Copyright 1986-1999, 2001-2020 Xilinx, Inc. All Rights Reserved.
Running: C:/Xilinx/Vivado/2020.2/bin/unwrapped/win64.o/xelab.exe xil_defaultlib.apatb_kalman_hw_update_top glbl -prj kalman_hw_update.prj -L smartconnect_v1_0 -L axi_protocol_checker_v1_1_12 -L axi_protocol_checker_v1_1_13 -L axis_protocol_checker_v1_1_11 -L axis_protocol_checker_v1_1_12 -L xil_defaultlib -L unisims_ver -L xpm -L floating_point_v7_0_18 -L floating_point_v7_1_11 --lib ieee_proposed=./ieee_proposed -s kalman_hw_update -debug wave 
Multi-threading is on. Using 14 slave threads.
INFO: [VRFC 10-2263] Analyzing SystemVerilog file "C:/Users/HP/OneDrive/Desktop/BTP_RND/RND/optimization/kalman_final1/kalman/kalman_hls/solution1/sim/verilog/glbl.v" into library work
INFO: [VRFC 10-311] analyzing module glbl
INFO: [VRFC 10-2263] Analyzing SystemVerilog file "C:/Users/HP/OneDrive/Desktop/BTP_RND/RND/optimization/kalman_final1/kalman/kalman_hls/solution1/sim/verilog/AESL_axi_slave_CTRL.v" into library xil_defaultlib
INFO: [VRFC 10-311] analyzing module AESL_axi_slave_CTRL
INFO: [VRFC 10-2263] Analyzing SystemVerilog file "C:/Users/HP/OneDrive/Desktop/BTP_RND/RND/optimization/kalman_final1/kalman/kalman_hls/solution1/sim/verilog/kalman_hw_update.autotb.v" into library xil_defaultlib
INFO: [VRFC 10-311] analyzing module apatb_kalman_hw_update_top
INFO: [VRFC 10-2263] Analyzing SystemVerilog file "C:/Users/HP/OneDrive/Desktop/BTP_RND/RND/optimization/kalman_final1/kalman/kalman_hls/solution1/sim/verilog/kalman_hw_update.v" into library xil_defaultlib
INFO: [VRFC 10-311] analyzing module kalman_hw_update
INFO: [VRFC 10-2263] Analyzing SystemVerilog file "C:/Users/HP/OneDrive/Desktop/BTP_RND/RND/optimization/kalman_final1/kalman/kalman_hls/solution1/sim/verilog/kalman_hw_update_CTRL_s_axi.v" into library xil_defaultlib
INFO: [VRFC 10-311] analyzing module kalman_hw_update_CTRL_s_axi
INFO: [VRFC 10-2263] Analyzing SystemVerilog file "C:/Users/HP/OneDrive/Desktop/BTP_RND/RND/optimization/kalman_final1/kalman/kalman_hls/solution1/sim/verilog/kalman_hw_update_hw_filter_innovation_data_V.v" into library xil_defaultlib
INFO: [VRFC 10-311] analyzing module kalman_hw_update_hw_filter_innovation_data_V_ram
INFO: [VRFC 10-311] analyzing module kalman_hw_update_hw_filter_innovation_data_V
INFO: [VRFC 10-2263] Analyzing SystemVerilog file "C:/Users/HP/OneDrive/Desktop/BTP_RND/RND/optimization/kalman_final1/kalman/kalman_hls/solution1/sim/verilog/kalman_hw_update_hw_filter_observation_data_V.v" into library xil_defaultlib
INFO: [VRFC 10-311] analyzing module kalman_hw_update_hw_filter_observation_data_V_ram
INFO: [VRFC 10-311] analyzing module kalman_hw_update_hw_filter_observation_data_V
INFO: [VRFC 10-2263] Analyzing SystemVerilog file "C:/Users/HP/OneDrive/Desktop/BTP_RND/RND/optimization/kalman_final1/kalman/kalman_hls/solution1/sim/verilog/kalman_hw_update_hw_filter_observation_noise_covariance_data_V.v" into library xil_defaultlib
INFO: [VRFC 10-311] analyzing module kalman_hw_update_hw_filter_observation_noise_covariance_data_V_ram
INFO: [VRFC 10-311] analyzing module kalman_hw_update_hw_filter_observation_noise_covariance_data_V
INFO: [VRFC 10-2263] Analyzing SystemVerilog file "C:/Users/HP/OneDrive/Desktop/BTP_RND/RND/optimization/kalman_final1/kalman/kalman_hls/solution1/sim/verilog/kalman_hw_update_hw_filter_predicted_state_data_V.v" into library xil_defaultlib
INFO: [VRFC 10-311] analyzing module kalman_hw_update_hw_filter_predicted_state_data_V_ram
INFO: [VRFC 10-311] analyzing module kalman_hw_update_hw_filter_predicted_state_data_V
INFO: [VRFC 10-2263] Analyzing SystemVerilog file "C:/Users/HP/OneDrive/Desktop/BTP_RND/RND/optimization/kalman_final1/kalman/kalman_hls/solution1/sim/verilog/kalman_hw_update_hw_filter_state_transition_data_V.v" into library xil_defaultlib
INFO: [VRFC 10-311] analyzing module kalman_hw_update_hw_filter_state_transition_data_V_ram
INFO: [VRFC 10-311] analyzing module kalman_hw_update_hw_filter_state_transition_data_V
INFO: [VRFC 10-2263] Analyzing SystemVerilog file "C:/Users/HP/OneDrive/Desktop/BTP_RND/RND/optimization/kalman_final1/kalman/kalman_hls/solution1/sim/verilog/kalman_hw_update_init_kalman_filter.v" into library xil_defaultlib
INFO: [VRFC 10-311] analyzing module kalman_hw_update_init_kalman_filter
INFO: [VRFC 10-2263] Analyzing SystemVerilog file "C:/Users/HP/OneDrive/Desktop/BTP_RND/RND/optimization/kalman_final1/kalman/kalman_hls/solution1/sim/verilog/kalman_hw_update_mul_17ns_32s_48_1_1.v" into library xil_defaultlib
INFO: [VRFC 10-311] analyzing module kalman_hw_update_mul_17ns_32s_48_1_1_Multiplier_2
INFO: [VRFC 10-311] analyzing module kalman_hw_update_mul_17ns_32s_48_1_1
INFO: [VRFC 10-2263] Analyzing SystemVerilog file "C:/Users/HP/OneDrive/Desktop/BTP_RND/RND/optimization/kalman_final1/kalman/kalman_hls/solution1/sim/verilog/kalman_hw_update_mul_32s_17ns_48_1_1.v" into library xil_defaultlib
INFO: [VRFC 10-311] analyzing module kalman_hw_update_mul_32s_17ns_48_1_1_Multiplier_0
INFO: [VRFC 10-311] analyzing module kalman_hw_update_mul_32s_17ns_48_1_1
INFO: [VRFC 10-2263] Analyzing SystemVerilog file "C:/Users/HP/OneDrive/Desktop/BTP_RND/RND/optimization/kalman_final1/kalman/kalman_hls/solution1/sim/verilog/kalman_hw_update_mul_32s_32ns_48_1_1.v" into library xil_defaultlib
INFO: [VRFC 10-311] analyzing module kalman_hw_update_mul_32s_32ns_48_1_1_Multiplier_1
INFO: [VRFC 10-311] analyzing module kalman_hw_update_mul_32s_32ns_48_1_1
INFO: [VRFC 10-2263] Analyzing SystemVerilog file "C:/Users/HP/OneDrive/Desktop/BTP_RND/RND/optimization/kalman_final1/kalman/kalman_hls/solution1/sim/verilog/kalman_hw_update_mul_32s_32s_48_1_1.v" into library xil_defaultlib
INFO: [VRFC 10-311] analyzing module kalman_hw_update_mul_32s_32s_48_1_1_Multiplier_3
INFO: [VRFC 10-311] analyzing module kalman_hw_update_mul_32s_32s_48_1_1
INFO: [VRFC 10-2263] Analyzing SystemVerilog file "C:/Users/HP/OneDrive/Desktop/BTP_RND/RND/optimization/kalman_final1/kalman/kalman_hls/solution1/sim/verilog/kalman_hw_update_sdiv_34ns_32s_32_38_1.v" into library xil_defaultlib
INFO: [VRFC 10-311] analyzing module kalman_hw_update_sdiv_34ns_32s_32_38_1_div_u
INFO: [VRFC 10-311] analyzing module kalman_hw_update_sdiv_34ns_32s_32_38_1_div
INFO: [VRFC 10-311] analyzing module kalman_hw_update_sdiv_34ns_32s_32_38_1
INFO: [VRFC 10-2263] Analyzing SystemVerilog file "C:/Users/HP/OneDrive/Desktop/BTP_RND/RND/optimization/kalman_final1/kalman/kalman_hls/solution1/sim/verilog/csv_file_dump.sv" into library xil_defaultlib
INFO: [VRFC 10-2263] Analyzing SystemVerilog file "C:/Users/HP/OneDrive/Desktop/BTP_RND/RND/optimization/kalman_final1/kalman/kalman_hls/solution1/sim/verilog/dataflow_monitor.sv" into library xil_defaultlib
INFO: [VRFC 10-311] analyzing module dataflow_monitor
INFO: [VRFC 10-2263] Analyzing SystemVerilog file "C:/Users/HP/OneDrive/Desktop/BTP_RND/RND/optimization/kalman_final1/kalman/kalman_hls/solution1/sim/verilog/df_fifo_interface.sv" into library xil_defaultlib
WARNING: [VRFC 10-3609] overwriting previous definition of interface 'df_fifo_intf' [C:/Users/HP/OneDrive/Desktop/BTP_RND/RND/optimization/kalman_final1/kalman/kalman_hls/solution1/sim/verilog/df_fifo_interface.sv:4]
INFO: [VRFC 10-2263] Analyzing SystemVerilog file "C:/Users/HP/OneDrive/Desktop/BTP_RND/RND/optimization/kalman_final1/kalman/kalman_hls/solution1/sim/verilog/df_fifo_monitor.sv" into library xil_defaultlib
WARNING: [VRFC 10-3609] overwriting previous definition of interface 'df_fifo_intf' [C:/Users/HP/OneDrive/Desktop/BTP_RND/RND/optimization/kalman_final1/kalman/kalman_hls/solution1/sim/verilog/df_fifo_interface.sv:4]
INFO: [VRFC 10-2263] Analyzing SystemVerilog file "C:/Users/HP/OneDrive/Desktop/BTP_RND/RND/optimization/kalman_final1/kalman/kalman_hls/solution1/sim/verilog/df_process_interface.sv" into library xil_defaultlib
WARNING: [VRFC 10-3609] overwriting previous definition of interface 'df_process_intf' [C:/Users/HP/OneDrive/Desktop/BTP_RND/RND/optimization/kalman_final1/kalman/kalman_hls/solution1/sim/verilog/df_process_interface.sv:4]
INFO: [VRFC 10-2263] Analyzing SystemVerilog file "C:/Users/HP/OneDrive/Desktop/BTP_RND/RND/optimization/kalman_final1/kalman/kalman_hls/solution1/sim/verilog/df_process_monitor.sv" into library xil_defaultlib
WARNING: [VRFC 10-3609] overwriting previous definition of interface 'df_process_intf' [C:/Users/HP/OneDrive/Desktop/BTP_RND/RND/optimization/kalman_final1/kalman/kalman_hls/solution1/sim/verilog/df_process_interface.sv:4]
INFO: [VRFC 10-2263] Analyzing SystemVerilog file "C:/Users/HP/OneDrive/Desktop/BTP_RND/RND/optimization/kalman_final1/kalman/kalman_hls/solution1/sim/verilog/dump_file_agent.sv" into library xil_defaultlib
INFO: [VRFC 10-2263] Analyzing SystemVerilog file "C:/Users/HP/OneDrive/Desktop/BTP_RND/RND/optimization/kalman_final1/kalman/kalman_hls/solution1/sim/verilog/nodf_module_interface.sv" into library xil_defaultlib
WARNING: [VRFC 10-3609] overwriting previous definition of interface 'nodf_module_intf' [C:/Users/HP/OneDrive/Desktop/BTP_RND/RND/optimization/kalman_final1/kalman/kalman_hls/solution1/sim/verilog/nodf_module_interface.sv:4]
INFO: [VRFC 10-2263] Analyzing SystemVerilog file "C:/Users/HP/OneDrive/Desktop/BTP_RND/RND/optimization/kalman_final1/kalman/kalman_hls/solution1/sim/verilog/nodf_module_monitor.sv" into library xil_defaultlib
WARNING: [VRFC 10-3609] overwriting previous definition of interface 'nodf_module_intf' [C:/Users/HP/OneDrive/Desktop/BTP_RND/RND/optimization/kalman_final1/kalman/kalman_hls/solution1/sim/verilog/nodf_module_interface.sv:4]
INFO: [VRFC 10-2263] Analyzing SystemVerilog file "C:/Users/HP/OneDrive/Desktop/BTP_RND/RND/optimization/kalman_final1/kalman/kalman_hls/solution1/sim/verilog/sample_agent.sv" into library xil_defaultlib
INFO: [VRFC 10-2263] Analyzing SystemVerilog file "C:/Users/HP/OneDrive/Desktop/BTP_RND/RND/optimization/kalman_final1/kalman/kalman_hls/solution1/sim/verilog/sample_manager.sv" into library xil_defaultlib
Starting static elaboration
Pass Through NonSizing Optimizer
Completed static elaboration
Starting simulation data flow analysis
Completed simulation data flow analysis
Time Resolution for simulation is 1ps
Compiling package xil_defaultlib.$unit_dataflow_monitor_sv
Compiling module xil_defaultlib.kalman_hw_update_hw_filter_state...
Compiling module xil_defaultlib.kalman_hw_update_hw_filter_state...
Compiling module xil_defaultlib.kalman_hw_update_hw_filter_obser...
Compiling module xil_defaultlib.kalman_hw_update_hw_filter_obser...
Compiling module xil_defaultlib.kalman_hw_update_hw_filter_obser...
Compiling module xil_defaultlib.kalman_hw_update_hw_filter_obser...
Compiling module xil_defaultlib.kalman_hw_update_hw_filter_predi...
Compiling module xil_defaultlib.kalman_hw_update_hw_filter_predi...
Compiling module xil_defaultlib.kalman_hw_update_hw_filter_innov...
Compiling module xil_defaultlib.kalman_hw_update_hw_filter_innov...
Compiling module xil_defaultlib.kalman_hw_update_CTRL_s_axi
Compiling module xil_defaultlib.kalman_hw_update_init_kalman_fil...
Compiling module xil_defaultlib.kalman_hw_update_mul_32s_17ns_48...
Compiling module xil_defaultlib.kalman_hw_update_mul_32s_17ns_48...
Compiling module xil_defaultlib.kalman_hw_update_mul_32s_32ns_48...
Compiling module xil_defaultlib.kalman_hw_update_mul_32s_32ns_48...
Compiling module xil_defaultlib.kalman_hw_update_mul_17ns_32s_48...
Compiling module xil_defaultlib.kalman_hw_update_mul_17ns_32s_48...
Compiling module xil_defaultlib.kalman_hw_update_sdiv_34ns_32s_3...
Compiling module xil_defaultlib.kalman_hw_update_sdiv_34ns_32s_3...
Compiling module xil_defaultlib.kalman_hw_update_sdiv_34ns_32s_3...
Compiling module xil_defaultlib.kalman_hw_update_mul_32s_32s_48_...
Compiling module xil_defaultlib.kalman_hw_update_mul_32s_32s_48_...
Compiling module xil_defaultlib.kalman_hw_update
Compiling module xil_defaultlib.AESL_axi_slave_CTRL
Compiling module xil_defaultlib.nodf_module_intf
Compiling module xil_defaultlib.dataflow_monitor_1
Compiling module xil_defaultlib.apatb_kalman_hw_update_top
Compiling module work.glbl
Built simulation snapshot kalman_hw_update

****** Webtalk v2020.2 (64-bit)
  **** SW Build 3064766 on Wed Nov 18 09:12:45 MST 2020
  **** IP Build 3064653 on Wed Nov 18 14:17:31 MST 2020
    ** Copyright 1986-2020 Xilinx, Inc. All Rights Reserved.

source C:/Users/HP/OneDrive/Desktop/BTP_RND/RND/optimization/kalman_final1/kalman/kalman_hls/solution1/sim/verilog/xsim.dir/kalman_hw_update/webtalk/xsim_webtalk.tcl -notrace
INFO: [Common 17-206] Exiting Webtalk at Wed May  6 18:39:24 2026...

****** xsim v2020.2 (64-bit)
  **** SW Build 3064766 on Wed Nov 18 09:12:45 MST 2020
  **** IP Build 3064653 on Wed Nov 18 14:17:31 MST 2020
    ** Copyright 1986-2020 Xilinx, Inc. All Rights Reserved.

source xsim.dir/kalman_hw_update/xsim_script.tcl
# xsim {kalman_hw_update} -view {{kalman_hw_update_dataflow_ana.wcfg}} -tclbatch {kalman_hw_update.tcl} -protoinst {kalman_hw_update.protoinst}
Vivado Simulator 2020.2
INFO: [Wavedata 42-565] Reading protoinst file kalman_hw_update.protoinst
INFO: [Wavedata 42-564]   Found protocol instance at /apatb_kalman_hw_update_top/AESL_inst_kalman_hw_update//AESL_inst_kalman_hw_update_activity
INFO: [Wavedata 42-564]   Found protocol instance at /apatb_kalman_hw_update_top/AESL_inst_kalman_hw_update/grp_init_kalman_filter_fu_885/grp_init_kalman_filter_fu_885_activity
Time resolution is 1 ps
open_wave_config kalman_hw_update_dataflow_ana.wcfg
source kalman_hw_update.tcl
## log_wave -r /
WARNING: [Simtcl 6-197] One or more HDL objects could not be logged because of object type or size limitations.  To see details please rerun the command with -verbose (-v).
## set designtopgroup [add_wave_group "Design Top Signals"]
## set cinoutgroup [add_wave_group "C InOuts" -into $designtopgroup]
## set obs_pos__est_pos__est_vel__return_group [add_wave_group obs_pos__est_pos__est_vel__return(axi_slave) -into $cinoutgroup]
## add_wave /apatb_kalman_hw_update_top/AESL_inst_kalman_hw_update/interrupt -into $obs_pos__est_pos__est_vel__return_group -color #ffff00 -radix hex
## add_wave /apatb_kalman_hw_update_top/AESL_inst_kalman_hw_update/s_axi_CTRL_BRESP -into $obs_pos__est_pos__est_vel__return_group -radix hex
## add_wave /apatb_kalman_hw_update_top/AESL_inst_kalman_hw_update/s_axi_CTRL_BREADY -into $obs_pos__est_pos__est_vel__return_group -color #ffff00 -radix hex
## add_wave /apatb_kalman_hw_update_top/AESL_inst_kalman_hw_update/s_axi_CTRL_BVALID -into $obs_pos__est_pos__est_vel__return_group -color #ffff00 -radix hex
## add_wave /apatb_kalman_hw_update_top/AESL_inst_kalman_hw_update/s_axi_CTRL_RRESP -into $obs_pos__est_pos__est_vel__return_group -radix hex
## add_wave /apatb_kalman_hw_update_top/AESL_inst_kalman_hw_update/s_axi_CTRL_RDATA -into $obs_pos__est_pos__est_vel__return_group -radix hex
## add_wave /apatb_kalman_hw_update_top/AESL_inst_kalman_hw_update/s_axi_CTRL_RREADY -into $obs_pos__est_pos__est_vel__return_group -color #ffff00 -radix hex
## add_wave /apatb_kalman_hw_update_top/AESL_inst_kalman_hw_update/s_axi_CTRL_RVALID -into $obs_pos__est_pos__est_vel__return_group -color #ffff00 -radix hex
## add_wave /apatb_kalman_hw_update_top/AESL_inst_kalman_hw_update/s_axi_CTRL_ARREADY -into $obs_pos__est_pos__est_vel__return_group -color #ffff00 -radix hex
## add_wave /apatb_kalman_hw_update_top/AESL_inst_kalman_hw_update/s_axi_CTRL_ARVALID -into $obs_pos__est_pos__est_vel__return_group -color #ffff00 -radix hex
## add_wave /apatb_kalman_hw_update_top/AESL_inst_kalman_hw_update/s_axi_CTRL_ARADDR -into $obs_pos__est_pos__est_vel__return_group -radix hex
## add_wave /apatb_kalman_hw_update_top/AESL_inst_kalman_hw_update/s_axi_CTRL_WSTRB -into $obs_pos__est_pos__est_vel__return_group -radix hex
## add_wave /apatb_kalman_hw_update_top/AESL_inst_kalman_hw_update/s_axi_CTRL_WDATA -into $obs_pos__est_pos__est_vel__return_group -radix hex
## add_wave /apatb_kalman_hw_update_top/AESL_inst_kalman_hw_update/s_axi_CTRL_WREADY -into $obs_pos__est_pos__est_vel__return_group -color #ffff00 -radix hex
## add_wave /apatb_kalman_hw_update_top/AESL_inst_kalman_hw_update/s_axi_CTRL_WVALID -into $obs_pos__est_pos__est_vel__return_group -color #ffff00 -radix hex
## add_wave /apatb_kalman_hw_update_top/AESL_inst_kalman_hw_update/s_axi_CTRL_AWREADY -into $obs_pos__est_pos__est_vel__return_group -color #ffff00 -radix hex
## add_wave /apatb_kalman_hw_update_top/AESL_inst_kalman_hw_update/s_axi_CTRL_AWVALID -into $obs_pos__est_pos__est_vel__return_group -color #ffff00 -radix hex
## add_wave /apatb_kalman_hw_update_top/AESL_inst_kalman_hw_update/s_axi_CTRL_AWADDR -into $obs_pos__est_pos__est_vel__return_group -radix hex
## set blocksiggroup [add_wave_group "Block-level IO Handshake(internal)" -into $designtopgroup]
## add_wave /apatb_kalman_hw_update_top/AESL_inst_kalman_hw_update/ap_done -into $blocksiggroup
## add_wave /apatb_kalman_hw_update_top/AESL_inst_kalman_hw_update/ap_idle -into $blocksiggroup
## add_wave /apatb_kalman_hw_update_top/AESL_inst_kalman_hw_update/ap_ready -into $blocksiggroup
## add_wave /apatb_kalman_hw_update_top/AESL_inst_kalman_hw_update/ap_start -into $blocksiggroup
## set resetgroup [add_wave_group "Reset" -into $designtopgroup]
## add_wave /apatb_kalman_hw_update_top/AESL_inst_kalman_hw_update/ap_rst_n -into $resetgroup
## set clockgroup [add_wave_group "Clock" -into $designtopgroup]
## add_wave /apatb_kalman_hw_update_top/AESL_inst_kalman_hw_update/ap_clk -into $clockgroup
## set testbenchgroup [add_wave_group "Test Bench Signals"]
## set tbinternalsiggroup [add_wave_group "Internal Signals" -into $testbenchgroup]
## set tb_simstatus_group [add_wave_group "Simulation Status" -into $tbinternalsiggroup]
## set tb_portdepth_group [add_wave_group "Port Depth" -into $tbinternalsiggroup]
## add_wave /apatb_kalman_hw_update_top/AUTOTB_TRANSACTION_NUM -into $tb_simstatus_group -radix hex
## add_wave /apatb_kalman_hw_update_top/ready_cnt -into $tb_simstatus_group -radix hex
## add_wave /apatb_kalman_hw_update_top/done_cnt -into $tb_simstatus_group -radix hex
## add_wave /apatb_kalman_hw_update_top/LENGTH_obs_pos -into $tb_portdepth_group -radix hex
## add_wave /apatb_kalman_hw_update_top/LENGTH_est_pos -into $tb_portdepth_group -radix hex
## add_wave /apatb_kalman_hw_update_top/LENGTH_est_vel -into $tb_portdepth_group -radix hex
## set tbcinoutgroup [add_wave_group "C InOuts" -into $testbenchgroup]
## set tb_obs_pos__est_pos__est_vel__return_group [add_wave_group obs_pos__est_pos__est_vel__return(axi_slave) -into $tbcinoutgroup]
## add_wave /apatb_kalman_hw_update_top/CTRL_INTERRUPT -into $tb_obs_pos__est_pos__est_vel__return_group -color #ffff00 -radix hex
## add_wave /apatb_kalman_hw_update_top/CTRL_BRESP -into $tb_obs_pos__est_pos__est_vel__return_group -radix hex
## add_wave /apatb_kalman_hw_update_top/CTRL_BREADY -into $tb_obs_pos__est_pos__est_vel__return_group -color #ffff00 -radix hex
## add_wave /apatb_kalman_hw_update_top/CTRL_BVALID -into $tb_obs_pos__est_pos__est_vel__return_group -color #ffff00 -radix hex
## add_wave /apatb_kalman_hw_update_top/CTRL_RRESP -into $tb_obs_pos__est_pos__est_vel__return_group -radix hex
## add_wave /apatb_kalman_hw_update_top/CTRL_RDATA -into $tb_obs_pos__est_pos__est_vel__return_group -radix hex
## add_wave /apatb_kalman_hw_update_top/CTRL_RREADY -into $tb_obs_pos__est_pos__est_vel__return_group -color #ffff00 -radix hex
## add_wave /apatb_kalman_hw_update_top/CTRL_RVALID -into $tb_obs_pos__est_pos__est_vel__return_group -color #ffff00 -radix hex
## add_wave /apatb_kalman_hw_update_top/CTRL_ARREADY -into $tb_obs_pos__est_pos__est_vel__return_group -color #ffff00 -radix hex
## add_wave /apatb_kalman_hw_update_top/CTRL_ARVALID -into $tb_obs_pos__est_pos__est_vel__return_group -color #ffff00 -radix hex
## add_wave /apatb_kalman_hw_update_top/CTRL_ARADDR -into $tb_obs_pos__est_pos__est_vel__return_group -radix hex
## add_wave /apatb_kalman_hw_update_top/CTRL_WSTRB -into $tb_obs_pos__est_pos__est_vel__return_group -radix hex
## add_wave /apatb_kalman_hw_update_top/CTRL_WDATA -into $tb_obs_pos__est_pos__est_vel__return_group -radix hex
## add_wave /apatb_kalman_hw_update_top/CTRL_WREADY -into $tb_obs_pos__est_pos__est_vel__return_group -color #ffff00 -radix hex
## add_wave /apatb_kalman_hw_update_top/CTRL_WVALID -into $tb_obs_pos__est_pos__est_vel__return_group -color #ffff00 -radix hex
## add_wave /apatb_kalman_hw_update_top/CTRL_AWREADY -into $tb_obs_pos__est_pos__est_vel__return_group -color #ffff00 -radix hex
## add_wave /apatb_kalman_hw_update_top/CTRL_AWVALID -into $tb_obs_pos__est_pos__est_vel__return_group -color #ffff00 -radix hex
## add_wave /apatb_kalman_hw_update_top/CTRL_AWADDR -into $tb_obs_pos__est_pos__est_vel__return_group -radix hex
## save_wave_config kalman_hw_update.wcfg
## run all
////////////////////////////////////////////////////////////////////////////////////
// Inter-Transaction Progress: Completed Transaction / Total Transaction
// Intra-Transaction Progress: Measured Latency / Latency Estimation * 100%
//
// RTL Simulation : "Inter-Transaction Progress" ["Intra-Transaction Progress"] @ "Simulation Time"
////////////////////////////////////////////////////////////////////////////////////
// RTL Simulation : 0 / 10 [0.00%] @ "125000"
// RTL Simulation : 1 / 10 [0.00%] @ "1675000"
// RTL Simulation : 2 / 10 [0.00%] @ "3245000"
// RTL Simulation : 3 / 10 [0.00%] @ "4815000"
// RTL Simulation : 4 / 10 [0.00%] @ "6385000"
// RTL Simulation : 5 / 10 [0.00%] @ "7955000"
// RTL Simulation : 6 / 10 [0.00%] @ "9525000"
// RTL Simulation : 7 / 10 [0.00%] @ "11095000"
// RTL Simulation : 8 / 10 [0.00%] @ "12665000"
// RTL Simulation : 9 / 10 [0.00%] @ "14235000"
// RTL Simulation : 10 / 10 [100.00%] @ "15805000"
////////////////////////////////////////////////////////////////////////////////////
$finish called at time : 15845 ns : File "C:/Users/HP/OneDrive/Desktop/BTP_RND/RND/optimization/kalman_final1/kalman/kalman_hls/solution1/sim/verilog/kalman_hw_update.autotb.v" Line 283
## quit
INFO: [Common 17-206] Exiting xsim at Wed May  6 18:39:31 2026...
Step 0 - estimated position: 351.867676
Step 0 - estimated velocity: 5175.781250
Step 1 - estimated position: 1172.680603
Step 1 - estimated velocity: 734.037384
Step 2 - estimated position: 56.872238
Step 2 - estimated velocity: -151.591385
Step 3 - estimated position: 2.331985
Step 3 - estimated velocity: -138.188110
Step 4 - estimated position: 4.731964
Step 4 - estimated velocity: 10.635223
Step 5 - estimated position: 5.683060
Step 5 - estimated velocity: 2.785004
Step 6 - estimated position: 6.334717
Step 6 - estimated velocity: 1.552628
Step 7 - estimated position: 7.149155
Step 7 - estimated velocity: 1.167023
Step 8 - estimated position: 8.055832
Step 8 - estimated velocity: 1.033203
Step 9 - estimated position: 9.015854
Step 9 - estimated velocity: 0.995621

Final Result:
estimated position: 9.015854
estimated velocity: 0.995621
OK
