

================================================================
== Vitis HLS Report for 'estimate'
================================================================
* Date:           Wed Apr 29 02:01:25 2026

* Version:        2020.2 (Build 3064766 on Wed Nov 18 09:12:45 MST 2020)
* Project:        kalman_hls
* Solution:       solution1 (Vivado IP Flow Target)
* Product family: virtexuplus
* Target device:  xcvu11p-flga2577-1-e


================================================================
== Performance Estimates
================================================================
+ Timing: 
    * Summary: 
    +--------+----------+----------+------------+
    |  Clock |  Target  | Estimated| Uncertainty|
    +--------+----------+----------+------------+
    |ap_clk  |  10.00 ns|  6.642 ns|     2.70 ns|
    +--------+----------+----------+------------+

+ Latency: 
    * Summary: 
    +---------+---------+----------+----------+-----+-----+---------+
    |  Latency (cycles) |  Latency (absolute) |  Interval | Pipeline|
    |   min   |   max   |    min   |    max   | min | max |   Type  |
    +---------+---------+----------+----------+-----+-----+---------+
    |       65|      470|  0.650 us|  4.700 us|   65|  470|     none|
    +---------+---------+----------+----------+-----+-----+---------+

    + Detail: 
        * Instance: 
        +--------------------------------------+---------------------------+---------+---------+-----------+----------+-----+-----+---------+
        |                                      |                           |  Latency (cycles) |  Latency (absolute)  |  Interval | Pipeline|
        |               Instance               |           Module          |   min   |   max   |    min    |    max   | min | max |   Type  |
        +--------------------------------------+---------------------------+---------+---------+-----------+----------+-----+-----+---------+
        |grp_destructive_invert_matrix_fu_395  |destructive_invert_matrix  |        1|      206|  10.000 ns|  2.060 us|    1|  206|     none|
        |grp_multiply_matrix_fu_409            |multiply_matrix            |        5|       29|  50.000 ns|  0.290 us|    5|   29|     none|
        +--------------------------------------+---------------------------+---------+---------+-----------+----------+-----+-----+---------+

        * Loop: 
        +-----------------------+---------+---------+----------+-----------+-----------+-------+----------+
        |                       |  Latency (cycles) | Iteration|  Initiation Interval  |  Trip |          |
        |       Loop Name       |   min   |   max   |  Latency |  achieved |   target  | Count | Pipelined|
        +-----------------------+---------+---------+----------+-----------+-----------+-------+----------+
        |- VITIS_LOOP_93_1      |        4|       12|     4 ~ 6|          -|          -|  1 ~ 2|        no|
        | + VITIS_LOOP_95_2     |        2|        4|         2|          -|          -|  1 ~ 2|        no|
        |- VITIS_LOOP_136_1     |        4|       28|    4 ~ 14|          -|          -|  1 ~ 2|        no|
        | + VITIS_LOOP_138_2    |        2|       12|     2 ~ 6|          -|          -|  1 ~ 2|        no|
        |  ++ VITIS_LOOP_141_3  |        2|        4|         2|          -|          -|  1 ~ 2|        no|
        |- VITIS_LOOP_80_1      |        4|       12|     4 ~ 6|          -|          -|  1 ~ 2|        no|
        | + VITIS_LOOP_82_2     |        2|        4|         2|          -|          -|  1 ~ 2|        no|
        |- VITIS_LOOP_80_1      |        4|       12|     4 ~ 6|          -|          -|  1 ~ 2|        no|
        | + VITIS_LOOP_82_2     |        2|        4|         2|          -|          -|  1 ~ 2|        no|
        |- VITIS_LOOP_103_1     |        4|       12|     4 ~ 6|          -|          -|  1 ~ 2|        no|
        | + VITIS_LOOP_105_2    |        2|        4|         2|          -|          -|  1 ~ 2|        no|
        +-----------------------+---------+---------+----------+-----------+-----------+-------+----------+



================================================================
== Utilization Estimates
================================================================
* Summary: 
+---------------------+---------+------+---------+---------+-----+
|         Name        | BRAM_18K|  DSP |    FF   |   LUT   | URAM|
+---------------------+---------+------+---------+---------+-----+
|DSP                  |        -|     -|        -|        -|    -|
|Expression           |        -|     -|        0|      924|    -|
|FIFO                 |        -|     -|        -|        -|    -|
|Instance             |        -|     0|     3549|     4037|    -|
|Memory               |        -|     -|        -|        -|    -|
|Multiplexer          |        -|     -|        -|     1059|    -|
|Register             |        -|     -|      644|        -|    -|
+---------------------+---------+------+---------+---------+-----+
|Total                |        0|     0|     4193|     6020|    0|
+---------------------+---------+------+---------+---------+-----+
|Available SLR        |     1344|  3072|   864000|   432000|  320|
+---------------------+---------+------+---------+---------+-----+
|Utilization SLR (%)  |        0|     0|       ~0|        1|    0|
+---------------------+---------+------+---------+---------+-----+
|Available            |     4032|  9216|  2592000|  1296000|  960|
+---------------------+---------+------+---------+---------+-----+
|Utilization (%)      |        0|     0|       ~0|       ~0|    0|
+---------------------+---------+------+---------+---------+-----+

+ Detail: 
    * Instance: 
    +--------------------------------------+---------------------------+---------+----+------+------+-----+
    |               Instance               |           Module          | BRAM_18K| DSP|  FF  |  LUT | URAM|
    +--------------------------------------+---------------------------+---------+----+------+------+-----+
    |grp_destructive_invert_matrix_fu_395  |destructive_invert_matrix  |        0|   0|  3365|  3642|    0|
    |mul_32s_32s_48_1_1_U41                |mul_32s_32s_48_1_1         |        0|   0|     0|    20|    0|
    |grp_multiply_matrix_fu_409            |multiply_matrix            |        0|   0|   184|   375|    0|
    +--------------------------------------+---------------------------+---------+----+------+------+-----+
    |Total                                 |                           |        0|   0|  3549|  4037|    0|
    +--------------------------------------+---------------------------+---------+----+------+------+-----+

    * DSP: 
    N/A

    * Memory: 
    N/A

    * FIFO: 
    N/A

    * Expression: 
    +-----------------------+----------+----+---+----+------------+------------+
    |     Variable Name     | Operation| DSP| FF| LUT| Bitwidth P0| Bitwidth P1|
    +-----------------------+----------+----+---+----+------------+------------+
    |add_ln103_fu_900_p2    |         +|   0|  0|  39|          32|           1|
    |add_ln105_fu_939_p2    |         +|   0|  0|  39|          32|           1|
    |add_ln1116_fu_651_p2   |         +|   0|  0|  12|           4|           4|
    |add_ln1118_fu_641_p2   |         +|   0|  0|  12|           4|           4|
    |add_ln136_fu_567_p2    |         +|   0|  0|  39|          32|           1|
    |add_ln138_fu_590_p2    |         +|   0|  0|  12|           5|           1|
    |add_ln140_fu_612_p2    |         +|   0|  0|  12|           4|           4|
    |add_ln141_fu_631_p2    |         +|   0|  0|  38|          31|           1|
    |add_ln703_1_fu_893_p2  |         +|   0|  0|  39|          32|          32|
    |add_ln703_2_fu_540_p2  |         +|   0|  0|  12|           4|           4|
    |add_ln703_3_fu_758_p2  |         +|   0|  0|  12|           4|           4|
    |add_ln703_4_fu_872_p2  |         +|   0|  0|  12|           4|           4|
    |add_ln703_5_fu_949_p2  |         +|   0|  0|  12|           4|           4|
    |add_ln703_fu_779_p2    |         +|   0|  0|  39|          32|          32|
    |add_ln80_1_fu_824_p2   |         +|   0|  0|  38|          31|           1|
    |add_ln80_fu_720_p2     |         +|   0|  0|  38|          31|           1|
    |add_ln82_1_fu_862_p2   |         +|   0|  0|  12|           5|           1|
    |add_ln82_fu_748_p2     |         +|   0|  0|  12|           5|           1|
    |add_ln93_fu_482_p2     |         +|   0|  0|  39|          32|           1|
    |add_ln95_fu_530_p2     |         +|   0|  0|  12|           5|           1|
    |empty_35_fu_922_p2     |         +|   0|  0|  12|           4|           4|
    |ret_V_fu_692_p2        |         +|   0|  0|  55|          48|          48|
    |sub_ln703_1_fu_978_p2  |         -|   0|  0|  39|          17|          32|
    |sub_ln703_2_fu_971_p2  |         -|   0|  0|  39|           1|          32|
    |sub_ln703_fu_560_p2    |         -|   0|  0|  39|          32|          32|
    |cmp91_i_fu_524_p2      |      icmp|   0|  0|  20|          32|           1|
    |icmp_ln103_fu_933_p2   |      icmp|   0|  0|  20|          32|          32|
    |icmp_ln105_fu_959_p2   |      icmp|   0|  0|  20|          32|          32|
    |icmp_ln107_fu_965_p2   |      icmp|   0|  0|  20|          32|          32|
    |icmp_ln136_fu_585_p2   |      icmp|   0|  0|  20|          32|          32|
    |icmp_ln138_fu_626_p2   |      icmp|   0|  0|  20|          32|          32|
    |icmp_ln141_fu_665_p2   |      icmp|   0|  0|  20|          32|          32|
    |icmp_ln80_1_fu_846_p2  |      icmp|   0|  0|  20|          32|          32|
    |icmp_ln80_fu_742_p2    |      icmp|   0|  0|  20|          32|          32|
    |icmp_ln82_1_fu_887_p2  |      icmp|   0|  0|  20|          32|          32|
    |icmp_ln82_fu_773_p2    |      icmp|   0|  0|  20|          32|          32|
    |icmp_ln93_fu_500_p2    |      icmp|   0|  0|  20|          32|          32|
    |icmp_ln95_fu_555_p2    |      icmp|   0|  0|  20|          32|          32|
    +-----------------------+----------+----+---+----+------------+------------+
    |Total                  |          |   0|  0| 924|         851|         636|
    +-----------------------+----------+----+---+----+------------+------------+

    * Multiplexer: 
    +---------------------------------------------------------+-----+-----------+-----+-----------+
    |                           Name                          | LUT | Input Size| Bits| Total Bits|
    +---------------------------------------------------------+-----+-----------+-----+-----------+
    |ap_NS_fsm                                                |  127|         27|    1|         27|
    |grp_multiply_matrix_fu_409_a_data_q0                     |   26|          5|   32|        160|
    |grp_multiply_matrix_fu_409_b_data_q0                     |   37|          7|   32|        224|
    |grp_multiply_matrix_fu_409_p_read                        |   26|          5|   32|        160|
    |grp_multiply_matrix_fu_409_p_read1                       |   26|          5|   32|        160|
    |grp_multiply_matrix_fu_409_p_read2                       |   37|          7|   32|        224|
    |hw_filter_big_square_scratch_data_V_address0             |   31|          6|    4|         24|
    |hw_filter_big_square_scratch_data_V_ce0                  |   20|          4|    1|          4|
    |hw_filter_big_square_scratch_data_V_d0                   |   20|          4|   32|        128|
    |hw_filter_big_square_scratch_data_V_we0                  |   14|          3|    1|          3|
    |hw_filter_estimate_covariance_data_V_ce0                 |    9|          2|    1|          2|
    |hw_filter_estimate_covariance_data_V_we0                 |    9|          2|    1|          2|
    |hw_filter_innovation_cols_o                              |    9|          2|   32|         64|
    |hw_filter_innovation_covariance_cols_o                   |    9|          2|   32|         64|
    |hw_filter_innovation_covariance_data_V_address0          |   26|          5|    4|         20|
    |hw_filter_innovation_covariance_data_V_ce0               |   20|          4|    1|          4|
    |hw_filter_innovation_covariance_data_V_ce1               |    9|          2|    1|          2|
    |hw_filter_innovation_covariance_data_V_d0                |   20|          4|   32|        128|
    |hw_filter_innovation_covariance_data_V_we0               |   20|          4|    1|          4|
    |hw_filter_innovation_covariance_data_V_we1               |    9|          2|    1|          2|
    |hw_filter_innovation_covariance_rows_o                   |    9|          2|   32|         64|
    |hw_filter_innovation_data_V_address0                     |   26|          5|    4|         20|
    |hw_filter_innovation_data_V_ce0                          |   20|          4|    1|          4|
    |hw_filter_innovation_data_V_d0                           |   14|          3|   32|         96|
    |hw_filter_innovation_data_V_we0                          |   14|          3|    1|          3|
    |hw_filter_inverse_innovation_covariance_cols_o           |    9|          2|   32|         64|
    |hw_filter_inverse_innovation_covariance_cols_o_ap_vld    |    9|          2|    1|          2|
    |hw_filter_inverse_innovation_covariance_data_V_address0  |   14|          3|    4|         12|
    |hw_filter_inverse_innovation_covariance_data_V_ce0       |   14|          3|    1|          3|
    |hw_filter_inverse_innovation_covariance_data_V_ce1       |    9|          2|    1|          2|
    |hw_filter_inverse_innovation_covariance_data_V_we0       |    9|          2|    1|          2|
    |hw_filter_inverse_innovation_covariance_data_V_we1       |    9|          2|    1|          2|
    |hw_filter_observation_model_data_V_address0              |   20|          4|    4|         16|
    |hw_filter_observation_model_data_V_ce0                   |   20|          4|    1|          4|
    |hw_filter_optimal_gain_cols_o                            |    9|          2|   32|         64|
    |hw_filter_optimal_gain_data_V_address0                   |   14|          3|    4|         12|
    |hw_filter_optimal_gain_data_V_ce0                        |   14|          3|    1|          3|
    |hw_filter_optimal_gain_data_V_we0                        |    9|          2|    1|          2|
    |hw_filter_optimal_gain_rows_o                            |    9|          2|   32|         64|
    |hw_filter_predicted_estimate_covariance_data_V_address0  |   14|          3|    4|         12|
    |hw_filter_predicted_estimate_covariance_data_V_ce0       |   14|          3|    1|          3|
    |hw_filter_predicted_state_data_V_address0                |   14|          3|    4|         12|
    |hw_filter_predicted_state_data_V_ce0                     |   14|          3|    1|          3|
    |hw_filter_state_estimate_data_V_address0                 |   20|          4|    4|         16|
    |hw_filter_state_estimate_data_V_ce0                      |   14|          3|    1|          3|
    |hw_filter_state_estimate_data_V_d0                       |   14|          3|   32|         96|
    |hw_filter_state_estimate_data_V_we0                      |   14|          3|    1|          3|
    |hw_filter_vertical_scratch_cols_o                        |    9|          2|   32|         64|
    |hw_filter_vertical_scratch_data_V_address0               |   26|          5|    4|         20|
    |hw_filter_vertical_scratch_data_V_ce0                    |   20|          4|    1|          4|
    |hw_filter_vertical_scratch_data_V_d0                     |   14|          3|   32|         96|
    |hw_filter_vertical_scratch_rows_o                        |    9|          2|   32|         64|
    |i_10_reg_372                                             |    9|          2|   32|         64|
    |i_7_reg_282                                              |    9|          2|   32|         64|
    |i_8_reg_328                                              |    9|          2|   31|         62|
    |i_9_reg_350                                              |    9|          2|   31|         62|
    |i_reg_260                                                |    9|          2|   32|         64|
    |j_10_reg_384                                             |    9|          2|   32|         64|
    |j_7_reg_293                                              |    9|          2|    5|         10|
    |j_8_reg_339                                              |    9|          2|    5|         10|
    |j_9_reg_361                                              |    9|          2|    5|         10|
    |j_reg_271                                                |    9|          2|    5|         10|
    |k_reg_304                                                |    9|          2|   31|         62|
    |lhs_reg_315                                              |    9|          2|   32|         64|
    +---------------------------------------------------------+-----+-----------+-----+-----------+
    |Total                                                    | 1059|        220|  913|       2787|
    +---------------------------------------------------------+-----+-----------+-----+-----------+

    * Register: 
    +------------------------------------------------------+----+----+-----+-----------+
    |                         Name                         | FF | LUT| Bits| Const Bits|
    +------------------------------------------------------+----+----+-----+-----------+
    |add_ln103_reg_1188                                    |  32|   0|   32|          0|
    |add_ln105_reg_1206                                    |  32|   0|   32|          0|
    |add_ln136_reg_1053                                    |  32|   0|   32|          0|
    |add_ln138_reg_1067                                    |   5|   0|    5|          0|
    |add_ln141_reg_1085                                    |  31|   0|   31|          0|
    |add_ln80_1_reg_1151                                   |  31|   0|   31|          0|
    |add_ln80_reg_1108                                     |  31|   0|   31|          0|
    |add_ln82_1_reg_1170                                   |   5|   0|    5|          0|
    |add_ln82_reg_1121                                     |   5|   0|    5|          0|
    |add_ln93_reg_1012                                     |  32|   0|   32|          0|
    |add_ln95_reg_1035                                     |   5|   0|    5|          0|
    |ap_CS_fsm                                             |  26|   0|   26|          0|
    |cmp91_i_reg_1031                                      |   1|   0|    1|          0|
    |grp_destructive_invert_matrix_fu_395_ap_start_reg     |   1|   0|    1|          0|
    |grp_multiply_matrix_fu_409_ap_start_reg               |   1|   0|    1|          0|
    |hw_filter_big_square_scratch_data_V_addr_2_reg_1211   |   4|   0|    4|          0|
    |hw_filter_big_square_scratch_data_V_addr_reg_1198     |   4|   0|    4|          0|
    |hw_filter_innovation_covariance_data_V_addr_reg_1126  |   4|   0|    4|          0|
    |hw_filter_innovation_data_V_addr_reg_1040             |   4|   0|    4|          0|
    |hw_filter_state_estimate_data_V_addr_reg_1180         |   4|   0|    4|          0|
    |hw_filter_vertical_scratch_data_V_addr_reg_1077       |   4|   0|    4|          0|
    |i_10_reg_372                                          |  32|   0|   32|          0|
    |i_7_reg_282                                           |  32|   0|   32|          0|
    |i_8_reg_328                                           |  31|   0|   31|          0|
    |i_9_reg_350                                           |  31|   0|   31|          0|
    |i_reg_260                                             |  32|   0|   32|          0|
    |icmp_ln107_reg_1219                                   |   1|   0|    1|          0|
    |j_10_reg_384                                          |  32|   0|   32|          0|
    |j_7_reg_293                                           |   5|   0|    5|          0|
    |j_8_reg_339                                           |   5|   0|    5|          0|
    |j_9_reg_361                                           |   5|   0|    5|          0|
    |j_reg_271                                             |   5|   0|    5|          0|
    |k_reg_304                                             |  31|   0|   31|          0|
    |lhs_reg_315                                           |  32|   0|   32|          0|
    |reg_443                                               |  32|   0|   32|          0|
    |reg_448                                               |  32|   0|   32|          0|
    |tmp_11_cast_reg_1058                                  |   2|   0|    4|          2|
    |tmp_12_cast_reg_1113                                  |   2|   0|    4|          2|
    |tmp_13_cast_reg_1072                                  |   2|   0|    4|          2|
    |tmp_14_cast_reg_1156                                  |   2|   0|    4|          2|
    |tmp_15_cast_reg_1193                                  |   2|   0|    4|          2|
    |tmp_cast_reg_1017                                     |   2|   0|    4|          2|
    +------------------------------------------------------+----+----+-----+-----------+
    |Total                                                 | 644|   0|  656|         12|
    +------------------------------------------------------+----+----+-----+-----------+



================================================================
== Interface
================================================================
* Summary: 
+---------------------------------------------------------+-----+-----+------------+------------------------------------------------+--------------+
|                        RTL Ports                        | Dir | Bits|  Protocol  |                  Source Object                 |    C Type    |
+---------------------------------------------------------+-----+-----+------------+------------------------------------------------+--------------+
|ap_clk                                                   |   in|    1|  ap_ctrl_hs|                                        estimate|  return value|
|ap_rst                                                   |   in|    1|  ap_ctrl_hs|                                        estimate|  return value|
|ap_start                                                 |   in|    1|  ap_ctrl_hs|                                        estimate|  return value|
|ap_done                                                  |  out|    1|  ap_ctrl_hs|                                        estimate|  return value|
|ap_idle                                                  |  out|    1|  ap_ctrl_hs|                                        estimate|  return value|
|ap_ready                                                 |  out|    1|  ap_ctrl_hs|                                        estimate|  return value|
|hw_filter_observation_model_rows                         |   in|   32|     ap_none|                hw_filter_observation_model_rows|       pointer|
|hw_filter_observation_model_cols                         |   in|   32|     ap_none|                hw_filter_observation_model_cols|       pointer|
|hw_filter_predicted_state_cols                           |   in|   32|     ap_none|                  hw_filter_predicted_state_cols|       pointer|
|hw_filter_observation_model_data_V_address0              |  out|    4|   ap_memory|              hw_filter_observation_model_data_V|         array|
|hw_filter_observation_model_data_V_ce0                   |  out|    1|   ap_memory|              hw_filter_observation_model_data_V|         array|
|hw_filter_observation_model_data_V_q0                    |   in|   32|   ap_memory|              hw_filter_observation_model_data_V|         array|
|hw_filter_predicted_state_data_V_address0                |  out|    4|   ap_memory|                hw_filter_predicted_state_data_V|         array|
|hw_filter_predicted_state_data_V_ce0                     |  out|    1|   ap_memory|                hw_filter_predicted_state_data_V|         array|
|hw_filter_predicted_state_data_V_q0                      |   in|   32|   ap_memory|                hw_filter_predicted_state_data_V|         array|
|hw_filter_innovation_data_V_address0                     |  out|    4|   ap_memory|                     hw_filter_innovation_data_V|         array|
|hw_filter_innovation_data_V_ce0                          |  out|    1|   ap_memory|                     hw_filter_innovation_data_V|         array|
|hw_filter_innovation_data_V_we0                          |  out|    1|   ap_memory|                     hw_filter_innovation_data_V|         array|
|hw_filter_innovation_data_V_d0                           |  out|   32|   ap_memory|                     hw_filter_innovation_data_V|         array|
|hw_filter_innovation_data_V_q0                           |   in|   32|   ap_memory|                     hw_filter_innovation_data_V|         array|
|hw_filter_observation_rows                               |   in|   32|     ap_none|                      hw_filter_observation_rows|       pointer|
|hw_filter_observation_cols                               |   in|   32|     ap_none|                      hw_filter_observation_cols|       pointer|
|hw_filter_innovation_cols_i                              |   in|   32|     ap_ovld|                       hw_filter_innovation_cols|       pointer|
|hw_filter_innovation_cols_o                              |  out|   32|     ap_ovld|                       hw_filter_innovation_cols|       pointer|
|hw_filter_innovation_cols_o_ap_vld                       |  out|    1|     ap_ovld|                       hw_filter_innovation_cols|       pointer|
|hw_filter_observation_data_V_address0                    |  out|    4|   ap_memory|                    hw_filter_observation_data_V|         array|
|hw_filter_observation_data_V_ce0                         |  out|    1|   ap_memory|                    hw_filter_observation_data_V|         array|
|hw_filter_observation_data_V_q0                          |   in|   32|   ap_memory|                    hw_filter_observation_data_V|         array|
|hw_filter_predicted_estimate_covariance_rows             |   in|   32|     ap_none|    hw_filter_predicted_estimate_covariance_rows|       pointer|
|hw_filter_vertical_scratch_rows_i                        |   in|   32|     ap_ovld|                 hw_filter_vertical_scratch_rows|       pointer|
|hw_filter_vertical_scratch_rows_o                        |  out|   32|     ap_ovld|                 hw_filter_vertical_scratch_rows|       pointer|
|hw_filter_vertical_scratch_rows_o_ap_vld                 |  out|    1|     ap_ovld|                 hw_filter_vertical_scratch_rows|       pointer|
|hw_filter_vertical_scratch_cols_i                        |   in|   32|     ap_ovld|                 hw_filter_vertical_scratch_cols|       pointer|
|hw_filter_vertical_scratch_cols_o                        |  out|   32|     ap_ovld|                 hw_filter_vertical_scratch_cols|       pointer|
|hw_filter_vertical_scratch_cols_o_ap_vld                 |  out|    1|     ap_ovld|                 hw_filter_vertical_scratch_cols|       pointer|
|hw_filter_predicted_estimate_covariance_cols             |   in|   32|     ap_none|    hw_filter_predicted_estimate_covariance_cols|       pointer|
|hw_filter_vertical_scratch_data_V_address0               |  out|    4|   ap_memory|               hw_filter_vertical_scratch_data_V|         array|
|hw_filter_vertical_scratch_data_V_ce0                    |  out|    1|   ap_memory|               hw_filter_vertical_scratch_data_V|         array|
|hw_filter_vertical_scratch_data_V_we0                    |  out|    1|   ap_memory|               hw_filter_vertical_scratch_data_V|         array|
|hw_filter_vertical_scratch_data_V_d0                     |  out|   32|   ap_memory|               hw_filter_vertical_scratch_data_V|         array|
|hw_filter_vertical_scratch_data_V_q0                     |   in|   32|   ap_memory|               hw_filter_vertical_scratch_data_V|         array|
|hw_filter_predicted_estimate_covariance_data_V_address0  |  out|    4|   ap_memory|  hw_filter_predicted_estimate_covariance_data_V|         array|
|hw_filter_predicted_estimate_covariance_data_V_ce0       |  out|    1|   ap_memory|  hw_filter_predicted_estimate_covariance_data_V|         array|
|hw_filter_predicted_estimate_covariance_data_V_q0        |   in|   32|   ap_memory|  hw_filter_predicted_estimate_covariance_data_V|         array|
|hw_filter_innovation_covariance_data_V_address0          |  out|    4|   ap_memory|          hw_filter_innovation_covariance_data_V|         array|
|hw_filter_innovation_covariance_data_V_ce0               |  out|    1|   ap_memory|          hw_filter_innovation_covariance_data_V|         array|
|hw_filter_innovation_covariance_data_V_we0               |  out|    1|   ap_memory|          hw_filter_innovation_covariance_data_V|         array|
|hw_filter_innovation_covariance_data_V_d0                |  out|   32|   ap_memory|          hw_filter_innovation_covariance_data_V|         array|
|hw_filter_innovation_covariance_data_V_q0                |   in|   32|   ap_memory|          hw_filter_innovation_covariance_data_V|         array|
|hw_filter_innovation_covariance_data_V_address1          |  out|    4|   ap_memory|          hw_filter_innovation_covariance_data_V|         array|
|hw_filter_innovation_covariance_data_V_ce1               |  out|    1|   ap_memory|          hw_filter_innovation_covariance_data_V|         array|
|hw_filter_innovation_covariance_data_V_we1               |  out|    1|   ap_memory|          hw_filter_innovation_covariance_data_V|         array|
|hw_filter_innovation_covariance_data_V_d1                |  out|   32|   ap_memory|          hw_filter_innovation_covariance_data_V|         array|
|hw_filter_innovation_covariance_data_V_q1                |   in|   32|   ap_memory|          hw_filter_innovation_covariance_data_V|         array|
|hw_filter_innovation_covariance_rows_i                   |   in|   32|     ap_ovld|            hw_filter_innovation_covariance_rows|       pointer|
|hw_filter_innovation_covariance_rows_o                   |  out|   32|     ap_ovld|            hw_filter_innovation_covariance_rows|       pointer|
|hw_filter_innovation_covariance_rows_o_ap_vld            |  out|    1|     ap_ovld|            hw_filter_innovation_covariance_rows|       pointer|
|hw_filter_innovation_covariance_cols_i                   |   in|   32|     ap_ovld|            hw_filter_innovation_covariance_cols|       pointer|
|hw_filter_innovation_covariance_cols_o                   |  out|   32|     ap_ovld|            hw_filter_innovation_covariance_cols|       pointer|
|hw_filter_innovation_covariance_cols_o_ap_vld            |  out|    1|     ap_ovld|            hw_filter_innovation_covariance_cols|       pointer|
|hw_filter_observation_noise_covariance_data_V_address0   |  out|    4|   ap_memory|   hw_filter_observation_noise_covariance_data_V|         array|
|hw_filter_observation_noise_covariance_data_V_ce0        |  out|    1|   ap_memory|   hw_filter_observation_noise_covariance_data_V|         array|
|hw_filter_observation_noise_covariance_data_V_q0         |   in|   32|   ap_memory|   hw_filter_observation_noise_covariance_data_V|         array|
|hw_filter_inverse_innovation_covariance_cols_i           |   in|   32|     ap_ovld|    hw_filter_inverse_innovation_covariance_cols|       pointer|
|hw_filter_inverse_innovation_covariance_cols_o           |  out|   32|     ap_ovld|    hw_filter_inverse_innovation_covariance_cols|       pointer|
|hw_filter_inverse_innovation_covariance_cols_o_ap_vld    |  out|    1|     ap_ovld|    hw_filter_inverse_innovation_covariance_cols|       pointer|
|hw_filter_inverse_innovation_covariance_data_V_address0  |  out|    4|   ap_memory|  hw_filter_inverse_innovation_covariance_data_V|         array|
|hw_filter_inverse_innovation_covariance_data_V_ce0       |  out|    1|   ap_memory|  hw_filter_inverse_innovation_covariance_data_V|         array|
|hw_filter_inverse_innovation_covariance_data_V_we0       |  out|    1|   ap_memory|  hw_filter_inverse_innovation_covariance_data_V|         array|
|hw_filter_inverse_innovation_covariance_data_V_d0        |  out|   32|   ap_memory|  hw_filter_inverse_innovation_covariance_data_V|         array|
|hw_filter_inverse_innovation_covariance_data_V_q0        |   in|   32|   ap_memory|  hw_filter_inverse_innovation_covariance_data_V|         array|
|hw_filter_inverse_innovation_covariance_data_V_address1  |  out|    4|   ap_memory|  hw_filter_inverse_innovation_covariance_data_V|         array|
|hw_filter_inverse_innovation_covariance_data_V_ce1       |  out|    1|   ap_memory|  hw_filter_inverse_innovation_covariance_data_V|         array|
|hw_filter_inverse_innovation_covariance_data_V_we1       |  out|    1|   ap_memory|  hw_filter_inverse_innovation_covariance_data_V|         array|
|hw_filter_inverse_innovation_covariance_data_V_d1        |  out|   32|   ap_memory|  hw_filter_inverse_innovation_covariance_data_V|         array|
|hw_filter_inverse_innovation_covariance_data_V_q1        |   in|   32|   ap_memory|  hw_filter_inverse_innovation_covariance_data_V|         array|
|hw_filter_optimal_gain_data_V_address0                   |  out|    4|   ap_memory|                   hw_filter_optimal_gain_data_V|         array|
|hw_filter_optimal_gain_data_V_ce0                        |  out|    1|   ap_memory|                   hw_filter_optimal_gain_data_V|         array|
|hw_filter_optimal_gain_data_V_we0                        |  out|    1|   ap_memory|                   hw_filter_optimal_gain_data_V|         array|
|hw_filter_optimal_gain_data_V_d0                         |  out|   32|   ap_memory|                   hw_filter_optimal_gain_data_V|         array|
|hw_filter_optimal_gain_data_V_q0                         |   in|   32|   ap_memory|                   hw_filter_optimal_gain_data_V|         array|
|hw_filter_optimal_gain_rows_i                            |   in|   32|     ap_ovld|                     hw_filter_optimal_gain_rows|       pointer|
|hw_filter_optimal_gain_rows_o                            |  out|   32|     ap_ovld|                     hw_filter_optimal_gain_rows|       pointer|
|hw_filter_optimal_gain_rows_o_ap_vld                     |  out|    1|     ap_ovld|                     hw_filter_optimal_gain_rows|       pointer|
|hw_filter_optimal_gain_cols_i                            |   in|   32|     ap_ovld|                     hw_filter_optimal_gain_cols|       pointer|
|hw_filter_optimal_gain_cols_o                            |  out|   32|     ap_ovld|                     hw_filter_optimal_gain_cols|       pointer|
|hw_filter_optimal_gain_cols_o_ap_vld                     |  out|    1|     ap_ovld|                     hw_filter_optimal_gain_cols|       pointer|
|hw_filter_state_estimate_data_V_address0                 |  out|    4|   ap_memory|                 hw_filter_state_estimate_data_V|         array|
|hw_filter_state_estimate_data_V_ce0                      |  out|    1|   ap_memory|                 hw_filter_state_estimate_data_V|         array|
|hw_filter_state_estimate_data_V_we0                      |  out|    1|   ap_memory|                 hw_filter_state_estimate_data_V|         array|
|hw_filter_state_estimate_data_V_d0                       |  out|   32|   ap_memory|                 hw_filter_state_estimate_data_V|         array|
|hw_filter_state_estimate_data_V_q0                       |   in|   32|   ap_memory|                 hw_filter_state_estimate_data_V|         array|
|hw_filter_state_estimate_cols                            |  out|   32|      ap_vld|                   hw_filter_state_estimate_cols|       pointer|
|hw_filter_state_estimate_cols_ap_vld                     |  out|    1|      ap_vld|                   hw_filter_state_estimate_cols|       pointer|
|hw_filter_big_square_scratch_data_V_address0             |  out|    4|   ap_memory|             hw_filter_big_square_scratch_data_V|         array|
|hw_filter_big_square_scratch_data_V_ce0                  |  out|    1|   ap_memory|             hw_filter_big_square_scratch_data_V|         array|
|hw_filter_big_square_scratch_data_V_we0                  |  out|    1|   ap_memory|             hw_filter_big_square_scratch_data_V|         array|
|hw_filter_big_square_scratch_data_V_d0                   |  out|   32|   ap_memory|             hw_filter_big_square_scratch_data_V|         array|
|hw_filter_big_square_scratch_data_V_q0                   |   in|   32|   ap_memory|             hw_filter_big_square_scratch_data_V|         array|
|hw_filter_estimate_covariance_data_V_address0            |  out|    4|   ap_memory|            hw_filter_estimate_covariance_data_V|         array|
|hw_filter_estimate_covariance_data_V_ce0                 |  out|    1|   ap_memory|            hw_filter_estimate_covariance_data_V|         array|
|hw_filter_estimate_covariance_data_V_we0                 |  out|    1|   ap_memory|            hw_filter_estimate_covariance_data_V|         array|
|hw_filter_estimate_covariance_data_V_d0                  |  out|   32|   ap_memory|            hw_filter_estimate_covariance_data_V|         array|
|hw_filter_estimate_covariance_rows                       |  out|   32|      ap_vld|              hw_filter_estimate_covariance_rows|       pointer|
|hw_filter_estimate_covariance_rows_ap_vld                |  out|    1|      ap_vld|              hw_filter_estimate_covariance_rows|       pointer|
|hw_filter_estimate_covariance_cols                       |  out|   32|      ap_vld|              hw_filter_estimate_covariance_cols|       pointer|
|hw_filter_estimate_covariance_cols_ap_vld                |  out|    1|      ap_vld|              hw_filter_estimate_covariance_cols|       pointer|
+---------------------------------------------------------+-----+-----+------------+------------------------------------------------+--------------+

