

================================================================
== Vitis HLS Report for 'multiply_matrix'
================================================================
* Date:           Wed Apr 29 02:01:23 2026

* Version:        2020.2 (Build 3064766 on Wed Nov 18 09:12:45 MST 2020)
* Project:        kalman_hls
* Solution:       solution1 (Vivado IP Flow Target)
* Product family: virtexuplus
* Target device:  xcvu11p-flga2577-1-e


================================================================
== Performance Estimates
================================================================
+ Timing: 
    * Summary: 
    +--------+----------+----------+------------+
    |  Clock |  Target  | Estimated| Uncertainty|
    +--------+----------+----------+------------+
    |ap_clk  |  10.00 ns|  5.912 ns|     2.70 ns|
    +--------+----------+----------+------------+

+ Latency: 
    * Summary: 
    +---------+---------+-----------+----------+-----+-----+---------+
    |  Latency (cycles) |  Latency (absolute)  |  Interval | Pipeline|
    |   min   |   max   |    min    |    max   | min | max |   Type  |
    +---------+---------+-----------+----------+-----+-----+---------+
    |        5|       29|  50.000 ns|  0.290 us|    5|   29|     none|
    +---------+---------+-----------+----------+-----+-----+---------+

    + Detail: 
        * Instance: 
        N/A

        * Loop: 
        +-----------------------+---------+---------+----------+-----------+-----------+-------+----------+
        |                       |  Latency (cycles) | Iteration|  Initiation Interval  |  Trip |          |
        |       Loop Name       |   min   |   max   |  Latency |  achieved |   target  | Count | Pipelined|
        +-----------------------+---------+---------+----------+-----------+-----------+-------+----------+
        |- VITIS_LOOP_118_1     |        4|       28|    4 ~ 14|          -|          -|  1 ~ 2|        no|
        | + VITIS_LOOP_120_2    |        2|       12|     2 ~ 6|          -|          -|  1 ~ 2|        no|
        |  ++ VITIS_LOOP_123_3  |        2|        4|         2|          -|          -|  1 ~ 2|        no|
        +-----------------------+---------+---------+----------+-----------+-----------+-------+----------+



================================================================
== Utilization Estimates
================================================================
* Summary: 
+---------------------+---------+------+---------+---------+-----+
|         Name        | BRAM_18K|  DSP |    FF   |   LUT   | URAM|
+---------------------+---------+------+---------+---------+-----+
|DSP                  |        -|     -|        -|        -|    -|
|Expression           |        -|     -|        0|      260|    -|
|FIFO                 |        -|     -|        -|        -|    -|
|Instance             |        -|     0|        0|       20|    -|
|Memory               |        -|     -|        -|        -|    -|
|Multiplexer          |        -|     -|        -|       95|    -|
|Register             |        -|     -|      184|        -|    -|
+---------------------+---------+------+---------+---------+-----+
|Total                |        0|     0|      184|      375|    0|
+---------------------+---------+------+---------+---------+-----+
|Available SLR        |     1344|  3072|   864000|   432000|  320|
+---------------------+---------+------+---------+---------+-----+
|Utilization SLR (%)  |        0|     0|       ~0|       ~0|    0|
+---------------------+---------+------+---------+---------+-----+
|Available            |     4032|  9216|  2592000|  1296000|  960|
+---------------------+---------+------+---------+---------+-----+
|Utilization (%)      |        0|     0|       ~0|       ~0|    0|
+---------------------+---------+------+---------+---------+-----+

+ Detail: 
    * Instance: 
    +------------------------+--------------------+---------+----+---+----+-----+
    |        Instance        |       Module       | BRAM_18K| DSP| FF| LUT| URAM|
    +------------------------+--------------------+---------+----+---+----+-----+
    |mul_32s_32s_48_1_1_U23  |mul_32s_32s_48_1_1  |        0|   0|  0|  20|    0|
    +------------------------+--------------------+---------+----+---+----+-----+
    |Total                   |                    |        0|   0|  0|  20|    0|
    +------------------------+--------------------+---------+----+---+----+-----+

    * DSP: 
    N/A

    * Memory: 
    N/A

    * FIFO: 
    N/A

    * Expression: 
    +----------------------+----------+----+---+----+------------+------------+
    |     Variable Name    | Operation| DSP| FF| LUT| Bitwidth P0| Bitwidth P1|
    +----------------------+----------+----+---+----+------------+------------+
    |add_ln1116_fu_240_p2  |         +|   0|  0|  12|           4|           4|
    |add_ln1118_fu_262_p2  |         +|   0|  0|  12|           4|           4|
    |add_ln118_fu_168_p2   |         +|   0|  0|  39|          32|           1|
    |add_ln120_fu_201_p2   |         +|   0|  0|  12|           5|           1|
    |add_ln122_fu_211_p2   |         +|   0|  0|  12|           4|           4|
    |add_ln123_fu_230_p2   |         +|   0|  0|  38|          31|           1|
    |ret_V_fu_303_p2       |         +|   0|  0|  55|          48|          48|
    |cmp91_fu_162_p2       |      icmp|   0|  0|  20|          32|           1|
    |icmp_ln118_fu_186_p2  |      icmp|   0|  0|  20|          32|          32|
    |icmp_ln120_fu_225_p2  |      icmp|   0|  0|  20|          32|          32|
    |icmp_ln123_fu_276_p2  |      icmp|   0|  0|  20|          32|          32|
    +----------------------+----------+----+---+----+------------+------------+
    |Total                 |          |   0|  0| 260|         256|         160|
    +----------------------+----------+----+---+----+------------+------------+

    * Multiplexer: 
    +-----------------+----+-----------+-----+-----------+
    |       Name      | LUT| Input Size| Bits| Total Bits|
    +-----------------+----+-----------+-----+-----------+
    |ap_NS_fsm        |  31|          6|    1|          6|
    |c_data_address0  |  14|          3|    4|         12|
    |c_data_d0        |  14|          3|   32|         96|
    |i_reg_116        |   9|          2|   32|         64|
    |j_reg_127        |   9|          2|    5|         10|
    |k_reg_138        |   9|          2|   31|         62|
    |lhs_reg_149      |   9|          2|   32|         64|
    +-----------------+----+-----------+-----+-----------+
    |Total            |  95|         20|  137|        314|
    +-----------------+----+-----------+-----+-----------+

    * Register: 
    +---------------------+----+----+-----+-----------+
    |         Name        | FF | LUT| Bits| Const Bits|
    +---------------------+----+----+-----+-----------+
    |add_ln118_reg_340    |  32|   0|   32|          0|
    |add_ln120_reg_354    |   5|   0|    5|          0|
    |add_ln123_reg_372    |  31|   0|   31|          0|
    |ap_CS_fsm            |   5|   0|    5|          0|
    |c_data_addr_reg_364  |   4|   0|    4|          0|
    |cmp91_reg_336        |   1|   0|    1|          0|
    |i_reg_116            |  32|   0|   32|          0|
    |j_reg_127            |   5|   0|    5|          0|
    |k_reg_138            |  31|   0|   31|          0|
    |lhs_reg_149          |  32|   0|   32|          0|
    |tmp_cast_reg_345     |   2|   0|    4|          2|
    |trunc_ln122_reg_359  |   4|   0|    4|          0|
    +---------------------+----+----+-----+-----------+
    |Total                | 184|   0|  186|          2|
    +---------------------+----+----+-----+-----------+



================================================================
== Interface
================================================================
* Summary: 
+-----------------+-----+-----+------------+-----------------+--------------+
|    RTL Ports    | Dir | Bits|  Protocol  |  Source Object  |    C Type    |
+-----------------+-----+-----+------------+-----------------+--------------+
|ap_clk           |   in|    1|  ap_ctrl_hs|  multiply_matrix|  return value|
|ap_rst           |   in|    1|  ap_ctrl_hs|  multiply_matrix|  return value|
|ap_start         |   in|    1|  ap_ctrl_hs|  multiply_matrix|  return value|
|ap_done          |  out|    1|  ap_ctrl_hs|  multiply_matrix|  return value|
|ap_idle          |  out|    1|  ap_ctrl_hs|  multiply_matrix|  return value|
|ap_ready         |  out|    1|  ap_ctrl_hs|  multiply_matrix|  return value|
|ap_return_0      |  out|   32|  ap_ctrl_hs|  multiply_matrix|  return value|
|ap_return_1      |  out|   32|  ap_ctrl_hs|  multiply_matrix|  return value|
|p_read           |   in|   32|     ap_none|           p_read|        scalar|
|p_read1          |   in|   32|     ap_none|          p_read1|        scalar|
|a_data_address0  |  out|    4|   ap_memory|           a_data|         array|
|a_data_ce0       |  out|    1|   ap_memory|           a_data|         array|
|a_data_q0        |   in|   32|   ap_memory|           a_data|         array|
|p_read2          |   in|   32|     ap_none|          p_read2|        scalar|
|b_data_address0  |  out|    4|   ap_memory|           b_data|         array|
|b_data_ce0       |  out|    1|   ap_memory|           b_data|         array|
|b_data_q0        |   in|   32|   ap_memory|           b_data|         array|
|c_data_address0  |  out|    4|   ap_memory|           c_data|         array|
|c_data_ce0       |  out|    1|   ap_memory|           c_data|         array|
|c_data_we0       |  out|    1|   ap_memory|           c_data|         array|
|c_data_d0        |  out|   32|   ap_memory|           c_data|         array|
+-----------------+-----+-----+------------+-----------------+--------------+

