

================================================================
== Vitis HLS Report for 'predict'
================================================================
* Date:           Wed Apr 29 02:01:22 2026

* Version:        2020.2 (Build 3064766 on Wed Nov 18 09:12:45 MST 2020)
* Project:        kalman_hls
* Solution:       solution1 (Vivado IP Flow Target)
* Product family: virtexuplus
* Target device:  xcvu11p-flga2577-1-e


================================================================
== Performance Estimates
================================================================
+ Timing: 
    * Summary: 
    +--------+----------+----------+------------+
    |  Clock |  Target  | Estimated| Uncertainty|
    +--------+----------+----------+------------+
    |ap_clk  |  10.00 ns|  5.912 ns|     2.70 ns|
    +--------+----------+----------+------------+

+ Latency: 
    * Summary: 
    +---------+---------+-----------+----------+-----+-----+---------+
    |  Latency (cycles) |  Latency (absolute)  |  Interval | Pipeline|
    |   min   |   max   |    min    |    max   | min | max |   Type  |
    +---------+---------+-----------+----------+-----+-----+---------+
    |        6|      100|  60.000 ns|  1.000 us|    6|  100|     none|
    +---------+---------+-----------+----------+-----+-----+---------+

    + Detail: 
        * Instance: 
        N/A

        * Loop: 
        +-----------------------+---------+---------+----------+-----------+-----------+-------+----------+
        |                       |  Latency (cycles) | Iteration|  Initiation Interval  |  Trip |          |
        |       Loop Name       |   min   |   max   |  Latency |  achieved |   target  | Count | Pipelined|
        +-----------------------+---------+---------+----------+-----------+-----------+-------+----------+
        |- VITIS_LOOP_118_1     |        4|       28|    4 ~ 14|          -|          -|  1 ~ 2|        no|
        | + VITIS_LOOP_120_2    |        2|       12|     2 ~ 6|          -|          -|  1 ~ 2|        no|
        |  ++ VITIS_LOOP_123_3  |        2|        4|         2|          -|          -|  1 ~ 2|        no|
        |- VITIS_LOOP_118_1     |        4|       28|    4 ~ 14|          -|          -|  1 ~ 2|        no|
        | + VITIS_LOOP_120_2    |        2|       12|     2 ~ 6|          -|          -|  1 ~ 2|        no|
        |  ++ VITIS_LOOP_123_3  |        2|        4|         2|          -|          -|  1 ~ 2|        no|
        |- VITIS_LOOP_136_1     |        4|       28|    4 ~ 14|          -|          -|  1 ~ 2|        no|
        | + VITIS_LOOP_138_2    |        2|       12|     2 ~ 6|          -|          -|  1 ~ 2|        no|
        |  ++ VITIS_LOOP_141_3  |        2|        4|         2|          -|          -|  1 ~ 2|        no|
        |- VITIS_LOOP_80_1      |        4|       12|     4 ~ 6|          -|          -|  1 ~ 2|        no|
        | + VITIS_LOOP_82_2     |        2|        4|         2|          -|          -|  1 ~ 2|        no|
        +-----------------------+---------+---------+----------+-----------+-----------+-------+----------+



================================================================
== Utilization Estimates
================================================================
* Summary: 
+---------------------+---------+------+---------+---------+-----+
|         Name        | BRAM_18K|  DSP |    FF   |   LUT   | URAM|
+---------------------+---------+------+---------+---------+-----+
|DSP                  |        -|     -|        -|        -|    -|
|Expression           |        -|     -|        0|      953|    -|
|FIFO                 |        -|     -|        -|        -|    -|
|Instance             |        -|     0|        0|       60|    -|
|Memory               |        -|     -|        -|        -|    -|
|Multiplexer          |        -|     -|        -|      344|    -|
|Register             |        -|     -|      654|        -|    -|
+---------------------+---------+------+---------+---------+-----+
|Total                |        0|     0|      654|     1357|    0|
+---------------------+---------+------+---------+---------+-----+
|Available SLR        |     1344|  3072|   864000|   432000|  320|
+---------------------+---------+------+---------+---------+-----+
|Utilization SLR (%)  |        0|     0|       ~0|       ~0|    0|
+---------------------+---------+------+---------+---------+-----+
|Available            |     4032|  9216|  2592000|  1296000|  960|
+---------------------+---------+------+---------+---------+-----+
|Utilization (%)      |        0|     0|       ~0|       ~0|    0|
+---------------------+---------+------+---------+---------+-----+

+ Detail: 
    * Instance: 
    +-----------------------+--------------------+---------+----+---+----+-----+
    |        Instance       |       Module       | BRAM_18K| DSP| FF| LUT| URAM|
    +-----------------------+--------------------+---------+----+---+----+-----+
    |mul_32s_32s_48_1_1_U4  |mul_32s_32s_48_1_1  |        0|   0|  0|  20|    0|
    |mul_32s_32s_48_1_1_U5  |mul_32s_32s_48_1_1  |        0|   0|  0|  20|    0|
    |mul_32s_32s_48_1_1_U6  |mul_32s_32s_48_1_1  |        0|   0|  0|  20|    0|
    +-----------------------+--------------------+---------+----+---+----+-----+
    |Total                  |                    |        0|   0|  0|  60|    0|
    +-----------------------+--------------------+---------+----+---+----+-----+

    * DSP: 
    N/A

    * Memory: 
    N/A

    * FIFO: 
    N/A

    * Expression: 
    +------------------------+----------+----+---+----+------------+------------+
    |      Variable Name     | Operation| DSP| FF| LUT| Bitwidth P0| Bitwidth P1|
    +------------------------+----------+----+---+----+------------+------------+
    |add_ln1116_1_fu_664_p2  |         +|   0|  0|  12|           4|           4|
    |add_ln1116_2_fu_795_p2  |         +|   0|  0|  12|           4|           4|
    |add_ln1116_fu_518_p2    |         +|   0|  0|  12|           4|           4|
    |add_ln1118_1_fu_654_p2  |         +|   0|  0|  12|           4|           4|
    |add_ln1118_2_fu_805_p2  |         +|   0|  0|  12|           4|           4|
    |add_ln1118_fu_508_p2    |         +|   0|  0|  12|           4|           4|
    |add_ln118_1_fu_575_p2   |         +|   0|  0|  38|          31|           1|
    |add_ln118_fu_430_p2     |         +|   0|  0|  38|          31|           1|
    |add_ln120_1_fu_603_p2   |         +|   0|  0|  12|           5|           1|
    |add_ln120_fu_457_p2     |         +|   0|  0|  12|           5|           1|
    |add_ln122_1_fu_613_p2   |         +|   0|  0|  12|           4|           4|
    |add_ln122_fu_467_p2     |         +|   0|  0|  12|           4|           4|
    |add_ln123_1_fu_632_p2   |         +|   0|  0|  38|          31|           1|
    |add_ln123_fu_486_p2     |         +|   0|  0|  38|          31|           1|
    |add_ln136_fu_721_p2     |         +|   0|  0|  38|          31|           1|
    |add_ln138_fu_744_p2     |         +|   0|  0|  12|           5|           1|
    |add_ln140_fu_754_p2     |         +|   0|  0|  12|           4|           4|
    |add_ln141_fu_785_p2     |         +|   0|  0|  38|          31|           1|
    |add_ln703_1_fu_899_p2   |         +|   0|  0|  12|           4|           4|
    |add_ln703_fu_919_p2     |         +|   0|  0|  39|          32|          32|
    |add_ln80_fu_862_p2      |         +|   0|  0|  38|          31|           1|
    |add_ln82_fu_889_p2      |         +|   0|  0|  12|           5|           1|
    |add_ln86_fu_382_p2      |         +|   0|  0|  39|          32|           1|
    |ret_V_1_fu_705_p2       |         +|   0|  0|  55|          48|          48|
    |ret_V_2_fu_846_p2       |         +|   0|  0|  55|          48|          48|
    |ret_V_fu_559_p2         |         +|   0|  0|  55|          48|          48|
    |cmp53_i2_fu_598_p2      |      icmp|   0|  0|  20|          32|           1|
    |cmp91_i_fu_420_p2       |      icmp|   0|  0|  20|          32|           1|
    |icmp_ln118_1_fu_448_p2  |      icmp|   0|  0|  19|          31|          31|
    |icmp_ln118_2_fu_593_p2  |      icmp|   0|  0|  19|          31|          31|
    |icmp_ln118_fu_410_p2    |      icmp|   0|  0|  20|          32|           1|
    |icmp_ln120_1_fu_627_p2  |      icmp|   0|  0|  20|          32|          32|
    |icmp_ln120_fu_481_p2    |      icmp|   0|  0|  20|          32|          32|
    |icmp_ln123_1_fu_678_p2  |      icmp|   0|  0|  20|          32|          32|
    |icmp_ln123_fu_532_p2    |      icmp|   0|  0|  20|          32|          32|
    |icmp_ln136_fu_739_p2    |      icmp|   0|  0|  19|          31|          31|
    |icmp_ln138_fu_780_p2    |      icmp|   0|  0|  19|          31|          31|
    |icmp_ln141_fu_819_p2    |      icmp|   0|  0|  20|          32|          32|
    |icmp_ln80_fu_884_p2     |      icmp|   0|  0|  20|          32|          32|
    |icmp_ln82_fu_914_p2     |      icmp|   0|  0|  20|          32|          32|
    +------------------------+----------+----+---+----+------------+------------+
    |Total                   |          |   0|  0| 953|         929|         579|
    +------------------------+----------+----+---+----+------------+------------+

    * Multiplexer: 
    +---------------------------------------------------------+----+-----------+-----+-----------+
    |                           Name                          | LUT| Input Size| Bits| Total Bits|
    +---------------------------------------------------------+----+-----------+-----+-----------+
    |ap_NS_fsm                                                |  81|         17|    1|         17|
    |hw_filter_big_square_scratch_data_V_address0             |  20|          4|    4|         16|
    |hw_filter_big_square_scratch_data_V_d0                   |  14|          3|   32|         96|
    |hw_filter_predicted_estimate_covariance_data_V_address0  |  26|          5|    4|         20|
    |hw_filter_predicted_estimate_covariance_data_V_d0        |  20|          4|   32|        128|
    |hw_filter_predicted_state_data_V_address0                |  14|          3|    4|         12|
    |hw_filter_predicted_state_data_V_d0                      |  14|          3|   32|         96|
    |hw_filter_state_transition_data_V_address0               |  20|          4|    4|         16|
    |hw_filter_timestep_o                                     |   9|          2|   32|         64|
    |i_1_reg_254                                              |   9|          2|   31|         62|
    |i_2_reg_300                                              |   9|          2|   31|         62|
    |i_3_reg_346                                              |   9|          2|   31|         62|
    |i_reg_208                                                |   9|          2|   31|         62|
    |j_1_reg_265                                              |   9|          2|    5|         10|
    |j_2_reg_311                                              |   9|          2|    5|         10|
    |j_3_reg_357                                              |   9|          2|    5|         10|
    |j_reg_219                                                |   9|          2|    5|         10|
    |k_1_reg_276                                              |   9|          2|   31|         62|
    |k_2_reg_322                                              |   9|          2|   31|         62|
    |k_reg_230                                                |   9|          2|   31|         62|
    |lhs_2_reg_287                                            |   9|          2|   32|         64|
    |lhs_4_reg_333                                            |   9|          2|   32|         64|
    |lhs_reg_241                                              |   9|          2|   32|         64|
    +---------------------------------------------------------+----+-----------+-----+-----------+
    |Total                                                    | 344|         73|  478|       1131|
    +---------------------------------------------------------+----+-----------+-----+-----------+

    * Register: 
    +----------------------------------------------------------------+----+----+-----+-----------+
    |                              Name                              | FF | LUT| Bits| Const Bits|
    +----------------------------------------------------------------+----+----+-----+-----------+
    |add_ln118_1_reg_1009                                            |  31|   0|   31|          0|
    |add_ln118_reg_951                                               |  31|   0|   31|          0|
    |add_ln120_1_reg_1027                                            |   5|   0|    5|          0|
    |add_ln120_reg_968                                               |   5|   0|    5|          0|
    |add_ln123_1_reg_1045                                            |  31|   0|   31|          0|
    |add_ln123_reg_986                                               |  31|   0|   31|          0|
    |add_ln136_reg_1068                                              |  31|   0|   31|          0|
    |add_ln138_reg_1082                                              |   5|   0|    5|          0|
    |add_ln141_reg_1100                                              |  31|   0|   31|          0|
    |add_ln80_reg_1123                                               |  31|   0|   31|          0|
    |add_ln82_reg_1136                                               |   5|   0|    5|          0|
    |ap_CS_fsm                                                       |  16|   0|   16|          0|
    |cmp53_i2_reg_1023                                               |   1|   0|    1|          0|
    |cmp91_i_reg_939                                                 |   1|   0|    1|          0|
    |hw_filter_big_square_scratch_data_V_addr_reg_1037               |   4|   0|    4|          0|
    |hw_filter_predicted_estimate_covariance_data_V_addr_1_reg_1141  |   4|   0|    4|          0|
    |hw_filter_predicted_estimate_covariance_data_V_addr_reg_1087    |   4|   0|    4|          0|
    |hw_filter_predicted_state_data_V_addr_reg_978                   |   4|   0|    4|          0|
    |i_1_reg_254                                                     |  31|   0|   31|          0|
    |i_2_reg_300                                                     |  31|   0|   31|          0|
    |i_3_reg_346                                                     |  31|   0|   31|          0|
    |i_reg_208                                                       |  31|   0|   31|          0|
    |icmp_ln118_reg_932                                              |   1|   0|    1|          0|
    |j_1_reg_265                                                     |   5|   0|    5|          0|
    |j_2_reg_311                                                     |   5|   0|    5|          0|
    |j_3_reg_357                                                     |   5|   0|    5|          0|
    |j_reg_219                                                       |   5|   0|    5|          0|
    |k_1_reg_276                                                     |  31|   0|   31|          0|
    |k_2_reg_322                                                     |  31|   0|   31|          0|
    |k_reg_230                                                       |  31|   0|   31|          0|
    |lhs_2_reg_287                                                   |  32|   0|   32|          0|
    |lhs_4_reg_333                                                   |  32|   0|   32|          0|
    |lhs_reg_241                                                     |  32|   0|   32|          0|
    |tmp_1_cast_reg_1014                                             |   2|   0|    4|          2|
    |tmp_2_cast_reg_1073                                             |   2|   0|    4|          2|
    |tmp_4_cast_reg_1092                                             |   2|   0|    4|          2|
    |tmp_5_cast_reg_1128                                             |   2|   0|    4|          2|
    |tmp_cast_reg_956                                                |   2|   0|    4|          2|
    |trunc_ln118_reg_943                                             |  31|   0|   31|          0|
    |trunc_ln122_2_reg_973                                           |   4|   0|    4|          0|
    |trunc_ln122_3_reg_1032                                          |   4|   0|    4|          0|
    +----------------------------------------------------------------+----+----+-----+-----------+
    |Total                                                           | 654|   0|  664|         10|
    +----------------------------------------------------------------+----+----+-----+-----------+



================================================================
== Interface
================================================================
* Summary: 
+---------------------------------------------------------+-----+-----+------------+------------------------------------------------+--------------+
|                        RTL Ports                        | Dir | Bits|  Protocol  |                  Source Object                 |    C Type    |
+---------------------------------------------------------+-----+-----+------------+------------------------------------------------+--------------+
|ap_clk                                                   |   in|    1|  ap_ctrl_hs|                                         predict|  return value|
|ap_rst                                                   |   in|    1|  ap_ctrl_hs|                                         predict|  return value|
|ap_start                                                 |   in|    1|  ap_ctrl_hs|                                         predict|  return value|
|ap_done                                                  |  out|    1|  ap_ctrl_hs|                                         predict|  return value|
|ap_idle                                                  |  out|    1|  ap_ctrl_hs|                                         predict|  return value|
|ap_ready                                                 |  out|    1|  ap_ctrl_hs|                                         predict|  return value|
|hw_filter_timestep_i                                     |   in|   32|     ap_ovld|                              hw_filter_timestep|       pointer|
|hw_filter_timestep_o                                     |  out|   32|     ap_ovld|                              hw_filter_timestep|       pointer|
|hw_filter_timestep_o_ap_vld                              |  out|    1|     ap_ovld|                              hw_filter_timestep|       pointer|
|hw_filter_state_transition_rows                          |   in|   32|     ap_none|                 hw_filter_state_transition_rows|       pointer|
|hw_filter_state_estimate_cols                            |   in|   32|     ap_none|                   hw_filter_state_estimate_cols|       pointer|
|hw_filter_predicted_state_cols                           |  out|   32|      ap_vld|                  hw_filter_predicted_state_cols|       pointer|
|hw_filter_predicted_state_cols_ap_vld                    |  out|    1|      ap_vld|                  hw_filter_predicted_state_cols|       pointer|
|hw_filter_predicted_estimate_covariance_rows             |  out|   32|      ap_vld|    hw_filter_predicted_estimate_covariance_rows|       pointer|
|hw_filter_predicted_estimate_covariance_rows_ap_vld      |  out|    1|      ap_vld|    hw_filter_predicted_estimate_covariance_rows|       pointer|
|hw_filter_predicted_estimate_covariance_cols             |  out|   32|      ap_vld|    hw_filter_predicted_estimate_covariance_cols|       pointer|
|hw_filter_predicted_estimate_covariance_cols_ap_vld      |  out|    1|      ap_vld|    hw_filter_predicted_estimate_covariance_cols|       pointer|
|hw_filter_state_transition_cols                          |   in|   32|     ap_none|                 hw_filter_state_transition_cols|       pointer|
|hw_filter_predicted_state_data_V_address0                |  out|    4|   ap_memory|                hw_filter_predicted_state_data_V|         array|
|hw_filter_predicted_state_data_V_ce0                     |  out|    1|   ap_memory|                hw_filter_predicted_state_data_V|         array|
|hw_filter_predicted_state_data_V_we0                     |  out|    1|   ap_memory|                hw_filter_predicted_state_data_V|         array|
|hw_filter_predicted_state_data_V_d0                      |  out|   32|   ap_memory|                hw_filter_predicted_state_data_V|         array|
|hw_filter_state_transition_data_V_address0               |  out|    4|   ap_memory|               hw_filter_state_transition_data_V|         array|
|hw_filter_state_transition_data_V_ce0                    |  out|    1|   ap_memory|               hw_filter_state_transition_data_V|         array|
|hw_filter_state_transition_data_V_q0                     |   in|   32|   ap_memory|               hw_filter_state_transition_data_V|         array|
|hw_filter_state_estimate_data_V_address0                 |  out|    4|   ap_memory|                 hw_filter_state_estimate_data_V|         array|
|hw_filter_state_estimate_data_V_ce0                      |  out|    1|   ap_memory|                 hw_filter_state_estimate_data_V|         array|
|hw_filter_state_estimate_data_V_q0                       |   in|   32|   ap_memory|                 hw_filter_state_estimate_data_V|         array|
|hw_filter_estimate_covariance_cols                       |   in|   32|     ap_none|              hw_filter_estimate_covariance_cols|       pointer|
|hw_filter_big_square_scratch_data_V_address0             |  out|    4|   ap_memory|             hw_filter_big_square_scratch_data_V|         array|
|hw_filter_big_square_scratch_data_V_ce0                  |  out|    1|   ap_memory|             hw_filter_big_square_scratch_data_V|         array|
|hw_filter_big_square_scratch_data_V_we0                  |  out|    1|   ap_memory|             hw_filter_big_square_scratch_data_V|         array|
|hw_filter_big_square_scratch_data_V_d0                   |  out|   32|   ap_memory|             hw_filter_big_square_scratch_data_V|         array|
|hw_filter_big_square_scratch_data_V_q0                   |   in|   32|   ap_memory|             hw_filter_big_square_scratch_data_V|         array|
|hw_filter_estimate_covariance_data_V_address0            |  out|    4|   ap_memory|            hw_filter_estimate_covariance_data_V|         array|
|hw_filter_estimate_covariance_data_V_ce0                 |  out|    1|   ap_memory|            hw_filter_estimate_covariance_data_V|         array|
|hw_filter_estimate_covariance_data_V_q0                  |   in|   32|   ap_memory|            hw_filter_estimate_covariance_data_V|         array|
|hw_filter_predicted_estimate_covariance_data_V_address0  |  out|    4|   ap_memory|  hw_filter_predicted_estimate_covariance_data_V|         array|
|hw_filter_predicted_estimate_covariance_data_V_ce0       |  out|    1|   ap_memory|  hw_filter_predicted_estimate_covariance_data_V|         array|
|hw_filter_predicted_estimate_covariance_data_V_we0       |  out|    1|   ap_memory|  hw_filter_predicted_estimate_covariance_data_V|         array|
|hw_filter_predicted_estimate_covariance_data_V_d0        |  out|   32|   ap_memory|  hw_filter_predicted_estimate_covariance_data_V|         array|
|hw_filter_predicted_estimate_covariance_data_V_q0        |   in|   32|   ap_memory|  hw_filter_predicted_estimate_covariance_data_V|         array|
|hw_filter_process_noise_covariance_data_V_address0       |  out|    4|   ap_memory|       hw_filter_process_noise_covariance_data_V|         array|
|hw_filter_process_noise_covariance_data_V_ce0            |  out|    1|   ap_memory|       hw_filter_process_noise_covariance_data_V|         array|
|hw_filter_process_noise_covariance_data_V_q0             |   in|   32|   ap_memory|       hw_filter_process_noise_covariance_data_V|         array|
+---------------------------------------------------------+-----+-----+------------+------------------------------------------------+--------------+

